#
# There is insufficient memory for the Java Runtime Environment to continue.
# Native memory allocation (mmap) failed to map 92274688 bytes for G1 virtual space
# Possible reasons:
#   The system is out of physical RAM or swap space
#   The process is running with CompressedOops enabled, and the Java Heap may be blocking the growth of the native heap
# Possible solutions:
#   Reduce memory load on the system
#   Increase physical memory or swap space
#   Check if swap backing store is full
#   Decrease Java heap size (-Xmx/-Xms)
#   Decrease number of Java threads
#   Decrease Java thread stack sizes (-Xss)
#   Set larger code cache with -XX:ReservedCodeCacheSize=
#   JVM is running with Zero Based Compressed Oops mode in which the Java heap is
#     placed in the first 32GB address space. The Java Heap base address is the
#     maximum limit for the native heap growth. Please use -XX:HeapBaseMinAddress
#     to set the Java Heap base and to place the Java Heap above 32GB virtual address.
# This output file may be truncated or incomplete.
#
#  Out of Memory Error (os_windows.cpp:3825), pid=3408, tid=6528
#
# JRE version: OpenJDK Runtime Environment JBR-17.0.9+7-1087.7-jcef (17.0.9+7) (build 17.0.9+7-b1087.7)
# Java VM: OpenJDK 64-Bit Server VM JBR-17.0.9+7-1087.7-jcef (17.0.9+7-b1087.7, mixed mode, tiered, compressed oops, compressed class ptrs, g1 gc, windows-amd64)
# No core dump will be written. Minidumps are not enabled by default on client versions of Windows
#

---------------  S U M M A R Y ------------

Command Line: org.jetbrains.kotlin.cli.jvm.K2JVMCompiler @C:\Users\Admin\old\gostadz2\gostadz2\app\build\20231214_3335289405008511375.compiler.options

Host: 11th Gen Intel(R) Core(TM) i5-11300H @ 3.10GHz, 8 cores, 23G,  Windows 11 , 64 bit Build 22621 (10.0.22621.963)
Time: Thu Dec 14 20:33:42 2023 SE Asia Standard Time elapsed time: 24.016342 seconds (0d 0h 0m 24s)

---------------  T H R E A D  ---------------

Current thread (0x000001eedfcf8a80):  VMThread "VM Thread" [stack: 0x000000b257800000,0x000000b257900000] [id=6528]

Stack: [0x000000b257800000,0x000000b257900000]
Native frames: (J=compiled Java code, j=interpreted, Vv=VM code, C=native code)
V  [jvm.dll+0x6886e9]  os::platform_print_native_stack+0xd9  (os_windows_x86.cpp:235)
V  [jvm.dll+0x841e4a]  VMError::report+0xc6a  (vmError.cpp:855)
V  [jvm.dll+0x843a8e]  VMError::report_and_die+0x78e  (vmError.cpp:1749)
V  [jvm.dll+0x8440f3]  VMError::report_and_die+0x43  (vmError.cpp:1535)
V  [jvm.dll+0x24c14f]  report_vm_out_of_memory+0x8f  (debug.cpp:321)
V  [jvm.dll+0x685499]  os::pd_commit_memory_or_exit+0xc9  (os_windows.cpp:3833)
V  [jvm.dll+0x679c2a]  os::commit_memory_or_exit+0x2a  (os.cpp:1739)
V  [jvm.dll+0x30cf9b]  G1PageBasedVirtualSpace::commit+0x19b  (g1PageBasedVirtualSpace.cpp:204)
V  [jvm.dll+0x314446]  G1RegionsLargerThanCommitSizeMapper::commit_regions+0x96  (g1RegionToSpaceMapper.cpp:100)
V  [jvm.dll+0x36425e]  HeapRegionManager::expand_any+0xee  (heapRegionManager.cpp:363)
V  [jvm.dll+0x36448f]  HeapRegionManager::expand_by+0x7f  (heapRegionManager.cpp:380)
V  [jvm.dll+0x2e2d68]  G1CollectedHeap::expand+0xb8  (g1CollectedHeap.cpp:1298)
V  [jvm.dll+0x2e0f44]  G1CollectedHeap::do_collection_pause_at_safepoint_helper+0x9e4  (g1CollectedHeap.cpp:3049)
V  [jvm.dll+0x2e054c]  G1CollectedHeap::do_collection_pause_at_safepoint+0x5c  (g1CollectedHeap.cpp:2912)
V  [jvm.dll+0x3253fb]  VM_G1CollectForAllocation::doit+0x6b  (g1VMOperations.cpp:146)
V  [jvm.dll+0x8487eb]  VM_Operation::evaluate+0xfb  (vmOperations.cpp:73)
V  [jvm.dll+0x849531]  VMThread::evaluate_operation+0xe1  (vmThread.cpp:270)
V  [jvm.dll+0x849a4d]  VMThread::inner_execute+0x1ad  (vmThread.cpp:418)
V  [jvm.dll+0x849e24]  VMThread::loop+0x254  (vmThread.cpp:482)
V  [jvm.dll+0x849ef0]  VMThread::run+0x70  (vmThread.cpp:167)
V  [jvm.dll+0x7f06aa]  Thread::call_run+0x8a  (thread.cpp:405)
V  [jvm.dll+0x687565]  thread_native_entry+0x75  (os_windows.cpp:550)
C  [ucrtbase.dll+0x29363]
C  [KERNEL32.DLL+0x126bd]
C  [ntdll.dll+0x5dfb8]

VM_Operation (0x000000b2572fd270): G1CollectForAllocation, mode: safepoint, requested by thread 0x000001eebc283700


---------------  P R O C E S S  ---------------

Threads class SMR info:
_java_thread_list=0x000001eee0ba95b0, length=14, elements={
0x000001eebc283700, 0x000001eedfcfe550, 0x000001eedfeb2220, 0x000001eedff00700,
0x000001eedff010d0, 0x000001eedff024a0, 0x000001eedfef8770, 0x000001eedfef9370,
0x000001eedfefb9d0, 0x000001eedff138d0, 0x000001eee0089b80, 0x000001eee009f200,
0x000001eee0096f90, 0x000001eee50d5c10
}

Java Threads: ( => current thread )
  0x000001eebc283700 JavaThread "main" [_thread_blocked, id=17896, stack(0x000000b257200000,0x000000b257300000)]
  0x000001eedfcfe550 JavaThread "Reference Handler" daemon [_thread_blocked, id=7604, stack(0x000000b257900000,0x000000b257a00000)]
  0x000001eedfeb2220 JavaThread "Finalizer" daemon [_thread_blocked, id=5596, stack(0x000000b257a00000,0x000000b257b00000)]
  0x000001eedff00700 JavaThread "Signal Dispatcher" daemon [_thread_blocked, id=10792, stack(0x000000b257b00000,0x000000b257c00000)]
  0x000001eedff010d0 JavaThread "Attach Listener" daemon [_thread_blocked, id=6992, stack(0x000000b257c00000,0x000000b257d00000)]
  0x000001eedff024a0 JavaThread "Service Thread" daemon [_thread_blocked, id=2428, stack(0x000000b257d00000,0x000000b257e00000)]
  0x000001eedfef8770 JavaThread "Monitor Deflation Thread" daemon [_thread_blocked, id=17504, stack(0x000000b257e00000,0x000000b257f00000)]
  0x000001eedfef9370 JavaThread "C2 CompilerThread0" daemon [_thread_blocked, id=15608, stack(0x000000b257f00000,0x000000b258000000)]
  0x000001eedfefb9d0 JavaThread "C1 CompilerThread0" daemon [_thread_blocked, id=10608, stack(0x000000b258000000,0x000000b258100000)]
  0x000001eedff138d0 JavaThread "Sweeper thread" daemon [_thread_blocked, id=13076, stack(0x000000b258100000,0x000000b258200000)]
  0x000001eee0089b80 JavaThread "Notification Thread" daemon [_thread_blocked, id=3448, stack(0x000000b258200000,0x000000b258300000)]
  0x000001eee009f200 JavaThread "Common-Cleaner" daemon [_thread_blocked, id=8400, stack(0x000000b258400000,0x000000b258500000)]
  0x000001eee0096f90 JavaThread "C2 CompilerThread1" daemon [_thread_blocked, id=8388, stack(0x000000b258500000,0x000000b258600000)]
  0x000001eee50d5c10 JavaThread "C2 CompilerThread2" daemon [_thread_blocked, id=4688, stack(0x000000b258e00000,0x000000b258f00000)]

Other Threads:
=>0x000001eedfcf8a80 VMThread "VM Thread" [stack: 0x000000b257800000,0x000000b257900000] [id=6528]
  0x000001eee008f4a0 WatcherThread [stack: 0x000000b258300000,0x000000b258400000] [id=10476]
  0x000001eebc30e530 GCTaskThread "GC Thread#0" [stack: 0x000000b257300000,0x000000b257400000] [id=3372]
  0x000001eee0777030 GCTaskThread "GC Thread#1" [stack: 0x000000b258600000,0x000000b258700000] [id=7212]
  0x000001eee06f9df0 GCTaskThread "GC Thread#2" [stack: 0x000000b258700000,0x000000b258800000] [id=6804]
  0x000001eee06fa0b0 GCTaskThread "GC Thread#3" [stack: 0x000000b258800000,0x000000b258900000] [id=9856]
  0x000001eee077d320 GCTaskThread "GC Thread#4" [stack: 0x000000b258900000,0x000000b258a00000] [id=10768]
  0x000001eee077d5e0 GCTaskThread "GC Thread#5" [stack: 0x000000b258a00000,0x000000b258b00000] [id=10808]
  0x000001eee077d8a0 GCTaskThread "GC Thread#6" [stack: 0x000000b258b00000,0x000000b258c00000] [id=7712]
  0x000001eee077db60 GCTaskThread "GC Thread#7" [stack: 0x000000b258c00000,0x000000b258d00000] [id=13432]
  0x000001eebc31b430 ConcurrentGCThread "G1 Main Marker" [stack: 0x000000b257400000,0x000000b257500000] [id=12584]
  0x000001eebc31be50 ConcurrentGCThread "G1 Conc#0" [stack: 0x000000b257500000,0x000000b257600000] [id=18356]
  0x000001eee55d7ea0 ConcurrentGCThread "G1 Conc#1" [stack: 0x000000b258d00000,0x000000b258e00000] [id=4044]
  0x000001eedfbced50 ConcurrentGCThread "G1 Refine#0" [stack: 0x000000b257600000,0x000000b257700000] [id=15996]
  0x000001eee5ba2850 ConcurrentGCThread "G1 Refine#1" [stack: 0x000000b258f00000,0x000000b259000000] [id=13584]
  0x000001eee546c050 ConcurrentGCThread "G1 Refine#2" [stack: 0x000000b259000000,0x000000b259100000] [id=11460]
  0x000001eee546c750 ConcurrentGCThread "G1 Refine#3" [stack: 0x000000b259100000,0x000000b259200000] [id=14028]
  0x000001eee546ca40 ConcurrentGCThread "G1 Refine#4" [stack: 0x000000b259200000,0x000000b259300000] [id=10868]
  0x000001eedfbd0630 ConcurrentGCThread "G1 Service" [stack: 0x000000b257700000,0x000000b257800000] [id=14464]

Threads with active compile tasks:
C2 CompilerThread0    24083 20914       4       org.jetbrains.kotlin.backend.jvm.lower.ResolveInlineCalls::visitCall (274 bytes)
C1 CompilerThread0    24083 20959       3       org.jetbrains.kotlin.backend.jvm.lower.BytecodeInliningPreparationLowering$lower$1::visitBody (8 bytes)
C2 CompilerThread1    24083 20946       4       org.jetbrains.kotlin.backend.jvm.lower.BytecodeInliningPreparationLowering$lower$1::visitElement (13 bytes)
C2 CompilerThread2    24083 20932       4       org.jetbrains.kotlin.backend.jvm.lower.BytecodeInliningPreparationLowering$lower$1::visitElement (65 bytes)

VM state: at safepoint (normal execution)

VM Mutex/Monitor currently owned by a thread:  ([mutex/lock_event])
[0x000001eebc280870] Threads_lock - owner thread: 0x000001eedfcf8a80
[0x000001eebc27ff70] Heap_lock - owner thread: 0x000001eebc283700

Heap address: 0x0000000683400000, size: 6092 MB, Compressed Oops mode: Zero based, Oop shift amount: 3

CDS archive(s) not mapped
Compressed class space mapped at: 0x0000000800000000-0x0000000840000000, reserved size: 1073741824
Narrow klass base: 0x0000000800000000, Narrow klass shift: 0, Narrow klass range: 0x40000000

GC Precious Log:
 CPUs: 8 total, 8 available
 Memory: 24359M
 Large Page Support: Disabled
 NUMA Support: Disabled
 Compressed Oops: Enabled (Zero based)
 Heap Region Size: 4M
 Heap Min Capacity: 8M
 Heap Initial Capacity: 384M
 Heap Max Capacity: 6092M
 Pre-touch: Disabled
 Parallel Workers: 8
 Concurrent Workers: 2
 Concurrent Refinement Workers: 8
 Periodic GC: Disabled

Heap:
 garbage-first heap   total 303104K, used 168168K [0x0000000683400000, 0x0000000800000000)
  region size 4096K, 1 young (4096K), 1 survivors (4096K)
 Metaspace       used 88135K, committed 88576K, reserved 1179648K
  class space    used 9346K, committed 9536K, reserved 1048576K

Heap Regions: E=young(eden), S=young(survivor), O=old, HS=humongous(starts), HC=humongous(continues), CS=collection set, F=free, OA=open archive, CA=closed archive, TAMS=top-at-mark-start (previous, next)
|   0|0x0000000683400000, 0x0000000683800000, 0x0000000683800000|100%|HS|  |TAMS 0x0000000683800000, 0x0000000683800000| Complete 
|   1|0x0000000683800000, 0x0000000683800000, 0x0000000683c00000|  0%| F|  |TAMS 0x0000000683800000, 0x0000000683800000| Untracked 
|   2|0x0000000683c00000, 0x0000000684000000, 0x0000000684000000|100%|HS|  |TAMS 0x0000000684000000, 0x0000000684000000| Complete 
|   3|0x0000000684000000, 0x0000000684400000, 0x0000000684400000|100%| O|  |TAMS 0x0000000684400000, 0x0000000684400000| Untracked 
|   4|0x0000000684400000, 0x0000000684800000, 0x0000000684800000|100%| O|  |TAMS 0x0000000684800000, 0x0000000684800000| Untracked 
|   5|0x0000000684800000, 0x0000000684800000, 0x0000000684c00000|  0%| F|  |TAMS 0x0000000684800000, 0x0000000684800000| Untracked 
|   6|0x0000000684c00000, 0x0000000685000000, 0x0000000685000000|100%| O|  |TAMS 0x0000000685000000, 0x0000000685000000| Untracked 
|   7|0x0000000685000000, 0x0000000685400000, 0x0000000685400000|100%| O|  |TAMS 0x0000000685400000, 0x0000000685400000| Untracked 
|   8|0x0000000685400000, 0x0000000685800000, 0x0000000685800000|100%| O|  |TAMS 0x0000000685800000, 0x0000000685800000| Untracked 
|   9|0x0000000685800000, 0x0000000685c00000, 0x0000000685c00000|100%| O|  |TAMS 0x0000000685c00000, 0x0000000685c00000| Untracked 
|  10|0x0000000685c00000, 0x0000000686000000, 0x0000000686000000|100%| O|  |TAMS 0x0000000686000000, 0x0000000686000000| Untracked 
|  11|0x0000000686000000, 0x0000000686400000, 0x0000000686400000|100%| O|  |TAMS 0x0000000686400000, 0x0000000686400000| Untracked 
|  12|0x0000000686400000, 0x0000000686800000, 0x0000000686800000|100%| O|  |TAMS 0x0000000686800000, 0x0000000686800000| Untracked 
|  13|0x0000000686800000, 0x0000000686c00000, 0x0000000686c00000|100%| O|  |TAMS 0x0000000686c00000, 0x0000000686c00000| Untracked 
|  14|0x0000000686c00000, 0x0000000687000000, 0x0000000687000000|100%| O|  |TAMS 0x0000000687000000, 0x0000000687000000| Untracked 
|  15|0x0000000687000000, 0x0000000687400000, 0x0000000687400000|100%| O|  |TAMS 0x0000000687400000, 0x0000000687400000| Untracked 
|  16|0x0000000687400000, 0x0000000687800000, 0x0000000687800000|100%| O|  |TAMS 0x0000000687800000, 0x0000000687800000| Untracked 
|  17|0x0000000687800000, 0x0000000687c00000, 0x0000000687c00000|100%| O|  |TAMS 0x0000000687c00000, 0x0000000687c00000| Untracked 
|  18|0x0000000687c00000, 0x0000000688000000, 0x0000000688000000|100%| O|  |TAMS 0x0000000688000000, 0x0000000688000000| Untracked 
|  19|0x0000000688000000, 0x0000000688400000, 0x0000000688400000|100%| O|  |TAMS 0x0000000688400000, 0x0000000688400000| Untracked 
|  20|0x0000000688400000, 0x0000000688800000, 0x0000000688800000|100%| O|  |TAMS 0x0000000688800000, 0x0000000688800000| Untracked 
|  21|0x0000000688800000, 0x0000000688c00000, 0x0000000688c00000|100%| O|  |TAMS 0x0000000688c00000, 0x0000000688c00000| Untracked 
|  22|0x0000000688c00000, 0x0000000688c00000, 0x0000000689000000|  0%| F|  |TAMS 0x0000000688c00000, 0x0000000688c00000| Untracked 
|  23|0x0000000689000000, 0x0000000689400000, 0x0000000689400000|100%| O|  |TAMS 0x0000000689400000, 0x0000000689400000| Untracked 
|  24|0x0000000689400000, 0x0000000689800000, 0x0000000689800000|100%| O|  |TAMS 0x0000000689800000, 0x0000000689800000| Untracked 
|  25|0x0000000689800000, 0x0000000689c00000, 0x0000000689c00000|100%| O|  |TAMS 0x0000000689c00000, 0x0000000689c00000| Untracked 
|  26|0x0000000689c00000, 0x000000068a000000, 0x000000068a000000|100%| O|  |TAMS 0x000000068a000000, 0x000000068a000000| Untracked 
|  27|0x000000068a000000, 0x000000068a400000, 0x000000068a400000|100%| O|  |TAMS 0x000000068a400000, 0x000000068a400000| Untracked 
|  28|0x000000068a400000, 0x000000068a800000, 0x000000068a800000|100%| O|  |TAMS 0x000000068a800000, 0x000000068a800000| Untracked 
|  29|0x000000068a800000, 0x000000068ac00000, 0x000000068ac00000|100%| O|  |TAMS 0x000000068ac00000, 0x000000068ac00000| Untracked 
|  30|0x000000068ac00000, 0x000000068b000000, 0x000000068b000000|100%| O|  |TAMS 0x000000068b000000, 0x000000068b000000| Untracked 
|  31|0x000000068b000000, 0x000000068b400000, 0x000000068b400000|100%| O|  |TAMS 0x000000068b400000, 0x000000068b400000| Untracked 
|  32|0x000000068b400000, 0x000000068b800000, 0x000000068b800000|100%| O|  |TAMS 0x000000068b800000, 0x000000068b800000| Untracked 
|  33|0x000000068b800000, 0x000000068bc00000, 0x000000068bc00000|100%| O|  |TAMS 0x000000068bc00000, 0x000000068bc00000| Untracked 
|  34|0x000000068bc00000, 0x000000068c000000, 0x000000068c000000|100%| O|  |TAMS 0x000000068c000000, 0x000000068c000000| Untracked 
|  35|0x000000068c000000, 0x000000068c400000, 0x000000068c400000|100%| O|  |TAMS 0x000000068c400000, 0x000000068c400000| Untracked 
|  36|0x000000068c400000, 0x000000068c800000, 0x000000068c800000|100%| O|  |TAMS 0x000000068c800000, 0x000000068c800000| Untracked 
|  37|0x000000068c800000, 0x000000068cc00000, 0x000000068cc00000|100%| O|  |TAMS 0x000000068cc00000, 0x000000068cc00000| Untracked 
|  38|0x000000068cc00000, 0x000000068d000000, 0x000000068d000000|100%| O|  |TAMS 0x000000068d000000, 0x000000068d000000| Untracked 
|  39|0x000000068d000000, 0x000000068d400000, 0x000000068d400000|100%| O|  |TAMS 0x000000068d3fe600, 0x000000068d400000| Untracked 
|  40|0x000000068d400000, 0x000000068d800000, 0x000000068d800000|100%| O|  |TAMS 0x000000068d400000, 0x000000068d800000| Untracked 
|  41|0x000000068d800000, 0x000000068dc00000, 0x000000068dc00000|100%| O|  |TAMS 0x000000068d800000, 0x000000068dc00000| Untracked 
|  42|0x000000068dc00000, 0x000000068e000000, 0x000000068e000000|100%| O|  |TAMS 0x000000068dc00000, 0x000000068e000000| Untracked 
|  43|0x000000068e000000, 0x000000068e1cba00, 0x000000068e400000| 44%| O|  |TAMS 0x000000068e000000, 0x000000068e1cba00| Untracked 
|  44|0x000000068e400000, 0x000000068e400000, 0x000000068e800000|  0%| F|  |TAMS 0x000000068e400000, 0x000000068e400000| Untracked 
|  45|0x000000068e800000, 0x000000068e800000, 0x000000068ec00000|  0%| F|  |TAMS 0x000000068e800000, 0x000000068e800000| Untracked 
|  46|0x000000068ec00000, 0x000000068ec00000, 0x000000068f000000|  0%| F|  |TAMS 0x000000068ec00000, 0x000000068ec00000| Untracked 
|  47|0x000000068f000000, 0x000000068f000000, 0x000000068f400000|  0%| F|  |TAMS 0x000000068f000000, 0x000000068f000000| Untracked 
|  48|0x000000068f400000, 0x000000068f400000, 0x000000068f800000|  0%| F|  |TAMS 0x000000068f400000, 0x000000068f400000| Untracked 
|  49|0x000000068f800000, 0x000000068f800000, 0x000000068fc00000|  0%| F|  |TAMS 0x000000068f800000, 0x000000068f800000| Untracked 
|  50|0x000000068fc00000, 0x000000068fc00000, 0x0000000690000000|  0%| F|  |TAMS 0x000000068fc00000, 0x000000068fc00000| Untracked 
|  51|0x0000000690000000, 0x0000000690000000, 0x0000000690400000|  0%| F|  |TAMS 0x0000000690000000, 0x0000000690000000| Untracked 
|  52|0x0000000690400000, 0x0000000690400000, 0x0000000690800000|  0%| F|  |TAMS 0x0000000690400000, 0x0000000690400000| Untracked 
|  53|0x0000000690800000, 0x0000000690800000, 0x0000000690c00000|  0%| F|  |TAMS 0x0000000690800000, 0x0000000690800000| Untracked 
|  54|0x0000000690c00000, 0x0000000690c00000, 0x0000000691000000|  0%| F|  |TAMS 0x0000000690c00000, 0x0000000690c00000| Untracked 
|  55|0x0000000691000000, 0x0000000691000000, 0x0000000691400000|  0%| F|  |TAMS 0x0000000691000000, 0x0000000691000000| Untracked 
|  56|0x0000000691400000, 0x000000069166e900, 0x0000000691800000| 60%| S|CS|TAMS 0x0000000691400000, 0x0000000691400000| Complete 
|  57|0x0000000691800000, 0x0000000691800000, 0x0000000691c00000|  0%| F|  |TAMS 0x0000000691800000, 0x0000000691800000| Untracked 
|  58|0x0000000691c00000, 0x0000000691c00000, 0x0000000692000000|  0%| F|  |TAMS 0x0000000691c00000, 0x0000000691c00000| Untracked 
|  59|0x0000000692000000, 0x0000000692000000, 0x0000000692400000|  0%| F|  |TAMS 0x0000000692000000, 0x0000000692000000| Untracked 
|  60|0x0000000692400000, 0x0000000692400000, 0x0000000692800000|  0%| F|  |TAMS 0x0000000692400000, 0x0000000692400000| Untracked 
|  61|0x0000000692800000, 0x0000000692800000, 0x0000000692c00000|  0%| F|  |TAMS 0x0000000692800000, 0x0000000692800000| Untracked 
|  62|0x0000000692c00000, 0x0000000692c00000, 0x0000000693000000|  0%| F|  |TAMS 0x0000000692c00000, 0x0000000692c00000| Untracked 
|  63|0x0000000693000000, 0x0000000693000000, 0x0000000693400000|  0%| F|  |TAMS 0x0000000693000000, 0x0000000693000000| Untracked 
|  64|0x0000000693400000, 0x0000000693400000, 0x0000000693800000|  0%| F|  |TAMS 0x0000000693400000, 0x0000000693400000| Untracked 
|  65|0x0000000693800000, 0x0000000693800000, 0x0000000693c00000|  0%| F|  |TAMS 0x0000000693800000, 0x0000000693800000| Untracked 
|  66|0x0000000693c00000, 0x0000000693c00000, 0x0000000694000000|  0%| F|  |TAMS 0x0000000693c00000, 0x0000000693c00000| Untracked 
|  67|0x0000000694000000, 0x0000000694000000, 0x0000000694400000|  0%| F|  |TAMS 0x0000000694000000, 0x0000000694000000| Untracked 
|  68|0x0000000694400000, 0x0000000694400000, 0x0000000694800000|  0%| F|  |TAMS 0x0000000694400000, 0x0000000694400000| Untracked 
|  69|0x0000000694800000, 0x0000000694800000, 0x0000000694c00000|  0%| F|  |TAMS 0x0000000694800000, 0x0000000694800000| Untracked 
|  70|0x0000000694c00000, 0x0000000694c00000, 0x0000000695000000|  0%| F|  |TAMS 0x0000000694c00000, 0x0000000694c00000| Untracked 
|  71|0x0000000695000000, 0x0000000695000000, 0x0000000695400000|  0%| F|  |TAMS 0x0000000695000000, 0x0000000695000000| Untracked 
|  72|0x0000000695400000, 0x0000000695400000, 0x0000000695800000|  0%| F|  |TAMS 0x0000000695400000, 0x0000000695400000| Untracked 
|  95|0x000000069b000000, 0x000000069b000000, 0x000000069b400000|  0%| F|  |TAMS 0x000000069b000000, 0x000000069b000000| Untracked 

Card table byte_map: [0x000001eecfd50000,0x000001eed0940000] _byte_map_base: 0x000001eecc936000

Marking Bits (Prev, Next): (CMBitMap*) 0x000001eebc30eb90, (CMBitMap*) 0x000001eebc30eb50
 Prev Bits: [0x000001eed7460000, 0x000001eedd390000)
 Next Bits: [0x000001eed1530000, 0x000001eed7460000)

Polling page: 0x000001eeba220000

Metaspace:

Usage:
  Non-class:     76.94 MB used.
      Class:      9.13 MB used.
       Both:     86.07 MB used.

Virtual space:
  Non-class space:      128.00 MB reserved,      77.19 MB ( 60%) committed,  2 nodes.
      Class space:        1.00 GB reserved,       9.31 MB ( <1%) committed,  1 nodes.
             Both:        1.12 GB reserved,      86.50 MB (  8%) committed. 

Chunk freelists:
   Non-Class:  2.80 MB
       Class:  6.73 MB
        Both:  9.52 MB

MaxMetaspaceSize: unlimited
CompressedClassSpaceSize: 1.00 GB
Initial GC threshold: 21.00 MB
Current GC threshold: 140.88 MB
CDS: off
MetaspaceReclaimPolicy: balanced
 - commit_granule_bytes: 65536.
 - commit_granule_words: 8192.
 - virtual_space_node_default_size: 8388608.
 - enlarge_chunks_in_place: 1.
 - new_chunks_are_fully_committed: 0.
 - uncommit_free_chunks: 1.
 - use_allocation_guard: 0.
 - handle_deallocations: 1.


Internal statistics:

num_allocs_failed_limit: 9.
num_arena_births: 492.
num_arena_deaths: 0.
num_vsnodes_births: 3.
num_vsnodes_deaths: 0.
num_space_committed: 1382.
num_space_uncommitted: 0.
num_chunks_returned_to_freelist: 9.
num_chunks_taken_from_freelist: 3423.
num_chunk_merges: 9.
num_chunk_splits: 2688.
num_chunks_enlarged: 2274.
num_inconsistent_stats: 0.

CodeHeap 'non-profiled nmethods': size=120000Kb used=12885Kb max_used=12938Kb free=107114Kb
 bounds [0x000001eec7900000, 0x000001eec85b0000, 0x000001eecee30000]
CodeHeap 'profiled nmethods': size=120000Kb used=52798Kb max_used=53092Kb free=67202Kb
 bounds [0x000001eebfe30000, 0x000001eec3260000, 0x000001eec7360000]
CodeHeap 'non-nmethods': size=5760Kb used=1425Kb max_used=1512Kb free=4334Kb
 bounds [0x000001eec7360000, 0x000001eec75d0000, 0x000001eec7900000]
 total_blobs=17491 nmethods=16750 adapters=648
 compilation: enabled
              stopped_count=0, restarted_count=0
 full_count=0

Compilation events (20 events):
Event: 24.003 Thread 0x000001eedfefb9d0 nmethod 20939 0x000001eec1786010 code [0x000001eec1786280, 0x000001eec1786cf8]
Event: 24.003 Thread 0x000001eedfefb9d0 20953       3       org.jetbrains.kotlin.backend.jvm.lower.BytecodeInliningPreparationLowering$lower$1::visitComposite (13 bytes)
Event: 24.004 Thread 0x000001eedfefb9d0 nmethod 20953 0x000001eec0e0c010 code [0x000001eec0e0c280, 0x000001eec0e0ccf8]
Event: 24.004 Thread 0x000001eedfefb9d0 20957       3       org.jetbrains.kotlin.backend.jvm.lower.BytecodeInliningPreparationLowering$lower$1::visitComposite (8 bytes)
Event: 24.004 Thread 0x000001eedfefb9d0 nmethod 20957 0x000001eec0e0ac90 code [0x000001eec0e0af40, 0x000001eec0e0bb68]
Event: 24.004 Thread 0x000001eedfefb9d0 20950       3       org.jetbrains.kotlin.backend.jvm.lower.BytecodeInliningPreparationLowering$lower$1::visitGetField (8 bytes)
Event: 24.005 Thread 0x000001eedfefb9d0 nmethod 20950 0x000001eec2870710 code [0x000001eec28709c0, 0x000001eec28715e8]
Event: 24.005 Thread 0x000001eedfefb9d0 20948       3       org.jetbrains.kotlin.backend.jvm.lower.BytecodeInliningPreparationLowering$lower$1::visitGetField (13 bytes)
Event: 24.006 Thread 0x000001eedfefb9d0 nmethod 20948 0x000001eec286f610 code [0x000001eec286f880, 0x000001eec28702f8]
Event: 24.006 Thread 0x000001eedfefb9d0 20922       3       org.jetbrains.kotlin.backend.jvm.lower.BytecodeInliningPreparationLowering$lower$1::visitFunction (13 bytes)
Event: 24.006 Thread 0x000001eedfefb9d0 nmethod 20922 0x000001eec2715710 code [0x000001eec2715980, 0x000001eec2716398]
Event: 24.006 Thread 0x000001eedfefb9d0 20923       3       org.jetbrains.kotlin.backend.jvm.lower.BytecodeInliningPreparationLowering$lower$1::visitFunction (8 bytes)
Event: 24.007 Thread 0x000001eedfefb9d0 nmethod 20923 0x000001eec2714490 code [0x000001eec2714740, 0x000001eec27152e8]
Event: 24.007 Thread 0x000001eedfefb9d0 20924       3       org.jetbrains.kotlin.backend.jvm.lower.BytecodeInliningPreparationLowering$lower$1::visitSimpleFunction (13 bytes)
Event: 24.008 Thread 0x000001eedfefb9d0 nmethod 20924 0x000001eec2713390 code [0x000001eec2713600, 0x000001eec2714078]
Event: 24.008 Thread 0x000001eedfefb9d0 20925       3       org.jetbrains.kotlin.backend.jvm.lower.BytecodeInliningPreparationLowering$lower$1::visitSimpleFunction (8 bytes)
Event: 24.008 Thread 0x000001eedfefb9d0 nmethod 20925 0x000001eec287f390 code [0x000001eec287f640, 0x000001eec2880268]
Event: 24.008 Thread 0x000001eedfefb9d0 20955       3       org.jetbrains.kotlin.backend.jvm.lower.BytecodeInliningPreparationLowering$lower$1::visitBody (13 bytes)
Event: 24.009 Thread 0x000001eedfefb9d0 nmethod 20955 0x000001eec04d0310 code [0x000001eec04d0540, 0x000001eec04d0d88]
Event: 24.009 Thread 0x000001eedfefb9d0 20959       3       org.jetbrains.kotlin.backend.jvm.lower.BytecodeInliningPreparationLowering$lower$1::visitBody (8 bytes)

GC Heap History (20 events):
Event: 17.271 GC heap after
{Heap after GC invocations=32 (full 0):
 garbage-first heap   total 225280K, used 114391K [0x0000000683400000, 0x0000000800000000)
  region size 4096K, 2 young (8192K), 2 survivors (8192K)
 Metaspace       used 66004K, committed 66304K, reserved 1114112K
  class space    used 7274K, committed 7424K, reserved 1048576K
}
Event: 17.853 GC heap before
{Heap before GC invocations=32 (full 0):
 garbage-first heap   total 225280K, used 175831K [0x0000000683400000, 0x0000000800000000)
  region size 4096K, 17 young (69632K), 2 survivors (8192K)
 Metaspace       used 66622K, committed 66944K, reserved 1114112K
  class space    used 7316K, committed 7488K, reserved 1048576K
}
Event: 17.863 GC heap after
{Heap after GC invocations=33 (full 0):
 garbage-first heap   total 225280K, used 119831K [0x0000000683400000, 0x0000000800000000)
  region size 4096K, 3 young (12288K), 3 survivors (12288K)
 Metaspace       used 66622K, committed 66944K, reserved 1114112K
  class space    used 7316K, committed 7488K, reserved 1048576K
}
Event: 19.459 GC heap before
{Heap before GC invocations=34 (full 0):
 garbage-first heap   total 225280K, used 177175K [0x0000000683400000, 0x0000000800000000)
  region size 4096K, 17 young (69632K), 3 survivors (12288K)
 Metaspace       used 72969K, committed 73280K, reserved 1114112K
  class space    used 7933K, committed 8064K, reserved 1048576K
}
Event: 19.469 GC heap after
{Heap after GC invocations=35 (full 0):
 garbage-first heap   total 225280K, used 125489K [0x0000000683400000, 0x0000000800000000)
  region size 4096K, 3 young (12288K), 3 survivors (12288K)
 Metaspace       used 72969K, committed 73280K, reserved 1114112K
  class space    used 7933K, committed 8064K, reserved 1048576K
}
Event: 20.198 GC heap before
{Heap before GC invocations=35 (full 0):
 garbage-first heap   total 225280K, used 178737K [0x0000000683400000, 0x0000000800000000)
  region size 4096K, 16 young (65536K), 3 survivors (12288K)
 Metaspace       used 75254K, committed 75520K, reserved 1179648K
  class space    used 8194K, committed 8320K, reserved 1048576K
}
Event: 20.214 GC heap after
{Heap after GC invocations=36 (full 0):
 garbage-first heap   total 225280K, used 135873K [0x0000000683400000, 0x0000000800000000)
  region size 4096K, 2 young (8192K), 2 survivors (8192K)
 Metaspace       used 75254K, committed 75520K, reserved 1179648K
  class space    used 8194K, committed 8320K, reserved 1048576K
}
Event: 20.898 GC heap before
{Heap before GC invocations=37 (full 0):
 garbage-first heap   total 245760K, used 176833K [0x0000000683400000, 0x0000000800000000)
  region size 4096K, 12 young (49152K), 2 survivors (8192K)
 Metaspace       used 75983K, committed 76288K, reserved 1179648K
  class space    used 8257K, committed 8384K, reserved 1048576K
}
Event: 20.914 GC heap after
{Heap after GC invocations=38 (full 0):
 garbage-first heap   total 245760K, used 153130K [0x0000000683400000, 0x0000000800000000)
  region size 4096K, 2 young (8192K), 2 survivors (8192K)
 Metaspace       used 75983K, committed 76288K, reserved 1179648K
  class space    used 8257K, committed 8384K, reserved 1048576K
}
Event: 21.371 GC heap before
{Heap before GC invocations=38 (full 0):
 garbage-first heap   total 245760K, used 189994K [0x0000000683400000, 0x0000000800000000)
  region size 4096K, 11 young (45056K), 2 survivors (8192K)
 Metaspace       used 76402K, committed 76736K, reserved 1179648K
  class space    used 8279K, committed 8448K, reserved 1048576K
}
Event: 21.382 GC heap after
{Heap after GC invocations=39 (full 0):
 garbage-first heap   total 245760K, used 161156K [0x0000000683400000, 0x0000000800000000)
  region size 4096K, 2 young (8192K), 2 survivors (8192K)
 Metaspace       used 76402K, committed 76736K, reserved 1179648K
  class space    used 8279K, committed 8448K, reserved 1048576K
}
Event: 21.867 GC heap before
{Heap before GC invocations=40 (full 0):
 garbage-first heap   total 294912K, used 189828K [0x0000000683400000, 0x0000000800000000)
  region size 4096K, 9 young (36864K), 2 survivors (8192K)
 Metaspace       used 79230K, committed 79616K, reserved 1179648K
  class space    used 8594K, committed 8768K, reserved 1048576K
}
Event: 21.873 GC heap after
{Heap after GC invocations=41 (full 0):
 garbage-first heap   total 294912K, used 164328K [0x0000000683400000, 0x0000000800000000)
  region size 4096K, 1 young (4096K), 1 survivors (4096K)
 Metaspace       used 79230K, committed 79616K, reserved 1179648K
  class space    used 8594K, committed 8768K, reserved 1048576K
}
Event: 22.544 GC heap before
{Heap before GC invocations=41 (full 0):
 garbage-first heap   total 294912K, used 221672K [0x0000000683400000, 0x0000000800000000)
  region size 4096K, 15 young (61440K), 1 survivors (4096K)
 Metaspace       used 85846K, committed 86208K, reserved 1179648K
  class space    used 9273K, committed 9472K, reserved 1048576K
}
Event: 22.550 GC heap after
{Heap after GC invocations=42 (full 0):
 garbage-first heap   total 294912K, used 167903K [0x0000000683400000, 0x0000000800000000)
  region size 4096K, 2 young (8192K), 2 survivors (8192K)
 Metaspace       used 85846K, committed 86208K, reserved 1179648K
  class space    used 9273K, committed 9472K, reserved 1048576K
}
Event: 23.388 GC heap before
{Heap before GC invocations=43 (full 0):
 garbage-first heap   total 303104K, used 225247K [0x0000000683400000, 0x0000000800000000)
  region size 4096K, 16 young (65536K), 2 survivors (8192K)
 Metaspace       used 87471K, committed 87936K, reserved 1179648K
  class space    used 9334K, committed 9536K, reserved 1048576K
}
Event: 23.394 GC heap after
{Heap after GC invocations=44 (full 0):
 garbage-first heap   total 303104K, used 170437K [0x0000000683400000, 0x0000000800000000)
  region size 4096K, 2 young (8192K), 2 survivors (8192K)
 Metaspace       used 87471K, committed 87936K, reserved 1179648K
  class space    used 9334K, committed 9536K, reserved 1048576K
}
Event: 23.412 GC heap before
{Heap before GC invocations=44 (full 0):
 garbage-first heap   total 303104K, used 174533K [0x0000000683400000, 0x0000000800000000)
  region size 4096K, 3 young (12288K), 2 survivors (8192K)
 Metaspace       used 87503K, committed 87936K, reserved 1179648K
  class space    used 9334K, committed 9536K, reserved 1048576K
}
Event: 23.420 GC heap after
{Heap after GC invocations=45 (full 0):
 garbage-first heap   total 303104K, used 166699K [0x0000000683400000, 0x0000000800000000)
  region size 4096K, 1 young (4096K), 1 survivors (4096K)
 Metaspace       used 87503K, committed 87936K, reserved 1179648K
  class space    used 9334K, committed 9536K, reserved 1048576K
}
Event: 24.009 GC heap before
{Heap before GC invocations=45 (full 0):
 garbage-first heap   total 303104K, used 232235K [0x0000000683400000, 0x0000000800000000)
  region size 4096K, 17 young (69632K), 1 survivors (4096K)
 Metaspace       used 88135K, committed 88576K, reserved 1179648K
  class space    used 9346K, committed 9536K, reserved 1048576K
}

Dll operation events (3 events):
Event: 0.005 Loaded shared library C:\Users\Admin\.jdks\jbr-17.0.9\bin\java.dll
Event: 0.031 Loaded shared library C:\Users\Admin\.jdks\jbr-17.0.9\bin\jsvml.dll
Event: 0.738 Loaded shared library C:\Users\Admin\.jdks\jbr-17.0.9\bin\verify.dll

Deoptimization events (20 events):
Event: 23.974 Thread 0x000001eebc283700 Uncommon trap: trap_request=0xffffffc6 fr.pc=0x000001eec8546144 relative=0x00000000000000a4
Event: 23.974 Thread 0x000001eebc283700 Uncommon trap: reason=bimorphic_or_optimized_type_check action=maybe_recompile pc=0x000001eec8546144 method=org.jetbrains.kotlin.backend.jvm.MultifileFacadesKt.isMultifileBridge(Lorg/jetbrains/kotlin/ir/declarations/IrFunction;)Z @ 7 c2
Event: 23.974 Thread 0x000001eebc283700 DEOPT PACKING pc=0x000001eec8546144 sp=0x000000b2572fcbb0
Event: 23.974 Thread 0x000001eebc283700 DEOPT UNPACKING pc=0x000001eec73ba1a3 sp=0x000000b2572fcb48 mode 2
Event: 23.974 Thread 0x000001eebc283700 Uncommon trap: trap_request=0xffffffde fr.pc=0x000001eec854615c relative=0x00000000000000bc
Event: 23.974 Thread 0x000001eebc283700 Uncommon trap: reason=class_check action=maybe_recompile pc=0x000001eec854615c method=org.jetbrains.kotlin.backend.jvm.MultifileFacadesKt.isMultifileBridge(Lorg/jetbrains/kotlin/ir/declarations/IrFunction;)Z @ 12 c2
Event: 23.974 Thread 0x000001eebc283700 DEOPT PACKING pc=0x000001eec854615c sp=0x000000b2572fd390
Event: 23.974 Thread 0x000001eebc283700 DEOPT UNPACKING pc=0x000001eec73ba1a3 sp=0x000000b2572fd328 mode 2
Event: 23.974 Thread 0x000001eebc283700 Uncommon trap: trap_request=0xffffffde fr.pc=0x000001eec854615c relative=0x00000000000000bc
Event: 23.974 Thread 0x000001eebc283700 Uncommon trap: reason=class_check action=maybe_recompile pc=0x000001eec854615c method=org.jetbrains.kotlin.backend.jvm.MultifileFacadesKt.isMultifileBridge(Lorg/jetbrains/kotlin/ir/declarations/IrFunction;)Z @ 12 c2
Event: 23.974 Thread 0x000001eebc283700 DEOPT PACKING pc=0x000001eec854615c sp=0x000000b2572fd390
Event: 23.974 Thread 0x000001eebc283700 DEOPT UNPACKING pc=0x000001eec73ba1a3 sp=0x000000b2572fd328 mode 2
Event: 23.974 Thread 0x000001eebc283700 Uncommon trap: trap_request=0xffffffc6 fr.pc=0x000001eec8546144 relative=0x00000000000000a4
Event: 23.974 Thread 0x000001eebc283700 Uncommon trap: reason=bimorphic_or_optimized_type_check action=maybe_recompile pc=0x000001eec8546144 method=org.jetbrains.kotlin.backend.jvm.MultifileFacadesKt.isMultifileBridge(Lorg/jetbrains/kotlin/ir/declarations/IrFunction;)Z @ 7 c2
Event: 23.974 Thread 0x000001eebc283700 DEOPT PACKING pc=0x000001eec8546144 sp=0x000000b2572fc780
Event: 23.975 Thread 0x000001eebc283700 DEOPT UNPACKING pc=0x000001eec73ba1a3 sp=0x000000b2572fc718 mode 2
Event: 23.975 Thread 0x000001eebc283700 Uncommon trap: trap_request=0xffffffc6 fr.pc=0x000001eec8546144 relative=0x00000000000000a4
Event: 23.975 Thread 0x000001eebc283700 Uncommon trap: reason=bimorphic_or_optimized_type_check action=maybe_recompile pc=0x000001eec8546144 method=org.jetbrains.kotlin.backend.jvm.MultifileFacadesKt.isMultifileBridge(Lorg/jetbrains/kotlin/ir/declarations/IrFunction;)Z @ 7 c2
Event: 23.975 Thread 0x000001eebc283700 DEOPT PACKING pc=0x000001eec8546144 sp=0x000000b2572fc8b0
Event: 23.975 Thread 0x000001eebc283700 DEOPT UNPACKING pc=0x000001eec73ba1a3 sp=0x000000b2572fc848 mode 2

Classes unloaded (0 events):
No events

Classes redefined (0 events):
No events

Internal exceptions (20 events):
Event: 6.370 Thread 0x000001eebc283700 Exception <a 'java/lang/NoSuchMethodError'{0x000000068c91a570}: 'java.lang.Object java.lang.invoke.DirectMethodHandle$Holder.newInvokeSpecial(java.lang.Object, int, java.lang.Object, java.lang.Object)'> (0x000000068c91a570) 
thrown [s\src\hotspot\share\interpreter\linkResolver.cpp, line 771]
Event: 6.752 Thread 0x000001eebc283700 Exception <a 'java/lang/NoSuchMethodError'{0x000000068be09e98}: 'java.lang.Object java.lang.invoke.DirectMethodHandle$Holder.newInvokeSpecial(java.lang.Object, java.lang.Object, java.lang.Object, java.lang.Object, java.lang.Object, java.lang.Object, java.lang.Object)'> (0x000000068be09e98) 
thrown [s\src\hotspot\share\interpreter\linkResolver.cpp, line 771]
Event: 6.753 Thread 0x000001eebc283700 Exception <a 'java/lang/NoSuchMethodError'{0x000000068be0f710}: 'java.lang.Object java.lang.invoke.Invokers$Holder.linkToTargetMethod(java.lang.Object, java.lang.Object, java.lang.Object, java.lang.Object, java.lang.Object, java.lang.Object, java.lang.Object)'> (0x000000068be0f710) 
thrown [s\src\hotspot\share\interpreter\linkResolver.cpp, line 771]
Event: 6.835 Thread 0x000001eebc283700 Exception <a 'java/lang/NoSuchMethodError'{0x000000068bee9728}: 'void java.lang.invoke.DirectMethodHandle$Holder.invokeStatic(java.lang.Object, java.lang.Object, java.lang.Object)'> (0x000000068bee9728) 
thrown [s\src\hotspot\share\interpreter\linkResolver.cpp, line 771]
Event: 8.344 Thread 0x000001eebc283700 Implicit null exception at 0x000001eec7c5c432 to 0x000001eec7c5ccc4
Event: 17.524 Thread 0x000001eebc283700 Implicit null exception at 0x000001eec79a9a0f to 0x000001eec79a9c88
Event: 18.070 Thread 0x000001eebc283700 Implicit null exception at 0x000001eec7e47c57 to 0x000001eec7e47fac
Event: 18.071 Thread 0x000001eebc283700 Implicit null exception at 0x000001eec7c68559 to 0x000001eec7c68880
Event: 18.374 Thread 0x000001eebc283700 Exception <a 'java/lang/NoSuchMethodError'{0x0000000690340b68}: 'java.lang.Object java.lang.invoke.DirectMethodHandle$Holder.invokeStaticInit(java.lang.Object, java.lang.Object, java.lang.Object, java.lang.Object)'> (0x0000000690340b68) 
thrown [s\src\hotspot\share\interpreter\linkResolver.cpp, line 771]
Event: 18.586 Thread 0x000001eebc283700 Exception <a 'java/lang/NoSuchMethodError'{0x000000068f7a8248}: 'java.lang.Object java.lang.invoke.DirectMethodHandle$Holder.newInvokeSpecial(java.lang.Object, java.lang.Object, java.lang.Object, int, int)'> (0x000000068f7a8248) 
thrown [s\src\hotspot\share\interpreter\linkResolver.cpp, line 771]
Event: 18.586 Thread 0x000001eebc283700 Exception <a 'java/lang/NoSuchMethodError'{0x000000068f7ac088}: 'java.lang.Object java.lang.invoke.DirectMethodHandle$Holder.invokeSpecial(java.lang.Object, java.lang.Object, java.lang.Object, java.lang.Object, int, int)'> (0x000000068f7ac088) 
thrown [s\src\hotspot\share\interpreter\linkResolver.cpp, line 771]
Event: 18.900 Thread 0x000001eebc283700 Exception <a 'java/lang/NoSuchMethodError'{0x000000068e46f498}: 'java.lang.Object java.lang.invoke.DirectMethodHandle$Holder.invokeSpecial(java.lang.Object, java.lang.Object, int, int, java.lang.Object, java.lang.Object, java.lang.Object, java.lang.Object, java.lang.Object)'> (0x000000068e46f498) 
thrown [s\src\hotspot\share\interpreter\linkResolver.cpp, line 771]
Event: 19.510 Thread 0x000001eebc283700 Exception <a 'java/lang/NoSuchMethodError'{0x000000069b173ac8}: 'java.lang.Object java.lang.invoke.DirectMethodHandle$Holder.newInvokeSpecial(java.lang.Object, java.lang.Object, int, int, java.lang.Object, java.lang.Object, java.lang.Object)'> (0x000000069b173ac8) 
thrown [s\src\hotspot\share\interpreter\linkResolver.cpp, line 771]
Event: 19.510 Thread 0x000001eebc283700 Exception <a 'java/lang/NoSuchMethodError'{0x000000069b178160}: 'java.lang.Object java.lang.invoke.DirectMethodHandle$Holder.invokeSpecial(java.lang.Object, java.lang.Object, java.lang.Object, int, int, java.lang.Object, java.lang.Object, java.lang.Object)'> (0x000000069b178160) 
thrown [s\src\hotspot\share\interpreter\linkResolver.cpp, line 771]
Event: 20.467 Thread 0x000001eebc283700 Implicit null exception at 0x000001eec8330d4a to 0x000001eec83313d0
Event: 21.874 Thread 0x000001eebc283700 Implicit null exception at 0x000001eec81c1c67 to 0x000001eec81c6b5c
Event: 22.074 Thread 0x000001eebc283700 Implicit null exception at 0x000001eec847e002 to 0x000001eec847e360
Event: 22.108 Thread 0x000001eebc283700 Implicit null exception at 0x000001eec80a0b66 to 0x000001eec80a0c16
Event: 22.164 Thread 0x000001eebc283700 Implicit null exception at 0x000001eec843ef88 to 0x000001eec8440820
Event: 23.932 Thread 0x000001eebc283700 Implicit null exception at 0x000001eec85638da to 0x000001eec8565ef8

VM Operations (20 events):
Event: 23.193 Executing VM operation: ICBufferFull done
Event: 23.362 Executing VM operation: ICBufferFull
Event: 23.362 Executing VM operation: ICBufferFull done
Event: 23.388 Executing VM operation: G1CollectForAllocation
Event: 23.394 Executing VM operation: G1CollectForAllocation done
Event: 23.412 Executing VM operation: G1CollectForAllocation
Event: 23.420 Executing VM operation: G1CollectForAllocation done
Event: 23.534 Executing VM operation: HandshakeAllThreads
Event: 23.534 Executing VM operation: HandshakeAllThreads done
Event: 23.562 Executing VM operation: ICBufferFull
Event: 23.562 Executing VM operation: ICBufferFull done
Event: 23.734 Executing VM operation: HandshakeAllThreads
Event: 23.734 Executing VM operation: HandshakeAllThreads done
Event: 23.757 Executing VM operation: ICBufferFull
Event: 23.757 Executing VM operation: ICBufferFull done
Event: 23.778 Executing VM operation: HandshakeAllThreads
Event: 23.778 Executing VM operation: HandshakeAllThreads done
Event: 23.945 Executing VM operation: ICBufferFull
Event: 23.946 Executing VM operation: ICBufferFull done
Event: 24.009 Executing VM operation: G1CollectForAllocation

Events (20 events):
Event: 23.807 Thread 0x000001eedff138d0 flushing nmethod 0x000001eec2972a10
Event: 23.807 Thread 0x000001eedff138d0 flushing nmethod 0x000001eec297d210
Event: 23.807 Thread 0x000001eedff138d0 flushing nmethod 0x000001eec298da90
Event: 23.807 Thread 0x000001eedff138d0 flushing nmethod 0x000001eec29aa610
Event: 23.807 Thread 0x000001eedff138d0 flushing nmethod 0x000001eec29abd10
Event: 23.807 Thread 0x000001eedff138d0 flushing nmethod 0x000001eec29afd90
Event: 23.807 Thread 0x000001eedff138d0 flushing nmethod 0x000001eec29b5b90
Event: 23.807 Thread 0x000001eedff138d0 flushing nmethod 0x000001eec29d7c90
Event: 23.807 Thread 0x000001eedff138d0 flushing nmethod 0x000001eec29e5090
Event: 23.807 Thread 0x000001eedff138d0 flushing nmethod 0x000001eec29e6a10
Event: 23.807 Thread 0x000001eedff138d0 flushing nmethod 0x000001eec2a13890
Event: 23.807 Thread 0x000001eedff138d0 flushing nmethod 0x000001eec2a22f10
Event: 23.807 Thread 0x000001eedff138d0 flushing nmethod 0x000001eec2a27a90
Event: 23.807 Thread 0x000001eedff138d0 flushing nmethod 0x000001eec2a7b610
Event: 23.807 Thread 0x000001eedff138d0 flushing nmethod 0x000001eec2a88e90
Event: 23.807 Thread 0x000001eedff138d0 flushing nmethod 0x000001eec2aa2890
Event: 23.807 Thread 0x000001eedff138d0 flushing nmethod 0x000001eec2af1590
Event: 23.807 Thread 0x000001eedff138d0 flushing nmethod 0x000001eec2b7f810
Event: 23.808 Thread 0x000001eedff138d0 flushing nmethod 0x000001eec2c42710
Event: 23.809 Thread 0x000001eedff138d0 flushing nmethod 0x000001eec2ecbd10


Dynamic libraries:
0x00007ff705700000 - 0x00007ff70570a000 	C:\Users\Admin\.jdks\jbr-17.0.9\bin\java.exe
0x00007ffd485f0000 - 0x00007ffd48804000 	C:\Windows\SYSTEM32\ntdll.dll
0x00007ffd472d0000 - 0x00007ffd47393000 	C:\Windows\System32\KERNEL32.DLL
0x00007ffd45f20000 - 0x00007ffd462bd000 	C:\Windows\System32\KERNELBASE.dll
0x00007ffd45e00000 - 0x00007ffd45f11000 	C:\Windows\System32\ucrtbase.dll
0x00007ffd41010000 - 0x00007ffd41027000 	C:\Users\Admin\.jdks\jbr-17.0.9\bin\jli.dll
0x00007ffd2e130000 - 0x00007ffd2e14b000 	C:\Users\Admin\.jdks\jbr-17.0.9\bin\VCRUNTIME140.dll
0x00007ffd48030000 - 0x00007ffd481dd000 	C:\Windows\System32\USER32.dll
0x00007ffd2e4f0000 - 0x00007ffd2e77e000 	C:\Windows\WinSxS\amd64_microsoft.windows.common-controls_6595b64144ccf1df_6.0.22621.608_none_a9444ca7c10bb01d\COMCTL32.dll
0x00007ffd45dd0000 - 0x00007ffd45df6000 	C:\Windows\System32\win32u.dll
0x00007ffd47f80000 - 0x00007ffd48027000 	C:\Windows\System32\msvcrt.dll
0x00007ffd47620000 - 0x00007ffd47649000 	C:\Windows\System32\GDI32.dll
0x00007ffd462c0000 - 0x00007ffd463d2000 	C:\Windows\System32\gdi32full.dll
0x00007ffd45d30000 - 0x00007ffd45dca000 	C:\Windows\System32\msvcp_win.dll
0x00007ffd47570000 - 0x00007ffd475a2000 	C:\Windows\System32\IMM32.DLL
0x00007ffd2d240000 - 0x00007ffd2d24c000 	C:\Users\Admin\.jdks\jbr-17.0.9\bin\vcruntime140_1.dll
0x00007ffd23080000 - 0x00007ffd2310d000 	C:\Users\Admin\.jdks\jbr-17.0.9\bin\msvcp140.dll
0x00007ffcd68f0000 - 0x00007ffcd7573000 	C:\Users\Admin\.jdks\jbr-17.0.9\bin\server\jvm.dll
0x00007ffd46b10000 - 0x00007ffd46bbe000 	C:\Windows\System32\ADVAPI32.dll
0x00007ffd463e0000 - 0x00007ffd46484000 	C:\Windows\System32\sechost.dll
0x00007ffd46d30000 - 0x00007ffd46e45000 	C:\Windows\System32\RPCRT4.dll
0x00007ffd412b0000 - 0x00007ffd412b9000 	C:\Windows\SYSTEM32\WSOCK32.dll
0x00007ffd45480000 - 0x00007ffd454cd000 	C:\Windows\SYSTEM32\POWRPROF.dll
0x00007ffd40130000 - 0x00007ffd40164000 	C:\Windows\SYSTEM32\WINMM.dll
0x00007ffd473b0000 - 0x00007ffd47421000 	C:\Windows\System32\WS2_32.dll
0x00007ffd40880000 - 0x00007ffd4088a000 	C:\Windows\SYSTEM32\VERSION.dll
0x00007ffd45340000 - 0x00007ffd45353000 	C:\Windows\SYSTEM32\UMPDC.dll
0x00007ffd44a70000 - 0x00007ffd44a88000 	C:\Windows\SYSTEM32\kernel.appcore.dll
0x00007ffd2d150000 - 0x00007ffd2d15a000 	C:\Users\Admin\.jdks\jbr-17.0.9\bin\jimage.dll
0x00007ffd42d10000 - 0x00007ffd42f3e000 	C:\Windows\SYSTEM32\DBGHELP.DLL
0x00007ffd466e0000 - 0x00007ffd46a6a000 	C:\Windows\System32\combase.dll
0x00007ffd48330000 - 0x00007ffd48407000 	C:\Windows\System32\OLEAUT32.dll
0x00007ffd3fc90000 - 0x00007ffd3fcc2000 	C:\Windows\SYSTEM32\dbgcore.DLL
0x00007ffd45cb0000 - 0x00007ffd45d2b000 	C:\Windows\System32\bcryptPrimitives.dll
0x00007ffd27270000 - 0x00007ffd27295000 	C:\Users\Admin\.jdks\jbr-17.0.9\bin\java.dll
0x00007ffd2d0a0000 - 0x00007ffd2d0b8000 	C:\Users\Admin\.jdks\jbr-17.0.9\bin\zip.dll
0x00007ffd22fa0000 - 0x00007ffd23077000 	C:\Users\Admin\.jdks\jbr-17.0.9\bin\jsvml.dll
0x00007ffd47650000 - 0x00007ffd47e3f000 	C:\Windows\System32\SHELL32.dll
0x00007ffd43a40000 - 0x00007ffd44308000 	C:\Windows\SYSTEM32\windows.storage.dll
0x00007ffd43900000 - 0x00007ffd43a3e000 	C:\Windows\SYSTEM32\wintypes.dll
0x00007ffd46bc0000 - 0x00007ffd46cb1000 	C:\Windows\System32\SHCORE.dll
0x00007ffd475c0000 - 0x00007ffd4761e000 	C:\Windows\System32\shlwapi.dll
0x00007ffd45940000 - 0x00007ffd45961000 	C:\Windows\SYSTEM32\profapi.dll
0x00007ffd28040000 - 0x00007ffd28059000 	C:\Users\Admin\.jdks\jbr-17.0.9\bin\net.dll
0x00007ffd41810000 - 0x00007ffd4193f000 	C:\Windows\SYSTEM32\WINHTTP.dll
0x00007ffd44ed0000 - 0x00007ffd44f39000 	C:\Windows\system32\mswsock.dll
0x00007ffd27f60000 - 0x00007ffd27f76000 	C:\Users\Admin\.jdks\jbr-17.0.9\bin\nio.dll
0x00007ffd2c380000 - 0x00007ffd2c390000 	C:\Users\Admin\.jdks\jbr-17.0.9\bin\verify.dll

dbghelp: loaded successfully - version: 4.0.5 - missing functions: none
symbol engine: initialized successfully - sym options: 0x614 - pdb path: .;C:\Users\Admin\.jdks\jbr-17.0.9\bin;C:\Windows\SYSTEM32;C:\Windows\WinSxS\amd64_microsoft.windows.common-controls_6595b64144ccf1df_6.0.22621.608_none_a9444ca7c10bb01d;C:\Users\Admin\.jdks\jbr-17.0.9\bin\server

VM Arguments:
java_command: org.jetbrains.kotlin.cli.jvm.K2JVMCompiler @C:\Users\Admin\old\gostadz2\gostadz2\app\build\20231214_3335289405008511375.compiler.options
java_class_path (initial): C:\Users\Admin\.gradle\caches\modules-2\files-2.1\org.jetbrains.kotlin\kotlin-compiler-embeddable\1.8.10\b0757fd774344d54ce93f5ad6c30ba1c1731c8ff\kotlin-compiler-embeddable-1.8.10.jar;C:\Users\Admin\.gradle\caches\modules-2\files-2.1\org.jetbrains.kotlin\kotlin-stdlib\1.8.10\6d5560a229477df9406943d5feda5618e98eb64c\kotlin-stdlib-1.8.10.jar;C:\Users\Admin\.gradle\caches\modules-2\files-2.1\org.jetbrains.kotlin\kotlin-script-runtime\1.8.10\b13ea9c7e46d589139e56086a878763290e20bd5\kotlin-script-runtime-1.8.10.jar;C:\Users\Admin\.gradle\caches\modules-2\files-2.1\org.jetbrains.kotlin\kotlin-reflect\1.6.10\1cbe9c92c12a94eea200d23c2bbaedaf3daf5132\kotlin-reflect-1.6.10.jar;C:\Users\Admin\.gradle\caches\modules-2\files-2.1\org.jetbrains.kotlin\kotlin-daemon-embeddable\1.8.10\ad8541d9bc1cf9e52c3204161247910c2cf601d4\kotlin-daemon-embeddable-1.8.10.jar;C:\Users\Admin\.gradle\caches\modules-2\files-2.1\org.jetbrains.intellij.deps\trove4j\1.0.20200330\3afb14d5f9ceb459d724e907a21145e8ff394f02\trove4j-1.0.20200330.jar;C:\Users\Admin\.gradle\caches\modules-2\files-2.1\net.java.dev.jna\jna\5.6.0\330f2244e9030119ab3030fc3fededc86713d9cc\jna-5.6.0.jar;C:\Users\Admin\.gradle\caches\modules-2\files-2.1\org.jetbrains.kotlin\kotlin-stdlib-common\1.8.10\a61b182458550492c12aee66157d7b524a63a5ec\kotlin-stdlib-common-1.8.10.jar;C:\Users\Admin\.gradle\caches\modules-2\files-2.1\org.jetbrains\annotations\13.0\919f0dfe192fb4e063e7dacadee7f8bb9a2672a9\annotations-13.0.jar
Launcher Type: SUN_STANDARD

[Global flags]
     intx CICompilerCount                          = 4                                         {product} {ergonomic}
     uint ConcGCThreads                            = 2                                         {product} {ergonomic}
     uint G1ConcRefinementThreads                  = 8                                         {product} {ergonomic}
   size_t G1HeapRegionSize                         = 4194304                                   {product} {ergonomic}
    uintx GCDrainStackTargetSize                   = 64                                        {product} {ergonomic}
   size_t InitialHeapSize                          = 402653184                                 {product} {ergonomic}
   size_t MarkStackSize                            = 4194304                                   {product} {ergonomic}
   size_t MaxHeapSize                              = 6387924992                                {product} {ergonomic}
   size_t MaxNewSize                               = 3829399552                                {product} {ergonomic}
   size_t MinHeapDeltaBytes                        = 4194304                                   {product} {ergonomic}
   size_t MinHeapSize                              = 8388608                                   {product} {ergonomic}
    uintx NonNMethodCodeHeapSize                   = 5839372                                {pd product} {ergonomic}
    uintx NonProfiledCodeHeapSize                  = 122909434                              {pd product} {ergonomic}
    uintx ProfiledCodeHeapSize                     = 122909434                              {pd product} {ergonomic}
    uintx ReservedCodeCacheSize                    = 251658240                              {pd product} {ergonomic}
     bool SegmentedCodeCache                       = true                                      {product} {ergonomic}
   size_t SoftMaxHeapSize                          = 6387924992                             {manageable} {ergonomic}
     bool UseCompressedClassPointers               = true                           {product lp64_product} {ergonomic}
     bool UseCompressedOops                        = true                           {product lp64_product} {ergonomic}
     bool UseG1GC                                  = true                                      {product} {ergonomic}
     bool UseLargePagesIndividualAllocation        = false                                  {pd product} {ergonomic}

Logging:
Log output configuration:
 #0: stdout all=warning uptime,level,tags
 #1: stderr all=off uptime,level,tags

Environment Variables:
PATH=C:\Windows\system32;C:\Windows;C:\Windows\System32\Wbem;C:\Windows\System32\WindowsPowerShell\v1.0\;C:\Windows\System32\OpenSSH\;C:\Program Files (x86)\NVIDIA Corporation\PhysX\Common;C:\Program Files\NVIDIA Corporation\NVIDIA NvDLISR;D:\Code\xampp\php;C:\ProgramData\ComposerSetup\bin;C:\Program Files\Git\cmd;C:\Program Files\nodejs\;C:\Program Files\dotnet\;C:\Users\Admin\AppData\Local\Microsoft\WindowsApps;C:\Users\Admin\AppData\Roaming\Composer\vendor\bin;C:\Users\Admin\AppData\Local\GitHubDesktop\bin;C:\Users\Admin\AppData\Local\Programs\Microsoft VS Code\bin;C:\Users\Admin\AppData\Roaming\npm;C:\xampp\php;
USERNAME=Admin
OS=Windows_NT
PROCESSOR_IDENTIFIER=Intel64 Family 6 Model 140 Stepping 1, GenuineIntel
TMP=C:\Users\Admin\AppData\Local\Temp
TEMP=C:\Users\Admin\AppData\Local\Temp



Periodic native trim disabled

JNI global refs:
JNI global refs: 13, weak refs: 19

JNI global refs memory usage: 843, weak refs: 841

OOME stack traces (most recent first):
Classloader memory used:
Loader jdk.internal.loader.ClassLoaders$AppClassLoader                                 : 8884K
Loader bootstrap                                                                       : 1758K
Loader java.net.URLClassLoader                                                         : 315K
Loader jdk.internal.loader.ClassLoaders$PlatformClassLoader                            : 34452B
Loader jdk.internal.reflect.DelegatingClassLoader                                      : 25280B


---------------  S Y S T E M  ---------------

OS:
 Windows 11 , 64 bit Build 22621 (10.0.22621.963)
OS uptime: 0 days 5:35 hours

CPU: total 8 (initial active 8) (4 cores per cpu, 2 threads per core) family 6 model 140 stepping 1 microcode 0xaa, cx8, cmov, fxsr, ht, mmx, 3dnowpref, sse, sse2, sse3, ssse3, sse4.1, sse4.2, popcnt, lzcnt, tsc, tscinvbit, avx, avx2, aes, erms, clmul, bmi1, bmi2, adx, avx512f, avx512dq, avx512cd, avx512bw, avx512vl, sha, fma, vzeroupper, avx512_vpopcntdq, avx512_vpclmulqdq, avx512_vaes, avx512_vnni, clflush, clflushopt, clwb, avx512_vbmi2, avx512_vbmi
Processor Information for all 8 processors :
  Max Mhz: 3110, Current Mhz: 3110, Mhz Limit: 3110

Memory: 4k page, system-wide physical 24359M (1952M free)
TotalPageFile size 24359M (AvailPageFile size 63M)
current process WorkingSet (physical memory assigned to process): 604M, peak: 604M
current process commit charge ("private bytes"): 640M, peak: 708M

vm_info: OpenJDK 64-Bit Server VM (17.0.9+7-b1087.7) for windows-amd64 JRE (17.0.9+7-b1087.7), built on 2023-11-17 by "builduser" with MS VC++ 16.10 / 16.11 (VS2019)

END.
