#
# There is insufficient memory for the Java Runtime Environment to continue.
# Native memory allocation (mmap) failed to map 65536 bytes for Failed to commit metaspace.
# Possible reasons:
#   The system is out of physical RAM or swap space
#   The process is running with CompressedOops enabled, and the Java Heap may be blocking the growth of the native heap
# Possible solutions:
#   Reduce memory load on the system
#   Increase physical memory or swap space
#   Check if swap backing store is full
#   Decrease Java heap size (-Xmx/-Xms)
#   Decrease number of Java threads
#   Decrease Java thread stack sizes (-Xss)
#   Set larger code cache with -XX:ReservedCodeCacheSize=
#   JVM is running with Unscaled Compressed Oops mode in which the Java heap is
#     placed in the first 4GB address space. The Java Heap base address is the
#     maximum limit for the native heap growth. Please use -XX:HeapBaseMinAddress
#     to set the Java Heap base and to place the Java Heap above 4GB virtual address.
# This output file may be truncated or incomplete.
#
#  Out of Memory Error (virtualSpaceNode.cpp:110), pid=19508, tid=20588
#
# JRE version: OpenJDK Runtime Environment (17.0.6) (build 17.0.6+0-b2043.56-10027231)
# Java VM: OpenJDK 64-Bit Server VM (17.0.6+0-b2043.56-10027231, mixed mode, tiered, compressed oops, compressed class ptrs, g1 gc, windows-amd64)
# No core dump will be written. Minidumps are not enabled by default on client versions of Windows
#

---------------  S U M M A R Y ------------

Command Line: --add-opens=java.base/java.util=ALL-UNNAMED --add-opens=java.base/java.lang=ALL-UNNAMED --add-opens=java.base/java.lang.invoke=ALL-UNNAMED --add-opens=java.prefs/java.util.prefs=ALL-UNNAMED --add-opens=java.base/java.nio.charset=ALL-UNNAMED --add-opens=java.base/java.net=ALL-UNNAMED --add-opens=java.base/java.util.concurrent.atomic=ALL-UNNAMED -Xmx2048m -Dfile.encoding=UTF-8 -Duser.country=ID -Duser.language=en -Duser.variant org.gradle.launcher.daemon.bootstrap.GradleDaemon 8.0

Host: 11th Gen Intel(R) Core(TM) i5-11300H @ 3.10GHz, 8 cores, 23G,  Windows 11 , 64 bit Build 22621 (10.0.22621.963)
Time: Sun Dec 10 14:44:47 2023 SE Asia Standard Time elapsed time: 178.528649 seconds (0d 0h 2m 58s)

---------------  T H R E A D  ---------------

Current thread (0x0000028533af1920):  JavaThread "C1 CompilerThread0" daemon [_thread_in_vm, id=20588, stack(0x00000093db100000,0x00000093db200000)]


Current CompileTask:
C1: 178528 16288       3       java.lang.invoke.LambdaMetafactory::altMetafactory (392 bytes)

Stack: [0x00000093db100000,0x00000093db200000]
Native frames: (J=compiled Java code, j=interpreted, Vv=VM code, C=native code)
V  [jvm.dll+0x683c9a]
V  [jvm.dll+0x8427a4]
V  [jvm.dll+0x843f9e]
V  [jvm.dll+0x844603]
V  [jvm.dll+0x249b75]
V  [jvm.dll+0x83e7fb]
V  [jvm.dll+0x628006]
V  [jvm.dll+0x62806a]
V  [jvm.dll+0x62a87a]
V  [jvm.dll+0x6289a6]
V  [jvm.dll+0x639bfa]
V  [jvm.dll+0x632a0a]
V  [jvm.dll+0x1cdb00]
V  [jvm.dll+0x1cdcf0]
V  [jvm.dll+0x13578e]
V  [jvm.dll+0x135ab6]
V  [jvm.dll+0x134f4a]
V  [jvm.dll+0x136c11]
V  [jvm.dll+0x22b098]
V  [jvm.dll+0x229159]
V  [jvm.dll+0x7f81ec]
V  [jvm.dll+0x7f274a]
V  [jvm.dll+0x682ad5]
C  [ucrtbase.dll+0x29363]
C  [KERNEL32.DLL+0x126bd]
C  [ntdll.dll+0x5dfb8]


---------------  P R O C E S S  ---------------

Threads class SMR info:
_java_thread_list=0x000002853a2bc8b0, length=158, elements={
0x0000028519b98cc0, 0x0000028533abf260, 0x0000028533abfe10, 0x0000028533ac5270,
0x0000028533a0bfb0, 0x0000028533a0c870, 0x0000028533a0da40, 0x0000028533a0e7d0,
0x0000028533af1920, 0x0000028533af6230, 0x0000028533c70990, 0x0000028533c70e60,
0x0000028536a9e830, 0x0000028535a96110, 0x0000028536ea8730, 0x000002853698e3a0,
0x000002853698da00, 0x000002853698f6e0, 0x000002853698f210, 0x000002853698e870,
0x00000285381126b0, 0x00000285381109d0, 0x0000028538112b80, 0x0000028538113050,
0x0000028538113ec0, 0x000002853810cb40, 0x000002853810e820, 0x000002853810d010,
0x000002853a73a240, 0x000002853a73c3f0, 0x000002853a73c8c0, 0x000002853a73d730,
0x000002853e74ebb0, 0x000002853e74c060, 0x0000028537fdb480, 0x0000028537fd7120,
0x0000028537fd75f0, 0x0000028537fd9c70, 0x0000028537fdbe20, 0x0000028537fda140,
0x0000028537fdcc90, 0x0000028537fdd160, 0x0000028537fda610, 0x0000028537fd7ac0,
0x0000028537fdaae0, 0x0000028537fdafb0, 0x0000028537fdb950, 0x0000028537fd92d0,
0x0000028537fdc2f0, 0x0000028537fd8930, 0x0000028537fd6780, 0x0000028537fdc7c0,
0x0000028537fd8460, 0x0000028537fd6c50, 0x0000028537fd5910, 0x0000028537fd5de0,
0x0000028537fd7f90, 0x0000028537fd8e00, 0x000002853e74f080, 0x000002853e74e210,
0x000002853e74fef0, 0x000002853e74c530, 0x000002853e750890, 0x000002853e750d60,
0x000002853e74ca00, 0x000002853e7520a0, 0x000002853e752a40, 0x000002853e74d870,
0x000002853e752f10, 0x000002853e74dd40, 0x000002853810c670, 0x0000028538110ea0,
0x000002853810f1c0, 0x00000285381121e0, 0x000002853810d4e0, 0x000002853810d9b0,
0x000002853810de80, 0x0000028538110500, 0x0000028538111370, 0x000002853810fb60,
0x0000028538111840, 0x0000028538110030, 0x000002853a73f8e0, 0x000002853a7415c0,
0x000002853a73b0b0, 0x000002853a73e5a0, 0x000002853a740280, 0x000002853a73ba50,
0x000002853a741a90, 0x000002853a73bf20, 0x000002853698fbb0, 0x0000028536990550,
0x0000028536990a20, 0x0000028536990ef0, 0x000002853698d530, 0x0000028534a8e6f0,
0x0000028534a8ca10, 0x0000028534a8fa30, 0x0000028534a91710, 0x0000028534a8ebc0,
0x0000028534a8f090, 0x0000028534a8a390, 0x0000028534a8ff00, 0x0000028534a8b200,
0x0000028534a903d0, 0x0000028534a8c540, 0x0000028534a8b6d0, 0x0000028534a91240,
0x0000028534a8d3b0, 0x0000028534a8ad30, 0x0000028534a8e220, 0x0000028534a8f560,
0x0000028534a8cee0, 0x0000028534a908a0, 0x0000028534a8bba0, 0x0000028534a8a860,
0x0000028534a8d880, 0x0000028534a90d70, 0x0000028534a89ec0, 0x0000028534a8dd50,
0x00000285368f2880, 0x00000285368f1ee0, 0x00000285368f06d0, 0x00000285368eb9d0,
0x00000285368eeec0, 0x00000285368ec840, 0x00000285368ecd10, 0x00000285368f0ba0,
0x00000285368f1070, 0x00000285368f0200, 0x00000285368f2d50, 0x00000285368ec370,
0x00000285368efd30, 0x00000285368f1540, 0x00000285368f1a10, 0x00000285368f23b0,
0x00000285368ef390, 0x00000285368f3220, 0x00000285368ee9f0, 0x00000285368edb80,
0x00000285368ed6b0, 0x00000285368ee050, 0x000002853e74ced0, 0x000002853dd96880,
0x000002853dd95070, 0x000002853dd93860, 0x000002853dd93d30, 0x000002853dd99d70,
0x000002853dd963b0, 0x000002853dd946d0, 0x000002853dd95ee0, 0x000002853c5c5000,
0x000002853c5c96e0, 0x000002853dd98f00, 0x000002853dd97220, 0x000002853dd976f0,
0x000002853dd97bc0, 0x000002853dd98a30
}

Java Threads: ( => current thread )
  0x0000028519b98cc0 JavaThread "main" [_thread_blocked, id=10228, stack(0x00000093da300000,0x00000093da400000)]
  0x0000028533abf260 JavaThread "Reference Handler" daemon [_thread_blocked, id=20980, stack(0x00000093daa00000,0x00000093dab00000)]
  0x0000028533abfe10 JavaThread "Finalizer" daemon [_thread_blocked, id=16688, stack(0x00000093dab00000,0x00000093dac00000)]
  0x0000028533ac5270 JavaThread "Signal Dispatcher" daemon [_thread_blocked, id=15272, stack(0x00000093dac00000,0x00000093dad00000)]
  0x0000028533a0bfb0 JavaThread "Attach Listener" daemon [_thread_blocked, id=10864, stack(0x00000093dad00000,0x00000093dae00000)]
  0x0000028533a0c870 JavaThread "Service Thread" daemon [_thread_blocked, id=6308, stack(0x00000093dae00000,0x00000093daf00000)]
  0x0000028533a0da40 JavaThread "Monitor Deflation Thread" daemon [_thread_blocked, id=6228, stack(0x00000093daf00000,0x00000093db000000)]
  0x0000028533a0e7d0 JavaThread "C2 CompilerThread0" daemon [_thread_blocked, id=17088, stack(0x00000093db000000,0x00000093db100000)]
=>0x0000028533af1920 JavaThread "C1 CompilerThread0" daemon [_thread_in_vm, id=20588, stack(0x00000093db100000,0x00000093db200000)]
  0x0000028533af6230 JavaThread "Sweeper thread" daemon [_thread_blocked, id=22084, stack(0x00000093db200000,0x00000093db300000)]
  0x0000028533c70990 JavaThread "Common-Cleaner" daemon [_thread_blocked, id=13876, stack(0x00000093db300000,0x00000093db400000)]
  0x0000028533c70e60 JavaThread "Notification Thread" daemon [_thread_blocked, id=17832, stack(0x00000093db400000,0x00000093db500000)]
  0x0000028536a9e830 JavaThread "Daemon health stats" [_thread_blocked, id=2968, stack(0x00000093dbf00000,0x00000093dc000000)]
  0x0000028535a96110 JavaThread "Incoming local TCP Connector on port 64410" [_thread_in_native, id=1992, stack(0x00000093dc000000,0x00000093dc100000)]
  0x0000028536ea8730 JavaThread "Daemon periodic checks" [_thread_blocked, id=5616, stack(0x00000093dc100000,0x00000093dc200000)]
  0x000002853698e3a0 JavaThread "Cache worker for journal cache (C:\Users\Admin\.gradle\caches\journal-1)" [_thread_blocked, id=13452, stack(0x00000093dc900000,0x00000093dca00000)]
  0x000002853698da00 JavaThread "File lock request listener" [_thread_in_native, id=10376, stack(0x00000093dca00000,0x00000093dcb00000)]
  0x000002853698f6e0 JavaThread "Cache worker for file hash cache (C:\Users\Admin\.gradle\caches\8.0\fileHashes)" [_thread_blocked, id=18212, stack(0x00000093dcb00000,0x00000093dcc00000)]
  0x000002853698f210 JavaThread "File watcher server" daemon [_thread_in_native, id=16804, stack(0x00000093dcd00000,0x00000093dce00000)]
  0x000002853698e870 JavaThread "File watcher consumer" daemon [_thread_blocked, id=11756, stack(0x00000093dce00000,0x00000093dcf00000)]
  0x00000285381126b0 JavaThread "Cache worker for file content cache (C:\Users\Admin\.gradle\caches\8.0\fileContent)" [_thread_blocked, id=5960, stack(0x00000093dd100000,0x00000093dd200000)]
  0x00000285381109d0 JavaThread "Cache worker for execution history cache (C:\Users\Admin\.gradle\caches\8.0\executionHistory)" [_thread_blocked, id=11716, stack(0x00000093dd400000,0x00000093dd500000)]
  0x0000028538112b80 JavaThread "jar transforms" [_thread_blocked, id=13480, stack(0x00000093dd500000,0x00000093dd600000)]
  0x0000028538113050 JavaThread "jar transforms Thread 2" [_thread_blocked, id=2104, stack(0x00000093dd600000,0x00000093dd700000)]
  0x0000028538113ec0 JavaThread "Cache worker for kotlin-dsl (C:\Users\Admin\.gradle\caches\8.0\kotlin-dsl)" [_thread_blocked, id=19716, stack(0x00000093dd700000,0x00000093dd800000)]
  0x000002853810cb40 JavaThread "jar transforms Thread 3" [_thread_blocked, id=18580, stack(0x00000093dd800000,0x00000093dd900000)]
  0x000002853810e820 JavaThread "jar transforms Thread 4" [_thread_blocked, id=17240, stack(0x00000093dd900000,0x00000093dda00000)]
  0x000002853810d010 JavaThread "jar transforms Thread 5" [_thread_blocked, id=17120, stack(0x00000093ddc00000,0x00000093ddd00000)]
  0x000002853a73a240 JavaThread "jar transforms Thread 6" [_thread_blocked, id=19664, stack(0x00000093e2d00000,0x00000093e2e00000)]
  0x000002853a73c3f0 JavaThread "jar transforms Thread 7" [_thread_blocked, id=9284, stack(0x00000093e2e00000,0x00000093e2f00000)]
  0x000002853a73c8c0 JavaThread "jar transforms Thread 8" [_thread_blocked, id=2936, stack(0x00000093e2f00000,0x00000093e3000000)]
  0x000002853a73d730 JavaThread "Memory manager" [_thread_blocked, id=8064, stack(0x00000093e3100000,0x00000093e3200000)]
  0x000002853e74ebb0 JavaThread "pool-3-thread-1" [_thread_blocked, id=16324, stack(0x00000093e3200000,0x00000093e3300000)]
  0x000002853e74c060 JavaThread "RMI Scheduler(0)" daemon [_thread_blocked, id=5252, stack(0x00000093db600000,0x00000093db700000)]
  0x0000028537fdb480 JavaThread "RMI GC Daemon" daemon [_thread_blocked, id=20248, stack(0x00000093e3e00000,0x00000093e3f00000)]
  0x0000028537fd7120 JavaThread "RMI TCP Accept-0" daemon [_thread_in_native, id=22036, stack(0x00000093e3f00000,0x00000093e4000000)]
  0x0000028537fd75f0 JavaThread "RMI Reaper" [_thread_blocked, id=17636, stack(0x00000093e4000000,0x00000093e4100000)]
  0x0000028537fd9c70 JavaThread "Daemon Thread 2" [_thread_blocked, id=16400, stack(0x00000093da000000,0x00000093da100000)]
  0x0000028537fdbe20 JavaThread "Handler for socket connection from /127.0.0.1:64410 to /127.0.0.1:64427" [_thread_in_native, id=21856, stack(0x00000093da100000,0x00000093da200000)]
  0x0000028537fda140 JavaThread "Cancel handler" [_thread_blocked, id=22300, stack(0x00000093da200000,0x00000093da300000)]
  0x0000028537fdcc90 JavaThread "Daemon worker Thread 2" [_thread_blocked, id=16156, stack(0x00000093dc200000,0x00000093dc300000)]
  0x0000028537fdd160 JavaThread "Asynchronous log dispatcher for DefaultDaemonConnection: socket connection from /127.0.0.1:64410 to /127.0.0.1:64427" [_thread_blocked, id=6364, stack(0x00000093dc300000,0x00000093dc400000)]
  0x0000028537fda610 JavaThread "Stdin handler" [_thread_blocked, id=17112, stack(0x00000093dc400000,0x00000093dc500000)]
  0x0000028537fd7ac0 JavaThread "Daemon client event forwarder" [_thread_blocked, id=2948, stack(0x00000093dc500000,0x00000093dc600000)]
  0x0000028537fdaae0 JavaThread "Cache worker for checksums cache (C:\Users\Admin\AndroidStudioProjects\gostadz2\.gradle\8.0\checksums)" [_thread_blocked, id=22280, stack(0x00000093dc800000,0x00000093dc900000)]
  0x0000028537fdafb0 JavaThread "Cache worker for cache directory md-rule (C:\Users\Admin\.gradle\caches\8.0\md-rule)" [_thread_blocked, id=20336, stack(0x00000093dcc00000,0x00000093dcd00000)]
  0x0000028537fdb950 JavaThread "Cache worker for file hash cache (C:\Users\Admin\AndroidStudioProjects\gostadz2\.gradle\8.0\fileHashes)" [_thread_blocked, id=1740, stack(0x00000093dcf00000,0x00000093dd000000)]
  0x0000028537fd92d0 JavaThread "Cache worker for cache directory md-supplier (C:\Users\Admin\.gradle\caches\8.0\md-supplier)" [_thread_blocked, id=736, stack(0x00000093dd000000,0x00000093dd100000)]
  0x0000028537fdc2f0 JavaThread "Cache worker for dependencies-accessors (C:\Users\Admin\AndroidStudioProjects\gostadz2\.gradle\8.0\dependencies-accessors)" [_thread_blocked, id=20256, stack(0x00000093dd200000,0x00000093dd300000)]
  0x0000028537fd8930 JavaThread "Cache worker for Build Output Cleanup Cache (C:\Users\Admin\AndroidStudioProjects\gostadz2\.gradle\buildOutputCleanup)" [_thread_blocked, id=11020, stack(0x00000093dd300000,0x00000093dd400000)]
  0x0000028537fd6780 JavaThread "Unconstrained build operations" [_thread_blocked, id=19584, stack(0x00000093dda00000,0x00000093ddb00000)]
  0x0000028537fdc7c0 JavaThread "Unconstrained build operations Thread 2" [_thread_blocked, id=4032, stack(0x00000093ddb00000,0x00000093ddc00000)]
  0x0000028537fd8460 JavaThread "Unconstrained build operations Thread 3" [_thread_blocked, id=22468, stack(0x00000093ddd00000,0x00000093dde00000)]
  0x0000028537fd6c50 JavaThread "Unconstrained build operations Thread 4" [_thread_blocked, id=5176, stack(0x00000093dde00000,0x00000093ddf00000)]
  0x0000028537fd5910 JavaThread "Unconstrained build operations Thread 5" [_thread_blocked, id=21272, stack(0x00000093ddf00000,0x00000093de000000)]
  0x0000028537fd5de0 JavaThread "Unconstrained build operations Thread 6" [_thread_blocked, id=13052, stack(0x00000093de000000,0x00000093de100000)]
  0x0000028537fd7f90 JavaThread "Unconstrained build operations Thread 7" [_thread_blocked, id=18132, stack(0x00000093de100000,0x00000093de200000)]
  0x0000028537fd8e00 JavaThread "Unconstrained build operations Thread 8" [_thread_blocked, id=6312, stack(0x00000093de200000,0x00000093de300000)]
  0x000002853e74f080 JavaThread "Unconstrained build operations Thread 9" [_thread_blocked, id=12544, stack(0x00000093de300000,0x00000093de400000)]
  0x000002853e74e210 JavaThread "Unconstrained build operations Thread 10" [_thread_blocked, id=6712, stack(0x00000093de400000,0x00000093de500000)]
  0x000002853e74fef0 JavaThread "Unconstrained build operations Thread 11" [_thread_blocked, id=17036, stack(0x00000093de500000,0x00000093de600000)]
  0x000002853e74c530 JavaThread "Unconstrained build operations Thread 12" [_thread_blocked, id=8584, stack(0x00000093de600000,0x00000093de700000)]
  0x000002853e750890 JavaThread "Unconstrained build operations Thread 13" [_thread_blocked, id=21988, stack(0x00000093de700000,0x00000093de800000)]
  0x000002853e750d60 JavaThread "Unconstrained build operations Thread 14" [_thread_blocked, id=22324, stack(0x00000093de800000,0x00000093de900000)]
  0x000002853e74ca00 JavaThread "Unconstrained build operations Thread 15" [_thread_blocked, id=13384, stack(0x00000093de900000,0x00000093dea00000)]
  0x000002853e7520a0 JavaThread "Unconstrained build operations Thread 16" [_thread_blocked, id=1416, stack(0x00000093dea00000,0x00000093deb00000)]
  0x000002853e752a40 JavaThread "Unconstrained build operations Thread 17" [_thread_blocked, id=18592, stack(0x00000093deb00000,0x00000093dec00000)]
  0x000002853e74d870 JavaThread "Unconstrained build operations Thread 18" [_thread_blocked, id=18672, stack(0x00000093dec00000,0x00000093ded00000)]
  0x000002853e752f10 JavaThread "Unconstrained build operations Thread 19" [_thread_blocked, id=17296, stack(0x00000093ded00000,0x00000093dee00000)]
  0x000002853e74dd40 JavaThread "Unconstrained build operations Thread 20" [_thread_blocked, id=12560, stack(0x00000093dee00000,0x00000093def00000)]
  0x000002853810c670 JavaThread "Unconstrained build operations Thread 21" [_thread_blocked, id=2004, stack(0x00000093def00000,0x00000093df000000)]
  0x0000028538110ea0 JavaThread "Unconstrained build operations Thread 22" [_thread_blocked, id=16252, stack(0x00000093df000000,0x00000093df100000)]
  0x000002853810f1c0 JavaThread "Unconstrained build operations Thread 23" [_thread_blocked, id=21444, stack(0x00000093df100000,0x00000093df200000)]
  0x00000285381121e0 JavaThread "Unconstrained build operations Thread 24" [_thread_blocked, id=22392, stack(0x00000093df200000,0x00000093df300000)]
  0x000002853810d4e0 JavaThread "Unconstrained build operations Thread 25" [_thread_blocked, id=10812, stack(0x00000093df300000,0x00000093df400000)]
  0x000002853810d9b0 JavaThread "Unconstrained build operations Thread 26" [_thread_blocked, id=12300, stack(0x00000093df400000,0x00000093df500000)]
  0x000002853810de80 JavaThread "Unconstrained build operations Thread 27" [_thread_blocked, id=13992, stack(0x00000093df500000,0x00000093df600000)]
  0x0000028538110500 JavaThread "Unconstrained build operations Thread 28" [_thread_blocked, id=5028, stack(0x00000093df600000,0x00000093df700000)]
  0x0000028538111370 JavaThread "Unconstrained build operations Thread 29" [_thread_blocked, id=1420, stack(0x00000093df700000,0x00000093df800000)]
  0x000002853810fb60 JavaThread "Unconstrained build operations Thread 30" [_thread_blocked, id=13796, stack(0x00000093df800000,0x00000093df900000)]
  0x0000028538111840 JavaThread "Unconstrained build operations Thread 31" [_thread_blocked, id=9520, stack(0x00000093df900000,0x00000093dfa00000)]
  0x0000028538110030 JavaThread "Unconstrained build operations Thread 32" [_thread_blocked, id=16512, stack(0x00000093dfa00000,0x00000093dfb00000)]
  0x000002853a73f8e0 JavaThread "Unconstrained build operations Thread 33" [_thread_blocked, id=18752, stack(0x00000093dfb00000,0x00000093dfc00000)]
  0x000002853a7415c0 JavaThread "Unconstrained build operations Thread 34" [_thread_blocked, id=12996, stack(0x00000093dfc00000,0x00000093dfd00000)]
  0x000002853a73b0b0 JavaThread "Unconstrained build operations Thread 35" [_thread_blocked, id=10348, stack(0x00000093dfd00000,0x00000093dfe00000)]
  0x000002853a73e5a0 JavaThread "Unconstrained build operations Thread 36" [_thread_blocked, id=14904, stack(0x00000093dfe00000,0x00000093dff00000)]
  0x000002853a740280 JavaThread "Unconstrained build operations Thread 37" [_thread_blocked, id=12832, stack(0x00000093dff00000,0x00000093e0000000)]
  0x000002853a73ba50 JavaThread "Unconstrained build operations Thread 38" [_thread_blocked, id=21380, stack(0x00000093e0000000,0x00000093e0100000)]
  0x000002853a741a90 JavaThread "Unconstrained build operations Thread 39" [_thread_blocked, id=9976, stack(0x00000093e0100000,0x00000093e0200000)]
  0x000002853a73bf20 JavaThread "Unconstrained build operations Thread 40" [_thread_blocked, id=15236, stack(0x00000093e0200000,0x00000093e0300000)]
  0x000002853698fbb0 JavaThread "Unconstrained build operations Thread 41" [_thread_blocked, id=16812, stack(0x00000093e0300000,0x00000093e0400000)]
  0x0000028536990550 JavaThread "Unconstrained build operations Thread 42" [_thread_blocked, id=18328, stack(0x00000093e0400000,0x00000093e0500000)]
  0x0000028536990a20 JavaThread "Unconstrained build operations Thread 43" [_thread_blocked, id=16044, stack(0x00000093e0500000,0x00000093e0600000)]
  0x0000028536990ef0 JavaThread "Unconstrained build operations Thread 44" [_thread_blocked, id=13252, stack(0x00000093e0600000,0x00000093e0700000)]
  0x000002853698d530 JavaThread "Unconstrained build operations Thread 45" [_thread_blocked, id=18284, stack(0x00000093e0700000,0x00000093e0800000)]
  0x0000028534a8e6f0 JavaThread "Unconstrained build operations Thread 46" [_thread_blocked, id=15972, stack(0x00000093e0800000,0x00000093e0900000)]
  0x0000028534a8ca10 JavaThread "Unconstrained build operations Thread 47" [_thread_blocked, id=21788, stack(0x00000093e0900000,0x00000093e0a00000)]
  0x0000028534a8fa30 JavaThread "Unconstrained build operations Thread 48" [_thread_blocked, id=16816, stack(0x00000093e0a00000,0x00000093e0b00000)]
  0x0000028534a91710 JavaThread "Unconstrained build operations Thread 49" [_thread_blocked, id=16864, stack(0x00000093e0b00000,0x00000093e0c00000)]
  0x0000028534a8ebc0 JavaThread "Unconstrained build operations Thread 50" [_thread_blocked, id=22312, stack(0x00000093e0c00000,0x00000093e0d00000)]
  0x0000028534a8f090 JavaThread "Unconstrained build operations Thread 51" [_thread_blocked, id=20688, stack(0x00000093e0d00000,0x00000093e0e00000)]
  0x0000028534a8a390 JavaThread "Unconstrained build operations Thread 52" [_thread_blocked, id=6736, stack(0x00000093e0e00000,0x00000093e0f00000)]
  0x0000028534a8ff00 JavaThread "Unconstrained build operations Thread 53" [_thread_blocked, id=21696, stack(0x00000093e0f00000,0x00000093e1000000)]
  0x0000028534a8b200 JavaThread "Unconstrained build operations Thread 54" [_thread_blocked, id=16000, stack(0x00000093e1000000,0x00000093e1100000)]
  0x0000028534a903d0 JavaThread "Unconstrained build operations Thread 55" [_thread_blocked, id=4900, stack(0x00000093e1100000,0x00000093e1200000)]
  0x0000028534a8c540 JavaThread "Unconstrained build operations Thread 56" [_thread_blocked, id=22212, stack(0x00000093e1200000,0x00000093e1300000)]
  0x0000028534a8b6d0 JavaThread "Unconstrained build operations Thread 57" [_thread_blocked, id=7696, stack(0x00000093e1300000,0x00000093e1400000)]
  0x0000028534a91240 JavaThread "Unconstrained build operations Thread 58" [_thread_blocked, id=11172, stack(0x00000093e1400000,0x00000093e1500000)]
  0x0000028534a8d3b0 JavaThread "Unconstrained build operations Thread 59" [_thread_blocked, id=13476, stack(0x00000093e1500000,0x00000093e1600000)]
  0x0000028534a8ad30 JavaThread "Unconstrained build operations Thread 60" [_thread_blocked, id=9576, stack(0x00000093e1600000,0x00000093e1700000)]
  0x0000028534a8e220 JavaThread "Unconstrained build operations Thread 61" [_thread_blocked, id=2016, stack(0x00000093e1700000,0x00000093e1800000)]
  0x0000028534a8f560 JavaThread "Unconstrained build operations Thread 62" [_thread_blocked, id=14976, stack(0x00000093e1800000,0x00000093e1900000)]
  0x0000028534a8cee0 JavaThread "Unconstrained build operations Thread 63" [_thread_blocked, id=2988, stack(0x00000093e1900000,0x00000093e1a00000)]
  0x0000028534a908a0 JavaThread "Unconstrained build operations Thread 64" [_thread_blocked, id=1608, stack(0x00000093e1a00000,0x00000093e1b00000)]
  0x0000028534a8bba0 JavaThread "Unconstrained build operations Thread 65" [_thread_blocked, id=17216, stack(0x00000093e1b00000,0x00000093e1c00000)]
  0x0000028534a8a860 JavaThread "Unconstrained build operations Thread 66" [_thread_blocked, id=9596, stack(0x00000093e1c00000,0x00000093e1d00000)]
  0x0000028534a8d880 JavaThread "Unconstrained build operations Thread 67" [_thread_blocked, id=6436, stack(0x00000093e1d00000,0x00000093e1e00000)]
  0x0000028534a90d70 JavaThread "Unconstrained build operations Thread 68" [_thread_blocked, id=14540, stack(0x00000093e1e00000,0x00000093e1f00000)]
  0x0000028534a89ec0 JavaThread "Unconstrained build operations Thread 69" [_thread_blocked, id=10688, stack(0x00000093e1f00000,0x00000093e2000000)]
  0x0000028534a8dd50 JavaThread "Unconstrained build operations Thread 70" [_thread_blocked, id=10120, stack(0x00000093e2000000,0x00000093e2100000)]
  0x00000285368f2880 JavaThread "Unconstrained build operations Thread 71" [_thread_blocked, id=9452, stack(0x00000093e2100000,0x00000093e2200000)]
  0x00000285368f1ee0 JavaThread "Unconstrained build operations Thread 72" [_thread_blocked, id=3964, stack(0x00000093e2200000,0x00000093e2300000)]
  0x00000285368f06d0 JavaThread "Unconstrained build operations Thread 73" [_thread_blocked, id=13600, stack(0x00000093e2300000,0x00000093e2400000)]
  0x00000285368eb9d0 JavaThread "Unconstrained build operations Thread 74" [_thread_blocked, id=6856, stack(0x00000093e2400000,0x00000093e2500000)]
  0x00000285368eeec0 JavaThread "Unconstrained build operations Thread 75" [_thread_blocked, id=16052, stack(0x00000093e2500000,0x00000093e2600000)]
  0x00000285368ec840 JavaThread "Unconstrained build operations Thread 76" [_thread_blocked, id=15692, stack(0x00000093e2600000,0x00000093e2700000)]
  0x00000285368ecd10 JavaThread "Unconstrained build operations Thread 77" [_thread_blocked, id=16728, stack(0x00000093e2700000,0x00000093e2800000)]
  0x00000285368f0ba0 JavaThread "Unconstrained build operations Thread 78" [_thread_blocked, id=19548, stack(0x00000093e2800000,0x00000093e2900000)]
  0x00000285368f1070 JavaThread "Unconstrained build operations Thread 79" [_thread_blocked, id=14484, stack(0x00000093e2900000,0x00000093e2a00000)]
  0x00000285368f0200 JavaThread "Unconstrained build operations Thread 80" [_thread_blocked, id=14608, stack(0x00000093e2a00000,0x00000093e2b00000)]
  0x00000285368f2d50 JavaThread "build event listener" [_thread_blocked, id=15432, stack(0x00000093e2b00000,0x00000093e2c00000)]
  0x00000285368ec370 JavaThread "pool-6-thread-1" [_thread_blocked, id=9604, stack(0x00000093e2c00000,0x00000093e2d00000)]
  0x00000285368efd30 JavaThread "build event listener" [_thread_blocked, id=19576, stack(0x00000093e3000000,0x00000093e3100000)]
  0x00000285368f1540 JavaThread "included builds" [_thread_blocked, id=12428, stack(0x00000093e3300000,0x00000093e3400000)]
  0x00000285368f1a10 JavaThread "Execution worker" [_thread_blocked, id=19148, stack(0x00000093e3400000,0x00000093e3500000)]
  0x00000285368f23b0 JavaThread "Execution worker Thread 2" [_thread_blocked, id=10256, stack(0x00000093e3500000,0x00000093e3600000)]
  0x00000285368ef390 JavaThread "Execution worker Thread 3" [_thread_blocked, id=9128, stack(0x00000093e3600000,0x00000093e3700000)]
  0x00000285368f3220 JavaThread "Execution worker Thread 4" [_thread_blocked, id=14616, stack(0x00000093e3700000,0x00000093e3800000)]
  0x00000285368ee9f0 JavaThread "Execution worker Thread 5" [_thread_blocked, id=17900, stack(0x00000093e3800000,0x00000093e3900000)]
  0x00000285368edb80 JavaThread "Execution worker Thread 6" [_thread_blocked, id=15660, stack(0x00000093e3900000,0x00000093e3a00000)]
  0x00000285368ed6b0 JavaThread "Execution worker Thread 7" [_thread_blocked, id=20028, stack(0x00000093e3a00000,0x00000093e3b00000)]
  0x00000285368ee050 JavaThread "Cache worker for execution history cache (C:\Users\Admin\AndroidStudioProjects\gostadz2\.gradle\8.0\executionHistory)" [_thread_blocked, id=2556, stack(0x00000093e3b00000,0x00000093e3c00000)]
  0x000002853e74ced0 JavaThread "WorkerExecutor Queue" [_thread_in_vm, id=20816, stack(0x00000093dc700000,0x00000093dc800000)]
  0x000002853dd96880 JavaThread "WorkerExecutor Queue Thread 2" [_thread_in_vm, id=6100, stack(0x00000093e3c00000,0x00000093e3d00000)]
  0x000002853dd95070 JavaThread "WorkerExecutor Queue Thread 3" [_thread_in_vm, id=5860, stack(0x00000093e4100000,0x00000093e4200000)]
  0x000002853dd93860 JavaThread "pool-7-thread-1" [_thread_blocked, id=14360, stack(0x00000093e4200000,0x00000093e4300000)]
  0x000002853dd93d30 JavaThread "stderr" [_thread_in_native, id=13116, stack(0x00000093e4300000,0x00000093e4400000)]
  0x000002853dd99d70 JavaThread "stdout" [_thread_in_native, id=14932, stack(0x00000093e4400000,0x00000093e4500000)]
  0x000002853dd963b0 JavaThread "WorkerExecutor Queue Thread 4" [_thread_blocked, id=1756, stack(0x00000093e4500000,0x00000093e4600000)]
  0x000002853dd946d0 JavaThread "RMI TCP Connection(2)-127.0.0.1" daemon [_thread_in_native, id=6284, stack(0x00000093e4700000,0x00000093e4800000)]
  0x000002853dd95ee0 JavaThread "RMI TCP Connection(3)-127.0.0.1" daemon [_thread_in_native, id=22000, stack(0x00000093e4800000,0x00000093e4900000)]
  0x000002853c5c5000 JavaThread "C2 CompilerThread1" daemon [_thread_blocked, id=9012, stack(0x00000093dc600000,0x00000093dc700000)]
  0x000002853c5c96e0 JavaThread "C2 CompilerThread2" daemon [_thread_blocked, id=6932, stack(0x00000093e3d00000,0x00000093e3e00000)]
  0x000002853dd98f00 JavaThread "WorkerExecutor Queue Thread 5" [_thread_in_vm, id=5308, stack(0x00000093e4900000,0x00000093e4a00000)]
  0x000002853dd97220 JavaThread "WorkerExecutor Queue Thread 6" [_thread_blocked, id=7588, stack(0x00000093e4a00000,0x00000093e4b00000)]
  0x000002853dd976f0 JavaThread "WorkerExecutor Queue Thread 7" [_thread_blocked, id=15160, stack(0x00000093e4b00000,0x00000093e4c00000)]
  0x000002853dd97bc0 JavaThread "WorkerExecutor Queue Thread 8" [_thread_blocked, id=13744, stack(0x00000093e4c00000,0x00000093e4d00000)]
  0x000002853dd98a30 JavaThread "WorkerExecutor Queue Thread 9" [_thread_blocked, id=14720, stack(0x00000093e4d00000,0x00000093e4e00000)]

Other Threads:
  0x0000028533aab030 VMThread "VM Thread" [stack: 0x00000093da900000,0x00000093daa00000] [id=12944]
  0x0000028519c15c30 WatcherThread [stack: 0x00000093db500000,0x00000093db600000] [id=6056]
  0x0000028519bf4950 GCTaskThread "GC Thread#0" [stack: 0x00000093da400000,0x00000093da500000] [id=17108]
  0x00000285355ab420 GCTaskThread "GC Thread#1" [stack: 0x00000093db800000,0x00000093db900000] [id=13640]
  0x00000285355d3a80 GCTaskThread "GC Thread#2" [stack: 0x00000093db900000,0x00000093dba00000] [id=3200]
  0x00000285355d3d30 GCTaskThread "GC Thread#3" [stack: 0x00000093dba00000,0x00000093dbb00000] [id=1332]
  0x0000028535442f50 GCTaskThread "GC Thread#4" [stack: 0x00000093dbb00000,0x00000093dbc00000] [id=12892]
  0x0000028535443200 GCTaskThread "GC Thread#5" [stack: 0x00000093dbc00000,0x00000093dbd00000] [id=9640]
  0x00000285354434b0 GCTaskThread "GC Thread#6" [stack: 0x00000093dbd00000,0x00000093dbe00000] [id=1360]
  0x0000028534b13d70 GCTaskThread "GC Thread#7" [stack: 0x00000093dbe00000,0x00000093dbf00000] [id=13248]
  0x0000028519c059f0 ConcurrentGCThread "G1 Main Marker" [stack: 0x00000093da500000,0x00000093da600000] [id=15032]
  0x0000028519c06400 ConcurrentGCThread "G1 Conc#0" [stack: 0x00000093da600000,0x00000093da700000] [id=15004]
  0x0000028536aff440 ConcurrentGCThread "G1 Conc#1" [stack: 0x00000093db700000,0x00000093db800000] [id=7604]
  0x0000028519c5e3c0 ConcurrentGCThread "G1 Refine#0" [stack: 0x00000093da700000,0x00000093da800000] [id=16244]
  0x0000028519c5ec80 ConcurrentGCThread "G1 Service" [stack: 0x00000093da800000,0x00000093da900000] [id=2528]

Threads with active compile tasks:
C1 CompilerThread0   178543 16288       3       java.lang.invoke.LambdaMetafactory::altMetafactory (392 bytes)

VM state: not at safepoint (normal execution)

VM Mutex/Monitor currently owned by a thread:  ([mutex/lock_event])
[0x0000028519b92550] Metaspace_lock - owner thread: 0x0000028533af1920
[0x0000028519b92790] MethodData_lock - owner thread: 0x0000028533af1920

Heap address: 0x0000000080000000, size: 2048 MB, Compressed Oops mode: 32-bit

CDS archive(s) not mapped
Compressed class space mapped at: 0x0000000100000000-0x0000000140000000, reserved size: 1073741824
Narrow klass base: 0x0000000000000000, Narrow klass shift: 3, Narrow klass range: 0x140000000

GC Precious Log:
 CPUs: 8 total, 8 available
 Memory: 24359M
 Large Page Support: Disabled
 NUMA Support: Disabled
 Compressed Oops: Enabled (32-bit)
 Heap Region Size: 1M
 Heap Min Capacity: 8M
 Heap Initial Capacity: 382M
 Heap Max Capacity: 2G
 Pre-touch: Disabled
 Parallel Workers: 8
 Concurrent Workers: 2
 Concurrent Refinement Workers: 8
 Periodic GC: Disabled

Heap:
 garbage-first heap   total 230400K, used 129792K [0x0000000080000000, 0x0000000100000000)
  region size 1024K, 14 young (14336K), 5 survivors (5120K)
 Metaspace       used 122470K, committed 123328K, reserved 1163264K
  class space    used 16329K, committed 16768K, reserved 1048576K

Heap Regions: E=young(eden), S=young(survivor), O=old, HS=humongous(starts), HC=humongous(continues), CS=collection set, F=free, OA=open archive, CA=closed archive, TAMS=top-at-mark-start (previous, next)
|   0|0x0000000080000000, 0x0000000080100000, 0x0000000080100000|100%|HS|  |TAMS 0x0000000080100000, 0x0000000080000000| Complete 
|   1|0x0000000080100000, 0x0000000080200000, 0x0000000080200000|100%|HC|  |TAMS 0x0000000080200000, 0x0000000080100000| Complete 
|   2|0x0000000080200000, 0x0000000080300000, 0x0000000080300000|100%|HC|  |TAMS 0x0000000080300000, 0x0000000080200000| Complete 
|   3|0x0000000080300000, 0x0000000080400000, 0x0000000080400000|100%|HC|  |TAMS 0x0000000080400000, 0x0000000080300000| Complete 
|   4|0x0000000080400000, 0x0000000080500000, 0x0000000080500000|100%| O|  |TAMS 0x0000000080500000, 0x0000000080400000| Untracked 
|   5|0x0000000080500000, 0x0000000080600000, 0x0000000080600000|100%| O|  |TAMS 0x0000000080600000, 0x0000000080500000| Untracked 
|   6|0x0000000080600000, 0x0000000080700000, 0x0000000080700000|100%| O|  |TAMS 0x0000000080700000, 0x0000000080600000| Untracked 
|   7|0x0000000080700000, 0x0000000080800000, 0x0000000080800000|100%| O|  |TAMS 0x0000000080800000, 0x0000000080700000| Untracked 
|   8|0x0000000080800000, 0x0000000080900000, 0x0000000080900000|100%| O|  |TAMS 0x0000000080900000, 0x0000000080800000| Untracked 
|   9|0x0000000080900000, 0x0000000080a00000, 0x0000000080a00000|100%| O|  |TAMS 0x0000000080a00000, 0x0000000080900000| Untracked 
|  10|0x0000000080a00000, 0x0000000080b00000, 0x0000000080b00000|100%| O|  |TAMS 0x0000000080b00000, 0x0000000080a00000| Untracked 
|  11|0x0000000080b00000, 0x0000000080c00000, 0x0000000080c00000|100%| O|  |TAMS 0x0000000080c00000, 0x0000000080b00000| Untracked 
|  12|0x0000000080c00000, 0x0000000080d00000, 0x0000000080d00000|100%| O|  |TAMS 0x0000000080d00000, 0x0000000080c00000| Untracked 
|  13|0x0000000080d00000, 0x0000000080e00000, 0x0000000080e00000|100%| O|  |TAMS 0x0000000080e00000, 0x0000000080d00000| Untracked 
|  14|0x0000000080e00000, 0x0000000080f00000, 0x0000000080f00000|100%| O|  |TAMS 0x0000000080f00000, 0x0000000080e00000| Untracked 
|  15|0x0000000080f00000, 0x0000000081000000, 0x0000000081000000|100%| O|  |TAMS 0x0000000081000000, 0x0000000080f00000| Untracked 
|  16|0x0000000081000000, 0x0000000081100000, 0x0000000081100000|100%| O|  |TAMS 0x0000000081100000, 0x0000000081000000| Untracked 
|  17|0x0000000081100000, 0x0000000081200000, 0x0000000081200000|100%| O|  |TAMS 0x0000000081200000, 0x0000000081100000| Untracked 
|  18|0x0000000081200000, 0x0000000081300000, 0x0000000081300000|100%| O|  |TAMS 0x0000000081300000, 0x0000000081200000| Untracked 
|  19|0x0000000081300000, 0x0000000081400000, 0x0000000081400000|100%| O|  |TAMS 0x0000000081400000, 0x0000000081300000| Updating 
|  20|0x0000000081400000, 0x0000000081500000, 0x0000000081500000|100%| O|  |TAMS 0x0000000081500000, 0x0000000081400000| Untracked 
|  21|0x0000000081500000, 0x0000000081600000, 0x0000000081600000|100%| O|  |TAMS 0x0000000081600000, 0x0000000081500000| Untracked 
|  22|0x0000000081600000, 0x0000000081700000, 0x0000000081700000|100%| O|  |TAMS 0x0000000081700000, 0x0000000081600000| Untracked 
|  23|0x0000000081700000, 0x0000000081800000, 0x0000000081800000|100%| O|  |TAMS 0x0000000081800000, 0x0000000081700000| Untracked 
|  24|0x0000000081800000, 0x0000000081900000, 0x0000000081900000|100%| O|  |TAMS 0x0000000081900000, 0x0000000081800000| Updating 
|  25|0x0000000081900000, 0x0000000081a00000, 0x0000000081a00000|100%| O|  |TAMS 0x0000000081a00000, 0x0000000081900000| Untracked 
|  26|0x0000000081a00000, 0x0000000081b00000, 0x0000000081b00000|100%| O|  |TAMS 0x0000000081b00000, 0x0000000081a00000| Untracked 
|  27|0x0000000081b00000, 0x0000000081c00000, 0x0000000081c00000|100%| O|  |TAMS 0x0000000081c00000, 0x0000000081b00000| Untracked 
|  28|0x0000000081c00000, 0x0000000081d00000, 0x0000000081d00000|100%| O|  |TAMS 0x0000000081d00000, 0x0000000081c00000| Untracked 
|  29|0x0000000081d00000, 0x0000000081e00000, 0x0000000081e00000|100%|HS|  |TAMS 0x0000000081e00000, 0x0000000081d00000| Complete 
|  30|0x0000000081e00000, 0x0000000081f00000, 0x0000000081f00000|100%|HS|  |TAMS 0x0000000081f00000, 0x0000000081e00000| Complete 
|  31|0x0000000081f00000, 0x0000000082000000, 0x0000000082000000|100%|HS|  |TAMS 0x0000000082000000, 0x0000000081f00000| Complete 
|  32|0x0000000082000000, 0x0000000082100000, 0x0000000082100000|100%|HC|  |TAMS 0x0000000082100000, 0x0000000082000000| Complete 
|  33|0x0000000082100000, 0x0000000082200000, 0x0000000082200000|100%|HS|  |TAMS 0x0000000082200000, 0x0000000082100000| Complete 
|  34|0x0000000082200000, 0x0000000082300000, 0x0000000082300000|100%| O|  |TAMS 0x0000000082300000, 0x0000000082200000| Untracked 
|  35|0x0000000082300000, 0x0000000082400000, 0x0000000082400000|100%| O|  |TAMS 0x0000000082400000, 0x0000000082300000| Updating 
|  36|0x0000000082400000, 0x0000000082500000, 0x0000000082500000|100%| O|  |TAMS 0x0000000082500000, 0x0000000082400000| Updating 
|  37|0x0000000082500000, 0x0000000082600000, 0x0000000082600000|100%| O|  |TAMS 0x0000000082600000, 0x0000000082500000| Untracked 
|  38|0x0000000082600000, 0x0000000082700000, 0x0000000082700000|100%| O|  |TAMS 0x0000000082700000, 0x0000000082600000| Updating 
|  39|0x0000000082700000, 0x0000000082800000, 0x0000000082800000|100%| O|  |TAMS 0x0000000082800000, 0x0000000082700000| Untracked 
|  40|0x0000000082800000, 0x0000000082900000, 0x0000000082900000|100%|HS|  |TAMS 0x0000000082900000, 0x0000000082800000| Complete 
|  41|0x0000000082900000, 0x0000000082a00000, 0x0000000082a00000|100%|HC|  |TAMS 0x0000000082a00000, 0x0000000082900000| Complete 
|  42|0x0000000082a00000, 0x0000000082b00000, 0x0000000082b00000|100%|HC|  |TAMS 0x0000000082b00000, 0x0000000082a00000| Complete 
|  43|0x0000000082b00000, 0x0000000082c00000, 0x0000000082c00000|100%|HC|  |TAMS 0x0000000082c00000, 0x0000000082b00000| Complete 
|  44|0x0000000082c00000, 0x0000000082d00000, 0x0000000082d00000|100%| O|  |TAMS 0x0000000082d00000, 0x0000000082c00000| Untracked 
|  45|0x0000000082d00000, 0x0000000082e00000, 0x0000000082e00000|100%| O|  |TAMS 0x0000000082e00000, 0x0000000082d00000| Untracked 
|  46|0x0000000082e00000, 0x0000000082f00000, 0x0000000082f00000|100%| O|  |TAMS 0x0000000082f00000, 0x0000000082e00000| Updating 
|  47|0x0000000082f00000, 0x0000000083000000, 0x0000000083000000|100%| O|  |TAMS 0x0000000083000000, 0x0000000082f00000| Updating 
|  48|0x0000000083000000, 0x0000000083100000, 0x0000000083100000|100%| O|  |TAMS 0x0000000083100000, 0x0000000083000000| Updating 
|  49|0x0000000083100000, 0x0000000083200000, 0x0000000083200000|100%| O|  |TAMS 0x0000000083200000, 0x0000000083100000| Updating 
|  50|0x0000000083200000, 0x0000000083300000, 0x0000000083300000|100%| O|  |TAMS 0x0000000083300000, 0x0000000083200000| Untracked 
|  51|0x0000000083300000, 0x00000000833f2200, 0x0000000083400000| 94%| O|  |TAMS 0x00000000833f2200, 0x0000000083300000| Updating 
|  52|0x0000000083400000, 0x0000000083500000, 0x0000000083500000|100%| O|  |TAMS 0x0000000083500000, 0x0000000083400000| Untracked 
|  53|0x0000000083500000, 0x0000000083600000, 0x0000000083600000|100%| O|  |TAMS 0x0000000083600000, 0x0000000083500000| Untracked 
|  54|0x0000000083600000, 0x0000000083700000, 0x0000000083700000|100%| O|  |TAMS 0x0000000083700000, 0x0000000083600000| Untracked 
|  55|0x0000000083700000, 0x0000000083800000, 0x0000000083800000|100%| O|  |TAMS 0x0000000083800000, 0x0000000083700000| Untracked 
|  56|0x0000000083800000, 0x0000000083900000, 0x0000000083900000|100%| O|  |TAMS 0x0000000083900000, 0x0000000083800000| Updating 
|  57|0x0000000083900000, 0x0000000083a00000, 0x0000000083a00000|100%| O|  |TAMS 0x0000000083a00000, 0x0000000083900000| Untracked 
|  58|0x0000000083a00000, 0x0000000083b00000, 0x0000000083b00000|100%| O|  |TAMS 0x0000000083b00000, 0x0000000083a00000| Untracked 
|  59|0x0000000083b00000, 0x0000000083c00000, 0x0000000083c00000|100%| O|  |TAMS 0x0000000083c00000, 0x0000000083b00000| Untracked 
|  60|0x0000000083c00000, 0x0000000083d00000, 0x0000000083d00000|100%| O|  |TAMS 0x0000000083d00000, 0x0000000083c00000| Updating 
|  61|0x0000000083d00000, 0x0000000083e00000, 0x0000000083e00000|100%| O|  |TAMS 0x0000000083e00000, 0x0000000083d00000| Updating 
|  62|0x0000000083e00000, 0x0000000083f00000, 0x0000000083f00000|100%| O|  |TAMS 0x0000000083f00000, 0x0000000083e00000| Updating 
|  63|0x0000000083f00000, 0x0000000084000000, 0x0000000084000000|100%| O|  |TAMS 0x0000000084000000, 0x0000000083f00000| Untracked 
|  64|0x0000000084000000, 0x0000000084100000, 0x0000000084100000|100%| O|  |TAMS 0x0000000084100000, 0x0000000084000000| Untracked 
|  65|0x0000000084100000, 0x0000000084200000, 0x0000000084200000|100%| O|  |TAMS 0x0000000084200000, 0x0000000084100000| Untracked 
|  66|0x0000000084200000, 0x0000000084300000, 0x0000000084300000|100%| O|  |TAMS 0x0000000084300000, 0x0000000084200000| Updating 
|  67|0x0000000084300000, 0x0000000084400000, 0x0000000084400000|100%| O|  |TAMS 0x0000000084400000, 0x0000000084300000| Updating 
|  68|0x0000000084400000, 0x0000000084500000, 0x0000000084500000|100%| O|  |TAMS 0x0000000084500000, 0x0000000084400000| Updating 
|  69|0x0000000084500000, 0x0000000084600000, 0x0000000084600000|100%| O|  |TAMS 0x0000000084600000, 0x0000000084500000| Updating 
|  70|0x0000000084600000, 0x0000000084700000, 0x0000000084700000|100%| O|  |TAMS 0x0000000084700000, 0x0000000084600000| Updating 
|  71|0x0000000084700000, 0x0000000084800000, 0x0000000084800000|100%| O|  |TAMS 0x0000000084800000, 0x0000000084700000| Untracked 
|  72|0x0000000084800000, 0x0000000084900000, 0x0000000084900000|100%| O|  |TAMS 0x0000000084900000, 0x0000000084800000| Updating 
|  73|0x0000000084900000, 0x0000000084a00000, 0x0000000084a00000|100%| O|  |TAMS 0x0000000084a00000, 0x0000000084900000| Untracked 
|  74|0x0000000084a00000, 0x0000000084b00000, 0x0000000084b00000|100%| O|  |TAMS 0x0000000084b00000, 0x0000000084a00000| Updating 
|  75|0x0000000084b00000, 0x0000000084c00000, 0x0000000084c00000|100%| O|  |TAMS 0x0000000084c00000, 0x0000000084b00000| Updating 
|  76|0x0000000084c00000, 0x0000000084d00000, 0x0000000084d00000|100%| O|  |TAMS 0x0000000084d00000, 0x0000000084c00000| Updating 
|  77|0x0000000084d00000, 0x0000000084e00000, 0x0000000084e00000|100%| O|  |TAMS 0x0000000084e00000, 0x0000000084d00000| Updating 
|  78|0x0000000084e00000, 0x0000000084f00000, 0x0000000084f00000|100%| O|  |TAMS 0x0000000084f00000, 0x0000000084e00000| Updating 
|  79|0x0000000084f00000, 0x0000000085000000, 0x0000000085000000|100%| O|  |TAMS 0x0000000085000000, 0x0000000084f00000| Updating 
|  80|0x0000000085000000, 0x0000000085100000, 0x0000000085100000|100%| O|  |TAMS 0x0000000085100000, 0x0000000085000000| Updating 
|  81|0x0000000085100000, 0x0000000085200000, 0x0000000085200000|100%| O|  |TAMS 0x0000000085200000, 0x0000000085100000| Untracked 
|  82|0x0000000085200000, 0x0000000085300000, 0x0000000085300000|100%| O|  |TAMS 0x0000000085300000, 0x0000000085200000| Untracked 
|  83|0x0000000085300000, 0x0000000085400000, 0x0000000085400000|100%| O|  |TAMS 0x0000000085400000, 0x0000000085300000| Untracked 
|  84|0x0000000085400000, 0x0000000085500000, 0x0000000085500000|100%| O|  |TAMS 0x0000000085500000, 0x0000000085400000| Untracked 
|  85|0x0000000085500000, 0x0000000085600000, 0x0000000085600000|100%| O|  |TAMS 0x0000000085600000, 0x0000000085500000| Updating 
|  86|0x0000000085600000, 0x0000000085700000, 0x0000000085700000|100%| O|  |TAMS 0x0000000085700000, 0x0000000085600000| Updating 
|  87|0x0000000085700000, 0x0000000085800000, 0x0000000085800000|100%| O|  |TAMS 0x0000000085800000, 0x0000000085700000| Updating 
|  88|0x0000000085800000, 0x0000000085900000, 0x0000000085900000|100%| O|  |TAMS 0x0000000085900000, 0x0000000085800000| Updating 
|  89|0x0000000085900000, 0x0000000085a00000, 0x0000000085a00000|100%| O|  |TAMS 0x0000000085a00000, 0x0000000085900000| Updating 
|  90|0x0000000085a00000, 0x0000000085b00000, 0x0000000085b00000|100%| O|  |TAMS 0x0000000085b00000, 0x0000000085a00000| Untracked 
|  91|0x0000000085b00000, 0x0000000085b00000, 0x0000000085c00000|  0%| F|  |TAMS 0x0000000085b00000, 0x0000000085b00000| Untracked 
|  92|0x0000000085c00000, 0x0000000085c00000, 0x0000000085d00000|  0%| F|  |TAMS 0x0000000085c00000, 0x0000000085c00000| Untracked 
|  93|0x0000000085d00000, 0x0000000085d00000, 0x0000000085e00000|  0%| F|  |TAMS 0x0000000085d00000, 0x0000000085d00000| Untracked 
|  94|0x0000000085e00000, 0x0000000085f00000, 0x0000000085f00000|100%| O|  |TAMS 0x0000000085f00000, 0x0000000085e00000| Untracked 
|  95|0x0000000085f00000, 0x0000000085f00000, 0x0000000086000000|  0%| F|  |TAMS 0x0000000085f00000, 0x0000000085f00000| Untracked 
|  96|0x0000000086000000, 0x0000000086100000, 0x0000000086100000|100%| O|  |TAMS 0x0000000086100000, 0x0000000086000000| Updating 
|  97|0x0000000086100000, 0x0000000086200000, 0x0000000086200000|100%| O|  |TAMS 0x0000000086200000, 0x0000000086100000| Updating 
|  98|0x0000000086200000, 0x0000000086300000, 0x0000000086300000|100%| O|  |TAMS 0x0000000086300000, 0x0000000086200000| Untracked 
|  99|0x0000000086300000, 0x0000000086400000, 0x0000000086400000|100%| O|  |TAMS 0x0000000086400000, 0x0000000086300000| Untracked 
| 100|0x0000000086400000, 0x0000000086500000, 0x0000000086500000|100%| O|  |TAMS 0x0000000086500000, 0x0000000086400000| Untracked 
| 101|0x0000000086500000, 0x0000000086600000, 0x0000000086600000|100%| O|  |TAMS 0x0000000086600000, 0x0000000086500000| Untracked 
| 102|0x0000000086600000, 0x0000000086700000, 0x0000000086700000|100%| O|  |TAMS 0x0000000086700000, 0x0000000086600000| Untracked 
| 103|0x0000000086700000, 0x0000000086800000, 0x0000000086800000|100%| O|  |TAMS 0x0000000086800000, 0x0000000086700000| Untracked 
| 104|0x0000000086800000, 0x0000000086900000, 0x0000000086900000|100%| O|  |TAMS 0x0000000086900000, 0x0000000086800000| Untracked 
| 105|0x0000000086900000, 0x0000000086a00000, 0x0000000086a00000|100%| O|  |TAMS 0x0000000086a00000, 0x0000000086900000| Untracked 
| 106|0x0000000086a00000, 0x0000000086b00000, 0x0000000086b00000|100%| O|  |TAMS 0x0000000086b00000, 0x0000000086a00000| Untracked 
| 107|0x0000000086b00000, 0x0000000086c00000, 0x0000000086c00000|100%| O|  |TAMS 0x0000000086c00000, 0x0000000086b00000| Untracked 
| 108|0x0000000086c00000, 0x0000000086d00000, 0x0000000086d00000|100%| O|  |TAMS 0x0000000086d00000, 0x0000000086c00000| Untracked 
| 109|0x0000000086d00000, 0x0000000086e00000, 0x0000000086e00000|100%| O|  |TAMS 0x0000000086e00000, 0x0000000086d00000| Untracked 
| 110|0x0000000086e00000, 0x0000000086f00000, 0x0000000086f00000|100%| O|  |TAMS 0x0000000086f00000, 0x0000000086e00000| Untracked 
| 111|0x0000000086f00000, 0x0000000087000000, 0x0000000087000000|100%| O|  |TAMS 0x0000000087000000, 0x0000000086f00000| Untracked 
| 112|0x0000000087000000, 0x0000000087100000, 0x0000000087100000|100%| O|  |TAMS 0x0000000087100000, 0x0000000087000000| Untracked 
| 113|0x0000000087100000, 0x0000000087200000, 0x0000000087200000|100%| O|  |TAMS 0x0000000087200000, 0x0000000087100000| Untracked 
| 114|0x0000000087200000, 0x0000000087300000, 0x0000000087300000|100%| O|  |TAMS 0x0000000087300000, 0x0000000087200000| Untracked 
| 115|0x0000000087300000, 0x0000000087400000, 0x0000000087400000|100%| O|  |TAMS 0x0000000087400000, 0x0000000087300000| Untracked 
| 116|0x0000000087400000, 0x0000000087500000, 0x0000000087500000|100%| O|  |TAMS 0x0000000087500000, 0x0000000087400000| Untracked 
| 117|0x0000000087500000, 0x0000000087600000, 0x0000000087600000|100%| O|  |TAMS 0x0000000087600000, 0x0000000087500000| Updating 
| 118|0x0000000087600000, 0x0000000087700000, 0x0000000087700000|100%| O|  |TAMS 0x0000000087700000, 0x0000000087600000| Updating 
| 119|0x0000000087700000, 0x0000000087700000, 0x0000000087800000|  0%| F|  |TAMS 0x0000000087700000, 0x0000000087700000| Untracked 
| 120|0x0000000087800000, 0x0000000087800000, 0x0000000087900000|  0%| F|  |TAMS 0x0000000087800000, 0x0000000087800000| Untracked 
| 121|0x0000000087900000, 0x0000000087900000, 0x0000000087a00000|  0%| F|  |TAMS 0x0000000087900000, 0x0000000087900000| Untracked 
| 122|0x0000000087a00000, 0x0000000087a00000, 0x0000000087b00000|  0%| F|  |TAMS 0x0000000087a00000, 0x0000000087a00000| Untracked 
| 123|0x0000000087b00000, 0x0000000087b00000, 0x0000000087c00000|  0%| F|  |TAMS 0x0000000087b00000, 0x0000000087b00000| Untracked 
| 124|0x0000000087c00000, 0x0000000087c00000, 0x0000000087d00000|  0%| F|  |TAMS 0x0000000087c00000, 0x0000000087c00000| Untracked 
| 125|0x0000000087d00000, 0x0000000087d00000, 0x0000000087e00000|  0%| F|  |TAMS 0x0000000087d00000, 0x0000000087d00000| Untracked 
| 126|0x0000000087e00000, 0x0000000087e00000, 0x0000000087f00000|  0%| F|  |TAMS 0x0000000087e00000, 0x0000000087e00000| Untracked 
| 127|0x0000000087f00000, 0x0000000087f00000, 0x0000000088000000|  0%| F|  |TAMS 0x0000000087f00000, 0x0000000087f00000| Untracked 
| 128|0x0000000088000000, 0x0000000088000000, 0x0000000088100000|  0%| F|  |TAMS 0x0000000088000000, 0x0000000088000000| Untracked 
| 129|0x0000000088100000, 0x0000000088100000, 0x0000000088200000|  0%| F|  |TAMS 0x0000000088100000, 0x0000000088100000| Untracked 
| 130|0x0000000088200000, 0x0000000088200000, 0x0000000088300000|  0%| F|  |TAMS 0x0000000088200000, 0x0000000088200000| Untracked 
| 131|0x0000000088300000, 0x0000000088300000, 0x0000000088400000|  0%| F|  |TAMS 0x0000000088300000, 0x0000000088300000| Untracked 
| 132|0x0000000088400000, 0x0000000088400000, 0x0000000088500000|  0%| F|  |TAMS 0x0000000088400000, 0x0000000088400000| Untracked 
| 133|0x0000000088500000, 0x0000000088500000, 0x0000000088600000|  0%| F|  |TAMS 0x0000000088500000, 0x0000000088500000| Untracked 
| 134|0x0000000088600000, 0x0000000088600000, 0x0000000088700000|  0%| F|  |TAMS 0x0000000088600000, 0x0000000088600000| Untracked 
| 135|0x0000000088700000, 0x0000000088700000, 0x0000000088800000|  0%| F|  |TAMS 0x0000000088700000, 0x0000000088700000| Untracked 
| 136|0x0000000088800000, 0x0000000088800000, 0x0000000088900000|  0%| F|  |TAMS 0x0000000088800000, 0x0000000088800000| Untracked 
| 137|0x0000000088900000, 0x0000000088900000, 0x0000000088a00000|  0%| F|  |TAMS 0x0000000088900000, 0x0000000088900000| Untracked 
| 138|0x0000000088a00000, 0x0000000088a00000, 0x0000000088b00000|  0%| F|  |TAMS 0x0000000088a00000, 0x0000000088a00000| Untracked 
| 139|0x0000000088b00000, 0x0000000088b00000, 0x0000000088c00000|  0%| F|  |TAMS 0x0000000088b00000, 0x0000000088b00000| Untracked 
| 140|0x0000000088c00000, 0x0000000088c00000, 0x0000000088d00000|  0%| F|  |TAMS 0x0000000088c00000, 0x0000000088c00000| Untracked 
| 141|0x0000000088d00000, 0x0000000088d00000, 0x0000000088e00000|  0%| F|  |TAMS 0x0000000088d00000, 0x0000000088d00000| Untracked 
| 142|0x0000000088e00000, 0x0000000088e00000, 0x0000000088f00000|  0%| F|  |TAMS 0x0000000088e00000, 0x0000000088e00000| Untracked 
| 143|0x0000000088f00000, 0x0000000088f00000, 0x0000000089000000|  0%| F|  |TAMS 0x0000000088f00000, 0x0000000088f00000| Untracked 
| 144|0x0000000089000000, 0x0000000089000000, 0x0000000089100000|  0%| F|  |TAMS 0x0000000089000000, 0x0000000089000000| Untracked 
| 145|0x0000000089100000, 0x0000000089100000, 0x0000000089200000|  0%| F|  |TAMS 0x0000000089100000, 0x0000000089100000| Untracked 
| 146|0x0000000089200000, 0x0000000089200000, 0x0000000089300000|  0%| F|  |TAMS 0x0000000089200000, 0x0000000089200000| Untracked 
| 147|0x0000000089300000, 0x0000000089300000, 0x0000000089400000|  0%| F|  |TAMS 0x0000000089300000, 0x0000000089300000| Untracked 
| 148|0x0000000089400000, 0x0000000089400000, 0x0000000089500000|  0%| F|  |TAMS 0x0000000089400000, 0x0000000089400000| Untracked 
| 149|0x0000000089500000, 0x0000000089500000, 0x0000000089600000|  0%| F|  |TAMS 0x0000000089500000, 0x0000000089500000| Untracked 
| 150|0x0000000089600000, 0x0000000089600000, 0x0000000089700000|  0%| F|  |TAMS 0x0000000089600000, 0x0000000089600000| Untracked 
| 151|0x0000000089700000, 0x0000000089700000, 0x0000000089800000|  0%| F|  |TAMS 0x0000000089700000, 0x0000000089700000| Untracked 
| 152|0x0000000089800000, 0x0000000089800000, 0x0000000089900000|  0%| F|  |TAMS 0x0000000089800000, 0x0000000089800000| Untracked 
| 153|0x0000000089900000, 0x00000000899ce160, 0x0000000089a00000| 80%| S|CS|TAMS 0x0000000089900000, 0x0000000089900000| Complete 
| 154|0x0000000089a00000, 0x0000000089b00000, 0x0000000089b00000|100%| S|CS|TAMS 0x0000000089a00000, 0x0000000089a00000| Complete 
| 155|0x0000000089b00000, 0x0000000089c00000, 0x0000000089c00000|100%| S|CS|TAMS 0x0000000089b00000, 0x0000000089b00000| Complete 
| 156|0x0000000089c00000, 0x0000000089d00000, 0x0000000089d00000|100%| S|CS|TAMS 0x0000000089c00000, 0x0000000089c00000| Complete 
| 157|0x0000000089d00000, 0x0000000089e00000, 0x0000000089e00000|100%| S|CS|TAMS 0x0000000089d00000, 0x0000000089d00000| Complete 
| 158|0x0000000089e00000, 0x0000000089e00000, 0x0000000089f00000|  0%| F|  |TAMS 0x0000000089e00000, 0x0000000089e00000| Untracked 
| 159|0x0000000089f00000, 0x0000000089f00000, 0x000000008a000000|  0%| F|  |TAMS 0x0000000089f00000, 0x0000000089f00000| Untracked 
| 160|0x000000008a000000, 0x000000008a000000, 0x000000008a100000|  0%| F|  |TAMS 0x000000008a000000, 0x000000008a000000| Untracked 
| 161|0x000000008a100000, 0x000000008a100000, 0x000000008a200000|  0%| F|  |TAMS 0x000000008a100000, 0x000000008a100000| Untracked 
| 162|0x000000008a200000, 0x000000008a200000, 0x000000008a300000|  0%| F|  |TAMS 0x000000008a200000, 0x000000008a200000| Untracked 
| 163|0x000000008a300000, 0x000000008a300000, 0x000000008a400000|  0%| F|  |TAMS 0x000000008a300000, 0x000000008a300000| Untracked 
| 164|0x000000008a400000, 0x000000008a400000, 0x000000008a500000|  0%| F|  |TAMS 0x000000008a400000, 0x000000008a400000| Untracked 
| 165|0x000000008a500000, 0x000000008a500000, 0x000000008a600000|  0%| F|  |TAMS 0x000000008a500000, 0x000000008a500000| Untracked 
| 166|0x000000008a600000, 0x000000008a600000, 0x000000008a700000|  0%| F|  |TAMS 0x000000008a600000, 0x000000008a600000| Untracked 
| 167|0x000000008a700000, 0x000000008a700000, 0x000000008a800000|  0%| F|  |TAMS 0x000000008a700000, 0x000000008a700000| Untracked 
| 168|0x000000008a800000, 0x000000008a800000, 0x000000008a900000|  0%| F|  |TAMS 0x000000008a800000, 0x000000008a800000| Untracked 
| 169|0x000000008a900000, 0x000000008a900000, 0x000000008aa00000|  0%| F|  |TAMS 0x000000008a900000, 0x000000008a900000| Untracked 
| 170|0x000000008aa00000, 0x000000008aa00000, 0x000000008ab00000|  0%| F|  |TAMS 0x000000008aa00000, 0x000000008aa00000| Untracked 
| 171|0x000000008ab00000, 0x000000008ab00000, 0x000000008ac00000|  0%| F|  |TAMS 0x000000008ab00000, 0x000000008ab00000| Untracked 
| 172|0x000000008ac00000, 0x000000008ac00000, 0x000000008ad00000|  0%| F|  |TAMS 0x000000008ac00000, 0x000000008ac00000| Untracked 
| 173|0x000000008ad00000, 0x000000008ad00000, 0x000000008ae00000|  0%| F|  |TAMS 0x000000008ad00000, 0x000000008ad00000| Untracked 
| 174|0x000000008ae00000, 0x000000008ae00000, 0x000000008af00000|  0%| F|  |TAMS 0x000000008ae00000, 0x000000008ae00000| Untracked 
| 175|0x000000008af00000, 0x000000008af00000, 0x000000008b000000|  0%| F|  |TAMS 0x000000008af00000, 0x000000008af00000| Untracked 
| 176|0x000000008b000000, 0x000000008b000000, 0x000000008b100000|  0%| F|  |TAMS 0x000000008b000000, 0x000000008b000000| Untracked 
| 177|0x000000008b100000, 0x000000008b100000, 0x000000008b200000|  0%| F|  |TAMS 0x000000008b100000, 0x000000008b100000| Untracked 
| 178|0x000000008b200000, 0x000000008b200000, 0x000000008b300000|  0%| F|  |TAMS 0x000000008b200000, 0x000000008b200000| Untracked 
| 179|0x000000008b300000, 0x000000008b300000, 0x000000008b400000|  0%| F|  |TAMS 0x000000008b300000, 0x000000008b300000| Untracked 
| 180|0x000000008b400000, 0x000000008b400000, 0x000000008b500000|  0%| F|  |TAMS 0x000000008b400000, 0x000000008b400000| Untracked 
| 181|0x000000008b500000, 0x000000008b500000, 0x000000008b600000|  0%| F|  |TAMS 0x000000008b500000, 0x000000008b500000| Untracked 
| 182|0x000000008b600000, 0x000000008b600000, 0x000000008b700000|  0%| F|  |TAMS 0x000000008b600000, 0x000000008b600000| Untracked 
| 183|0x000000008b700000, 0x000000008b700000, 0x000000008b800000|  0%| F|  |TAMS 0x000000008b700000, 0x000000008b700000| Untracked 
| 184|0x000000008b800000, 0x000000008b800000, 0x000000008b900000|  0%| F|  |TAMS 0x000000008b800000, 0x000000008b800000| Untracked 
| 185|0x000000008b900000, 0x000000008b900000, 0x000000008ba00000|  0%| F|  |TAMS 0x000000008b900000, 0x000000008b900000| Untracked 
| 186|0x000000008ba00000, 0x000000008ba00000, 0x000000008bb00000|  0%| F|  |TAMS 0x000000008ba00000, 0x000000008ba00000| Untracked 
| 187|0x000000008bb00000, 0x000000008bb00000, 0x000000008bc00000|  0%| F|  |TAMS 0x000000008bb00000, 0x000000008bb00000| Untracked 
| 188|0x000000008bc00000, 0x000000008bc00000, 0x000000008bd00000|  0%| F|  |TAMS 0x000000008bc00000, 0x000000008bc00000| Untracked 
| 189|0x000000008bd00000, 0x000000008bd00000, 0x000000008be00000|  0%| F|  |TAMS 0x000000008bd00000, 0x000000008bd00000| Untracked 
| 190|0x000000008be00000, 0x000000008be00000, 0x000000008bf00000|  0%| F|  |TAMS 0x000000008be00000, 0x000000008be00000| Untracked 
| 191|0x000000008bf00000, 0x000000008bf00000, 0x000000008c000000|  0%| F|  |TAMS 0x000000008bf00000, 0x000000008bf00000| Untracked 
| 192|0x000000008c000000, 0x000000008c000000, 0x000000008c100000|  0%| F|  |TAMS 0x000000008c000000, 0x000000008c000000| Untracked 
| 193|0x000000008c100000, 0x000000008c100000, 0x000000008c200000|  0%| F|  |TAMS 0x000000008c100000, 0x000000008c100000| Untracked 
| 194|0x000000008c200000, 0x000000008c200000, 0x000000008c300000|  0%| F|  |TAMS 0x000000008c200000, 0x000000008c200000| Untracked 
| 195|0x000000008c300000, 0x000000008c300000, 0x000000008c400000|  0%| F|  |TAMS 0x000000008c300000, 0x000000008c300000| Untracked 
| 196|0x000000008c400000, 0x000000008c400000, 0x000000008c500000|  0%| F|  |TAMS 0x000000008c400000, 0x000000008c400000| Untracked 
| 197|0x000000008c500000, 0x000000008c500000, 0x000000008c600000|  0%| F|  |TAMS 0x000000008c500000, 0x000000008c500000| Untracked 
| 198|0x000000008c600000, 0x000000008c600000, 0x000000008c700000|  0%| F|  |TAMS 0x000000008c600000, 0x000000008c600000| Untracked 
| 199|0x000000008c700000, 0x000000008c700000, 0x000000008c800000|  0%| F|  |TAMS 0x000000008c700000, 0x000000008c700000| Untracked 
| 200|0x000000008c800000, 0x000000008c800000, 0x000000008c900000|  0%| F|  |TAMS 0x000000008c800000, 0x000000008c800000| Untracked 
| 201|0x000000008c900000, 0x000000008c900000, 0x000000008ca00000|  0%| F|  |TAMS 0x000000008c900000, 0x000000008c900000| Untracked 
| 202|0x000000008ca00000, 0x000000008ca00000, 0x000000008cb00000|  0%| F|  |TAMS 0x000000008ca00000, 0x000000008ca00000| Untracked 
| 203|0x000000008cb00000, 0x000000008cb00000, 0x000000008cc00000|  0%| F|  |TAMS 0x000000008cb00000, 0x000000008cb00000| Untracked 
| 204|0x000000008cc00000, 0x000000008cc00000, 0x000000008cd00000|  0%| F|  |TAMS 0x000000008cc00000, 0x000000008cc00000| Untracked 
| 205|0x000000008cd00000, 0x000000008cd00000, 0x000000008ce00000|  0%| F|  |TAMS 0x000000008cd00000, 0x000000008cd00000| Untracked 
| 206|0x000000008ce00000, 0x000000008ce00000, 0x000000008cf00000|  0%| F|  |TAMS 0x000000008ce00000, 0x000000008ce00000| Untracked 
| 207|0x000000008cf00000, 0x000000008cf00000, 0x000000008d000000|  0%| F|  |TAMS 0x000000008cf00000, 0x000000008cf00000| Untracked 
| 208|0x000000008d000000, 0x000000008d000000, 0x000000008d100000|  0%| F|  |TAMS 0x000000008d000000, 0x000000008d000000| Untracked 
| 209|0x000000008d100000, 0x000000008d100000, 0x000000008d200000|  0%| F|  |TAMS 0x000000008d100000, 0x000000008d100000| Untracked 
| 210|0x000000008d200000, 0x000000008d200000, 0x000000008d300000|  0%| F|  |TAMS 0x000000008d200000, 0x000000008d200000| Untracked 
| 211|0x000000008d300000, 0x000000008d300000, 0x000000008d400000|  0%| F|  |TAMS 0x000000008d300000, 0x000000008d300000| Untracked 
| 212|0x000000008d400000, 0x000000008d400000, 0x000000008d500000|  0%| F|  |TAMS 0x000000008d400000, 0x000000008d400000| Untracked 
| 213|0x000000008d500000, 0x000000008d500000, 0x000000008d600000|  0%| F|  |TAMS 0x000000008d500000, 0x000000008d500000| Untracked 
| 214|0x000000008d600000, 0x000000008d600000, 0x000000008d700000|  0%| F|  |TAMS 0x000000008d600000, 0x000000008d600000| Untracked 
| 215|0x000000008d700000, 0x000000008d700000, 0x000000008d800000|  0%| F|  |TAMS 0x000000008d700000, 0x000000008d700000| Untracked 
| 216|0x000000008d800000, 0x000000008d823a58, 0x000000008d900000| 13%| E|  |TAMS 0x000000008d800000, 0x000000008d800000| Complete 
| 217|0x000000008d900000, 0x000000008da00000, 0x000000008da00000|100%| E|CS|TAMS 0x000000008d900000, 0x000000008d900000| Complete 
| 218|0x000000008da00000, 0x000000008db00000, 0x000000008db00000|100%| E|CS|TAMS 0x000000008da00000, 0x000000008da00000| Complete 
| 219|0x000000008db00000, 0x000000008dc00000, 0x000000008dc00000|100%| E|CS|TAMS 0x000000008db00000, 0x000000008db00000| Complete 
| 220|0x000000008dc00000, 0x000000008dcffe70, 0x000000008dd00000| 99%| E|  |TAMS 0x000000008dc00000, 0x000000008dc00000| Complete 
| 221|0x000000008dd00000, 0x000000008de00000, 0x000000008de00000|100%| E|CS|TAMS 0x000000008dd00000, 0x000000008dd00000| Complete 
| 338|0x0000000095200000, 0x0000000095300000, 0x0000000095300000|100%| E|CS|TAMS 0x0000000095200000, 0x0000000095200000| Complete 
| 339|0x0000000095300000, 0x0000000095400000, 0x0000000095400000|100%| E|CS|TAMS 0x0000000095300000, 0x0000000095300000| Complete 
| 381|0x0000000097d00000, 0x0000000097e00000, 0x0000000097e00000|100%| E|CS|TAMS 0x0000000097d00000, 0x0000000097d00000| Complete 

Card table byte_map: [0x000002852c790000,0x000002852cb90000] _byte_map_base: 0x000002852c390000

Marking Bits (Prev, Next): (CMBitMap*) 0x0000028519bf4f60, (CMBitMap*) 0x0000028519bf4fa0
 Prev Bits: [0x000002852cf90000, 0x000002852ef90000)
 Next Bits: [0x000002852ef90000, 0x0000028530f90000)

Polling page: 0x0000028517b00000

Metaspace:

Usage:
  Non-class:    103.65 MB used.
      Class:     15.95 MB used.
       Both:    119.60 MB used.

Virtual space:
  Non-class space:      112.00 MB reserved,     104.06 MB ( 93%) committed,  14 nodes.
      Class space:        1.00 GB reserved,      16.38 MB (  2%) committed,  1 nodes.
             Both:        1.11 GB reserved,     120.44 MB ( 11%) committed. 

Chunk freelists:
   Non-Class:  3.92 MB
       Class:  3.56 MB
        Both:  7.48 MB

MaxMetaspaceSize: unlimited
CompressedClassSpaceSize: 1.00 GB
Initial GC threshold: 21.00 MB
Current GC threshold: 200.00 MB
CDS: off
MetaspaceReclaimPolicy: balanced
 - commit_granule_bytes: 65536.
 - commit_granule_words: 8192.
 - virtual_space_node_default_size: 1048576.
 - enlarge_chunks_in_place: 1.
 - new_chunks_are_fully_committed: 0.
 - uncommit_free_chunks: 1.
 - use_allocation_guard: 0.
 - handle_deallocations: 1.


Internal statistics:

num_allocs_failed_limit: 6.
num_arena_births: 1412.
num_arena_deaths: 14.
num_vsnodes_births: 15.
num_vsnodes_deaths: 0.
num_space_committed: 1925.
num_space_uncommitted: 0.
num_chunks_returned_to_freelist: 25.
num_chunks_taken_from_freelist: 6100.
num_chunk_merges: 14.
num_chunk_splits: 4051.
num_chunks_enlarged: 2715.
num_purges: 2.
num_inconsistent_stats: 0.

CodeHeap 'non-profiled nmethods': size=120000Kb used=9149Kb max_used=9149Kb free=110850Kb
 bounds [0x0000028524b30000, 0x0000028525420000, 0x000002852c060000]
CodeHeap 'profiled nmethods': size=120000Kb used=27345Kb max_used=27345Kb free=92654Kb
 bounds [0x000002851d060000, 0x000002851eb20000, 0x0000028524590000]
CodeHeap 'non-nmethods': size=5760Kb used=2467Kb max_used=2536Kb free=3292Kb
 bounds [0x0000028524590000, 0x0000028524810000, 0x0000028524b30000]
 total_blobs=14916 nmethods=13914 adapters=912
 compilation: enabled
              stopped_count=0, restarted_count=0
 full_count=0

Compilation events (20 events):
Event: 178.465 Thread 0x0000028533a0e7d0 16285       4       java.util.ArrayDeque::add (7 bytes)
Event: 178.467 Thread 0x0000028533a0e7d0 nmethod 16285 0x000002852541d790 code [0x000002852541d920, 0x000002852541db68]
Event: 178.467 Thread 0x0000028533a0e7d0 16286       4       java.util.zip.ZipFile$InflaterCleanupAction::run (12 bytes)
Event: 178.470 Thread 0x0000028533af1920 nmethod 16284 0x000002851eb02110 code [0x000002851eb02f60, 0x000002851eb0e968]
Event: 178.470 Thread 0x0000028533af1920 16279       3       com.android.tools.r8.graph.Y3::a (107 bytes)
Event: 178.470 Thread 0x0000028533af1920 nmethod 16279 0x000002851eb11e90 code [0x000002851eb12140, 0x000002851eb12e38]
Event: 178.470 Thread 0x0000028533af1920 16281       3       com.android.tools.r8.graph.Y3::b (167 bytes)
Event: 178.471 Thread 0x0000028533af1920 nmethod 16281 0x000002851eb13210 code [0x000002851eb134a0, 0x000002851eb14008]
Event: 178.471 Thread 0x0000028533af1920 16275       3       com.android.tools.r8.internal.Ia::f (27 bytes)
Event: 178.471 Thread 0x0000028533af1920 nmethod 16275 0x000002851eb14390 code [0x000002851eb14520, 0x000002851eb14698]
Event: 178.471 Thread 0x0000028533af1920 16278       1       com.android.tools.r8.internal.lp::size (5 bytes)
Event: 178.471 Thread 0x0000028533af1920 nmethod 16278 0x000002852541dd10 code [0x000002852541dea0, 0x000002852541df78]
Event: 178.471 Thread 0x0000028533af1920 16274       3       com.android.tools.r8.internal.i7::a (86 bytes)
Event: 178.471 Thread 0x0000028533af1920 nmethod 16274 0x000002851eb14790 code [0x000002851eb149c0, 0x000002851eb15078]
Event: 178.471 Thread 0x0000028533af1920 16283       1       com.android.tools.r8.graph.v2::E0 (5 bytes)
Event: 178.506 Thread 0x0000028533af1920 nmethod 16283 0x000002852541e010 code [0x000002852541e1a0, 0x000002852541e278]
Event: 178.506 Thread 0x0000028533a0e7d0 nmethod 16286 0x000002852541e310 code [0x000002852541e4c0, 0x000002852541edf8]
Event: 178.520 Thread 0x0000028533af1920 16287       3       com.android.tools.r8.internal.x0::<init> (5 bytes)
Event: 178.520 Thread 0x0000028533af1920 nmethod 16287 0x000002851eb15310 code [0x000002851eb154a0, 0x000002851eb155f8]
Event: 178.527 Thread 0x0000028533af1920 16288       3       java.lang.invoke.LambdaMetafactory::altMetafactory (392 bytes)

GC Heap History (20 events):
Event: 9.741 GC heap before
{Heap before GC invocations=26 (full 0):
 garbage-first heap   total 191488K, used 149530K [0x0000000080000000, 0x0000000100000000)
  region size 1024K, 61 young (62464K), 7 survivors (7168K)
 Metaspace       used 98322K, committed 99008K, reserved 1138688K
  class space    used 13269K, committed 13568K, reserved 1048576K
}
Event: 9.748 GC heap after
{Heap after GC invocations=27 (full 0):
 garbage-first heap   total 191488K, used 99613K [0x0000000080000000, 0x0000000100000000)
  region size 1024K, 7 young (7168K), 7 survivors (7168K)
 Metaspace       used 98322K, committed 99008K, reserved 1138688K
  class space    used 13269K, committed 13568K, reserved 1048576K
}
Event: 17.198 GC heap before
{Heap before GC invocations=28 (full 0):
 garbage-first heap   total 191488K, used 151837K [0x0000000080000000, 0x0000000100000000)
  region size 1024K, 59 young (60416K), 7 survivors (7168K)
 Metaspace       used 106567K, committed 107328K, reserved 1146880K
  class space    used 14274K, committed 14656K, reserved 1048576K
}
Event: 17.204 GC heap after
{Heap after GC invocations=29 (full 0):
 garbage-first heap   total 191488K, used 102742K [0x0000000080000000, 0x0000000100000000)
  region size 1024K, 4 young (4096K), 4 survivors (4096K)
 Metaspace       used 106567K, committed 107328K, reserved 1146880K
  class space    used 14274K, committed 14656K, reserved 1048576K
}
Event: 172.139 GC heap before
{Heap before GC invocations=29 (full 0):
 garbage-first heap   total 191488K, used 107862K [0x0000000080000000, 0x0000000100000000)
  region size 1024K, 9 young (9216K), 4 survivors (4096K)
 Metaspace       used 107070K, committed 107840K, reserved 1146880K
  class space    used 14311K, committed 14720K, reserved 1048576K
}
Event: 172.143 GC heap after
{Heap after GC invocations=30 (full 0):
 garbage-first heap   total 191488K, used 102088K [0x0000000080000000, 0x0000000100000000)
  region size 1024K, 1 young (1024K), 1 survivors (1024K)
 Metaspace       used 107070K, committed 107840K, reserved 1146880K
  class space    used 14311K, committed 14720K, reserved 1048576K
}
Event: 172.805 GC heap before
{Heap before GC invocations=30 (full 0):
 garbage-first heap   total 191488K, used 155336K [0x0000000080000000, 0x0000000100000000)
  region size 1024K, 53 young (54272K), 1 survivors (1024K)
 Metaspace       used 108030K, committed 108864K, reserved 1146880K
  class space    used 14391K, committed 14784K, reserved 1048576K
}
Event: 172.810 GC heap after
{Heap after GC invocations=31 (full 0):
 garbage-first heap   total 191488K, used 107087K [0x0000000080000000, 0x0000000100000000)
  region size 1024K, 6 young (6144K), 6 survivors (6144K)
 Metaspace       used 108030K, committed 108864K, reserved 1146880K
  class space    used 14391K, committed 14784K, reserved 1048576K
}
Event: 173.258 GC heap before
{Heap before GC invocations=32 (full 0):
 garbage-first heap   total 191488K, used 156239K [0x0000000080000000, 0x0000000100000000)
  region size 1024K, 54 young (55296K), 6 survivors (6144K)
 Metaspace       used 109375K, committed 110208K, reserved 1146880K
  class space    used 14569K, committed 14976K, reserved 1048576K
}
Event: 173.265 GC heap after
{Heap after GC invocations=33 (full 0):
 garbage-first heap   total 191488K, used 114151K [0x0000000080000000, 0x0000000100000000)
  region size 1024K, 7 young (7168K), 7 survivors (7168K)
 Metaspace       used 109375K, committed 110208K, reserved 1146880K
  class space    used 14569K, committed 14976K, reserved 1048576K
}
Event: 173.290 GC heap before
{Heap before GC invocations=33 (full 0):
 garbage-first heap   total 191488K, used 116199K [0x0000000080000000, 0x0000000100000000)
  region size 1024K, 9 young (9216K), 7 survivors (7168K)
 Metaspace       used 109419K, committed 110208K, reserved 1146880K
  class space    used 14571K, committed 14976K, reserved 1048576K
}
Event: 173.300 GC heap after
{Heap after GC invocations=34 (full 0):
 garbage-first heap   total 230400K, used 108495K [0x0000000080000000, 0x0000000100000000)
  region size 1024K, 2 young (2048K), 2 survivors (2048K)
 Metaspace       used 109419K, committed 110208K, reserved 1146880K
  class space    used 14571K, committed 14976K, reserved 1048576K
}
Event: 174.035 GC heap before
{Heap before GC invocations=34 (full 0):
 garbage-first heap   total 230400K, used 181199K [0x0000000080000000, 0x0000000100000000)
  region size 1024K, 74 young (75776K), 2 survivors (2048K)
 Metaspace       used 112624K, committed 113408K, reserved 1146880K
  class space    used 14940K, committed 15296K, reserved 1048576K
}
Event: 174.044 GC heap after
{Heap after GC invocations=35 (full 0):
 garbage-first heap   total 230400K, used 115458K [0x0000000080000000, 0x0000000100000000)
  region size 1024K, 8 young (8192K), 8 survivors (8192K)
 Metaspace       used 112624K, committed 113408K, reserved 1146880K
  class space    used 14940K, committed 15296K, reserved 1048576K
}
Event: 174.601 GC heap before
{Heap before GC invocations=36 (full 0):
 garbage-first heap   total 230400K, used 183042K [0x0000000080000000, 0x0000000100000000)
  region size 1024K, 75 young (76800K), 8 survivors (8192K)
 Metaspace       used 113063K, committed 113856K, reserved 1155072K
  class space    used 14984K, committed 15360K, reserved 1048576K
}
Event: 174.611 GC heap after
{Heap after GC invocations=37 (full 0):
 garbage-first heap   total 230400K, used 120337K [0x0000000080000000, 0x0000000100000000)
  region size 1024K, 7 young (7168K), 7 survivors (7168K)
 Metaspace       used 113063K, committed 113856K, reserved 1155072K
  class space    used 14984K, committed 15360K, reserved 1048576K
}
Event: 174.651 GC heap before
{Heap before GC invocations=37 (full 0):
 garbage-first heap   total 230400K, used 123409K [0x0000000080000000, 0x0000000100000000)
  region size 1024K, 11 young (11264K), 7 survivors (7168K)
 Metaspace       used 113273K, committed 114112K, reserved 1155072K
  class space    used 15012K, committed 15424K, reserved 1048576K
}
Event: 174.657 GC heap after
{Heap after GC invocations=38 (full 0):
 garbage-first heap   total 230400K, used 118884K [0x0000000080000000, 0x0000000100000000)
  region size 1024K, 2 young (2048K), 2 survivors (2048K)
 Metaspace       used 113273K, committed 114112K, reserved 1155072K
  class space    used 15012K, committed 15424K, reserved 1048576K
}
Event: 178.391 GC heap before
{Heap before GC invocations=38 (full 0):
 garbage-first heap   total 230400K, used 184420K [0x0000000080000000, 0x0000000100000000)
  region size 1024K, 67 young (68608K), 2 survivors (2048K)
 Metaspace       used 120490K, committed 121344K, reserved 1155072K
  class space    used 16069K, committed 16512K, reserved 1048576K
}
Event: 178.399 GC heap after
{Heap after GC invocations=39 (full 0):
 garbage-first heap   total 230400K, used 122624K [0x0000000080000000, 0x0000000100000000)
  region size 1024K, 5 young (5120K), 5 survivors (5120K)
 Metaspace       used 120490K, committed 121344K, reserved 1155072K
  class space    used 16069K, committed 16512K, reserved 1048576K
}

Dll operation events (2 events):
Event: 0.008 Loaded shared library C:\Program Files\Android\Android Studio\jbr\bin\java.dll
Event: 0.278 Loaded shared library C:\Program Files\Android\Android Studio\jbr\bin\verify.dll

Deoptimization events (20 events):
Event: 178.185 Thread 0x000002853e74ced0 Uncommon trap: trap_request=0xffffff45 fr.pc=0x00000285253f4a9c relative=0x000000000000057c
Event: 178.185 Thread 0x000002853e74ced0 Uncommon trap: reason=unstable_if action=reinterpret pc=0x00000285253f4a9c method=com.android.tools.r8.graph.u2.a(Ljava/lang/String;)[B @ 19 c2
Event: 178.185 Thread 0x000002853e74ced0 DEOPT PACKING pc=0x00000285253f4a9c sp=0x00000093dc7fcf00
Event: 178.185 Thread 0x000002853e74ced0 DEOPT UNPACKING pc=0x00000285245ea1a3 sp=0x00000093dc7fceb0 mode 2
Event: 178.185 Thread 0x000002853e74ced0 Uncommon trap: trap_request=0xffffff45 fr.pc=0x0000028524d5fef0 relative=0x0000000000000070
Event: 178.185 Thread 0x000002853e74ced0 Uncommon trap: reason=unstable_if action=reinterpret pc=0x0000028524d5fef0 method=com.android.tools.r8.graph.u2.a(C[BI)I @ 1 c2
Event: 178.185 Thread 0x000002853e74ced0 DEOPT PACKING pc=0x0000028524d5fef0 sp=0x00000093dc7fce90
Event: 178.185 Thread 0x000002853e74ced0 DEOPT UNPACKING pc=0x00000285245ea1a3 sp=0x00000093dc7fce30 mode 2
Event: 178.212 Thread 0x000002853dd95070 Uncommon trap: trap_request=0xffffff45 fr.pc=0x0000028524d5f810 relative=0x0000000000000090
Event: 178.212 Thread 0x000002853dd95070 Uncommon trap: reason=unstable_if action=reinterpret pc=0x0000028524d5f810 method=com.android.tools.r8.utils.j1.e(I)Z @ 45 c2
Event: 178.212 Thread 0x000002853dd95070 DEOPT PACKING pc=0x0000028524d5f810 sp=0x00000093e41fd0d0
Event: 178.212 Thread 0x000002853dd95070 DEOPT UNPACKING pc=0x00000285245ea1a3 sp=0x00000093e41fd000 mode 2
Event: 178.212 Thread 0x000002853dd95070 Uncommon trap: trap_request=0xffffff45 fr.pc=0x000002852530c384 relative=0x0000000000000084
Event: 178.212 Thread 0x000002853dd95070 Uncommon trap: reason=unstable_if action=reinterpret pc=0x000002852530c384 method=com.android.tools.r8.utils.j1.e(I)Z @ 45 c2
Event: 178.212 Thread 0x000002853dd95070 DEOPT PACKING pc=0x000002852530c384 sp=0x00000093e41fd060
Event: 178.212 Thread 0x000002853dd95070 DEOPT UNPACKING pc=0x00000285245ea1a3 sp=0x00000093e41fcff8 mode 2
Event: 178.333 Thread 0x000002853dd96880 DEOPT PACKING pc=0x000002851ea93620 sp=0x00000093e3cfd4c0
Event: 178.334 Thread 0x000002853dd96880 DEOPT UNPACKING pc=0x00000285245eace3 sp=0x00000093e3cfc9e8 mode 0
Event: 178.335 Thread 0x000002853e74ced0 DEOPT PACKING pc=0x000002851ea93758 sp=0x00000093dc7fd7b0
Event: 178.335 Thread 0x000002853e74ced0 DEOPT UNPACKING pc=0x00000285245eace3 sp=0x00000093dc7fccd8 mode 0

Classes unloaded (7 events):
Event: 172.879 Thread 0x0000028533aab030 Unloading class 0x0000000100d01c00 'java/lang/invoke/LambdaForm$DMH+0x0000000100d01c00'
Event: 172.879 Thread 0x0000028533aab030 Unloading class 0x0000000100d01800 'java/lang/invoke/LambdaForm$DMH+0x0000000100d01800'
Event: 172.879 Thread 0x0000028533aab030 Unloading class 0x0000000100d01400 'java/lang/invoke/LambdaForm$DMH+0x0000000100d01400'
Event: 172.879 Thread 0x0000028533aab030 Unloading class 0x0000000100d01000 'java/lang/invoke/LambdaForm$DMH+0x0000000100d01000'
Event: 172.879 Thread 0x0000028533aab030 Unloading class 0x0000000100d00800 'java/lang/invoke/LambdaForm$DMH+0x0000000100d00800'
Event: 172.879 Thread 0x0000028533aab030 Unloading class 0x0000000100d00c00 'java/lang/invoke/LambdaForm$DMH+0x0000000100d00c00'
Event: 172.879 Thread 0x0000028533aab030 Unloading class 0x0000000100d00400 'java/lang/invoke/LambdaForm$DMH+0x0000000100d00400'

Classes redefined (0 events):
No events

Internal exceptions (20 events):
Event: 177.983 Thread 0x000002853dd96880 Exception <a 'sun/nio/fs/WindowsException'{0x000000008b3f4ff8}> (0x000000008b3f4ff8) 
thrown [s\src\hotspot\share\prims\jni.cpp, line 517]
Event: 177.983 Thread 0x000002853e74ced0 Exception <a 'sun/nio/fs/WindowsException'{0x000000008b3d3dc8}> (0x000000008b3d3dc8) 
thrown [s\src\hotspot\share\prims\jni.cpp, line 517]
Event: 177.983 Thread 0x000002853dd95070 Exception <a 'sun/nio/fs/WindowsException'{0x000000008b38ecd8}> (0x000000008b38ecd8) 
thrown [s\src\hotspot\share\prims\jni.cpp, line 517]
Event: 178.147 Thread 0x000002853e74ced0 Exception <a 'java/lang/NoSuchMethodError'{0x000000008aa270b0}: 'java.lang.Object java.lang.invoke.DirectMethodHandle$Holder.invokeStaticInit(java.lang.Object, java.lang.Object, java.lang.Object, java.lang.Object, java.lang.Object, java.lang.Object, java.lang.Object, java.lang.Object, java.lang.Object, java.lang.Object, java.lang.Object, java.lang.Object, java.lang.Object, java.lang.Object, java.lang.Object, java.lang.Object, java.lang.Object, java.lang.Object, java.lang.Object, java.lang.Object, int, java
Event: 178.171 Thread 0x000002853e74ced0 Exception <a 'java/lang/IncompatibleClassChangeError'{0x000000008a940af0}: Found class java.lang.Object, but interface was expected> (0x000000008a940af0) 
thrown [s\src\hotspot\share\interpreter\linkResolver.cpp, line 838]
Event: 178.171 Thread 0x000002853dd95070 Exception <a 'java/lang/IncompatibleClassChangeError'{0x000000008a93ae18}: Found class java.lang.Object, but interface was expected> (0x000000008a93ae18) 
thrown [s\src\hotspot\share\interpreter\linkResolver.cpp, line 838]
Event: 178.171 Thread 0x000002853dd98f00 Exception <a 'java/lang/IncompatibleClassChangeError'{0x000000008aab15b8}: Found class java.lang.Object, but interface was expected> (0x000000008aab15b8) 
thrown [s\src\hotspot\share\interpreter\linkResolver.cpp, line 838]
Event: 178.171 Thread 0x000002853dd96880 Exception <a 'java/lang/IncompatibleClassChangeError'{0x000000008aa7ebc8}: Found class java.lang.Object, but interface was expected> (0x000000008aa7ebc8) 
thrown [s\src\hotspot\share\interpreter\linkResolver.cpp, line 838]
Event: 178.357 Thread 0x000002853e74ced0 Exception <a 'java/lang/NoSuchMethodError'{0x0000000089e94050}: 'void java.lang.invoke.DirectMethodHandle$Holder.invokeStatic(java.lang.Object, java.lang.Object, java.lang.Object, int)'> (0x0000000089e94050) 
thrown [s\src\hotspot\share\interpreter\linkResolver.cpp, line 771]
Event: 178.357 Thread 0x000002853dd98f00 Exception <a 'java/lang/NoSuchMethodError'{0x0000000089e905d8}: 'void java.lang.invoke.DirectMethodHandle$Holder.invokeStatic(java.lang.Object, java.lang.Object, java.lang.Object, int)'> (0x0000000089e905d8) 
thrown [s\src\hotspot\share\interpreter\linkResolver.cpp, line 771]
Event: 178.357 Thread 0x000002853dd95070 Exception <a 'java/lang/NoSuchMethodError'{0x0000000089e91b58}: 'void java.lang.invoke.DirectMethodHandle$Holder.invokeStatic(java.lang.Object, java.lang.Object, java.lang.Object, int)'> (0x0000000089e91b58) 
thrown [s\src\hotspot\share\interpreter\linkResolver.cpp, line 771]
Event: 178.357 Thread 0x000002853dd96880 Exception <a 'java/lang/NoSuchMethodError'{0x0000000089e662b8}: 'void java.lang.invoke.DirectMethodHandle$Holder.invokeStatic(java.lang.Object, java.lang.Object, java.lang.Object, int)'> (0x0000000089e662b8) 
thrown [s\src\hotspot\share\interpreter\linkResolver.cpp, line 771]
Event: 178.358 Thread 0x000002853dd95070 Exception <a 'java/lang/IncompatibleClassChangeError'{0x0000000089eadf48}: Found class java.lang.Object, but interface was expected> (0x0000000089eadf48) 
thrown [s\src\hotspot\share\interpreter\linkResolver.cpp, line 838]
Event: 178.358 Thread 0x000002853dd98f00 Exception <a 'java/lang/IncompatibleClassChangeError'{0x0000000089ea83f0}: Found class java.lang.Object, but interface was expected> (0x0000000089ea83f0) 
thrown [s\src\hotspot\share\interpreter\linkResolver.cpp, line 838]
Event: 178.358 Thread 0x000002853e74ced0 Exception <a 'java/lang/IncompatibleClassChangeError'{0x0000000089ea38c0}: Found class java.lang.Object, but interface was expected> (0x0000000089ea38c0) 
thrown [s\src\hotspot\share\interpreter\linkResolver.cpp, line 838]
Event: 178.358 Thread 0x000002853dd96880 Exception <a 'java/lang/IncompatibleClassChangeError'{0x0000000089e6f2f8}: Found class java.lang.Object, but interface was expected> (0x0000000089e6f2f8) 
thrown [s\src\hotspot\share\interpreter\linkResolver.cpp, line 838]
Event: 178.358 Thread 0x000002853e74ced0 Exception <a 'java/lang/NoSuchMethodError'{0x0000000089eb7ef8}: 'void java.lang.invoke.DirectMethodHandle$Holder.invokeInterface(java.lang.Object, java.lang.Object, java.lang.Object, int)'> (0x0000000089eb7ef8) 
thrown [s\src\hotspot\share\interpreter\linkResolver.cpp, line 771]
Event: 178.359 Thread 0x000002853dd96880 Exception <a 'java/lang/NoSuchMethodError'{0x0000000089e73268}: 'void java.lang.invoke.DirectMethodHandle$Holder.invokeInterface(java.lang.Object, java.lang.Object, java.lang.Object, int)'> (0x0000000089e73268) 
thrown [s\src\hotspot\share\interpreter\linkResolver.cpp, line 771]
Event: 178.359 Thread 0x000002853dd98f00 Exception <a 'java/lang/NoSuchMethodError'{0x0000000089eac360}: 'void java.lang.invoke.DirectMethodHandle$Holder.invokeInterface(java.lang.Object, java.lang.Object, java.lang.Object, int)'> (0x0000000089eac360) 
thrown [s\src\hotspot\share\interpreter\linkResolver.cpp, line 771]
Event: 178.359 Thread 0x000002853dd95070 Exception <a 'java/lang/NoSuchMethodError'{0x0000000089ebe350}: 'void java.lang.invoke.DirectMethodHandle$Holder.invokeInterface(java.lang.Object, java.lang.Object, java.lang.Object, int)'> (0x0000000089ebe350) 
thrown [s\src\hotspot\share\interpreter\linkResolver.cpp, line 771]

VM Operations (20 events):
Event: 177.742 Executing VM operation: Cleanup
Event: 177.755 Executing VM operation: Cleanup done
Event: 177.996 Executing VM operation: HandshakeAllThreads
Event: 177.996 Executing VM operation: HandshakeAllThreads done
Event: 178.035 Executing VM operation: HandshakeAllThreads
Event: 178.035 Executing VM operation: HandshakeAllThreads done
Event: 178.035 Executing VM operation: HandshakeAllThreads
Event: 178.035 Executing VM operation: HandshakeAllThreads done
Event: 178.155 Executing VM operation: HandshakeAllThreads
Event: 178.156 Executing VM operation: HandshakeAllThreads done
Event: 178.161 Executing VM operation: ICBufferFull
Event: 178.161 Executing VM operation: ICBufferFull done
Event: 178.366 Executing VM operation: G1CollectForAllocation
Event: 178.400 Executing VM operation: G1CollectForAllocation done
Event: 178.430 Executing VM operation: HandshakeAllThreads
Event: 178.430 Executing VM operation: HandshakeAllThreads done
Event: 178.431 Executing VM operation: HandshakeAllThreads
Event: 178.432 Executing VM operation: HandshakeAllThreads done
Event: 178.480 Executing VM operation: G1Concurrent
Event: 178.506 Executing VM operation: G1Concurrent done

Events (20 events):
Event: 178.044 Thread 0x0000028533af6230 flushing nmethod 0x000002851d75a210
Event: 178.044 Thread 0x0000028533af6230 flushing nmethod 0x000002851d75a690
Event: 178.044 Thread 0x0000028533af6230 flushing nmethod 0x000002851d75c390
Event: 178.045 Thread 0x0000028533af6230 flushing nmethod 0x000002851d981a10
Event: 178.046 Thread 0x0000028533af6230 flushing nmethod 0x000002851db50110
Event: 178.048 Thread 0x0000028533af6230 flushing nmethod 0x000002851de58010
Event: 178.049 Thread 0x0000028533af6230 flushing nmethod 0x000002851dfa2490
Event: 178.049 Thread 0x0000028533af6230 flushing nmethod 0x000002851dfa6090
Event: 178.049 Thread 0x0000028533af6230 flushing nmethod 0x000002851dfb2190
Event: 178.049 Thread 0x0000028533af6230 flushing nmethod 0x000002851e052e10
Event: 178.052 Thread 0x0000028533af6230 flushing nmethod 0x000002851e48fd10
Event: 178.052 Thread 0x0000028533af6230 flushing nmethod 0x000002851e495990
Event: 178.053 Thread 0x0000028533af6230 flushing nmethod 0x000002851e50cd10
Event: 178.054 Thread 0x0000028533af6230 flushing nmethod 0x000002851e78fb90
Event: 178.055 Thread 0x0000028533af6230 flushing nmethod 0x000002851e9b4b90
Event: 178.094 loading class java/util/concurrent/RejectedExecutionException
Event: 178.094 loading class java/util/concurrent/RejectedExecutionException done
Event: 178.168 loading class java/lang/reflect/GenericSignatureFormatError
Event: 178.168 loading class java/lang/reflect/GenericSignatureFormatError done
Event: 178.403 Thread 0x000002853dd96d50 Thread exited: 0x000002853dd96d50


Dynamic libraries:
0x00007ff73d0f0000 - 0x00007ff73d0fa000 	C:\Program Files\Android\Android Studio\jbr\bin\java.exe
0x00007ffbe38b0000 - 0x00007ffbe3ac4000 	C:\Windows\SYSTEM32\ntdll.dll
0x00007ffbe2f40000 - 0x00007ffbe3003000 	C:\Windows\System32\KERNEL32.DLL
0x00007ffbe11e0000 - 0x00007ffbe157d000 	C:\Windows\System32\KERNELBASE.dll
0x00007ffbe0f00000 - 0x00007ffbe1011000 	C:\Windows\System32\ucrtbase.dll
0x00007ffbdae70000 - 0x00007ffbdae87000 	C:\Program Files\Android\Android Studio\jbr\bin\jli.dll
0x00007ffbd81b0000 - 0x00007ffbd81cb000 	C:\Program Files\Android\Android Studio\jbr\bin\VCRUNTIME140.dll
0x00007ffbe34f0000 - 0x00007ffbe369d000 	C:\Windows\System32\USER32.dll
0x00007ffbc84c0000 - 0x00007ffbc874e000 	C:\Windows\WinSxS\amd64_microsoft.windows.common-controls_6595b64144ccf1df_6.0.22621.608_none_a9444ca7c10bb01d\COMCTL32.dll
0x00007ffbe10a0000 - 0x00007ffbe10c6000 	C:\Windows\System32\win32u.dll
0x00007ffbe2e90000 - 0x00007ffbe2f37000 	C:\Windows\System32\msvcrt.dll
0x00007ffbe28d0000 - 0x00007ffbe28f9000 	C:\Windows\System32\GDI32.dll
0x00007ffbe1580000 - 0x00007ffbe1692000 	C:\Windows\System32\gdi32full.dll
0x00007ffbe1140000 - 0x00007ffbe11da000 	C:\Windows\System32\msvcp_win.dll
0x00007ffbe2af0000 - 0x00007ffbe2b22000 	C:\Windows\System32\IMM32.DLL
0x00007ffbdadf0000 - 0x00007ffbdadfc000 	C:\Program Files\Android\Android Studio\jbr\bin\vcruntime140_1.dll
0x00007ffbace20000 - 0x00007ffbacead000 	C:\Program Files\Android\Android Studio\jbr\bin\msvcp140.dll
0x00007ffb5e1c0000 - 0x00007ffb5ee2e000 	C:\Program Files\Android\Android Studio\jbr\bin\server\jvm.dll
0x00007ffbe16a0000 - 0x00007ffbe174e000 	C:\Windows\System32\ADVAPI32.dll
0x00007ffbe37c0000 - 0x00007ffbe3864000 	C:\Windows\System32\sechost.dll
0x00007ffbe36a0000 - 0x00007ffbe37b5000 	C:\Windows\System32\RPCRT4.dll
0x00007ffbdc000000 - 0x00007ffbdc009000 	C:\Windows\SYSTEM32\WSOCK32.dll
0x00007ffbdb550000 - 0x00007ffbdb584000 	C:\Windows\SYSTEM32\WINMM.dll
0x00007ffbe2c70000 - 0x00007ffbe2ce1000 	C:\Windows\System32\WS2_32.dll
0x00007ffbdc640000 - 0x00007ffbdc64a000 	C:\Windows\SYSTEM32\VERSION.dll
0x00007ffbdfe20000 - 0x00007ffbdfe38000 	C:\Windows\SYSTEM32\kernel.appcore.dll
0x00007ffbdbff0000 - 0x00007ffbdbffa000 	C:\Program Files\Android\Android Studio\jbr\bin\jimage.dll
0x00007ffbddf80000 - 0x00007ffbde1ae000 	C:\Windows\SYSTEM32\DBGHELP.DLL
0x00007ffbe2540000 - 0x00007ffbe28ca000 	C:\Windows\System32\combase.dll
0x00007ffbe2b90000 - 0x00007ffbe2c67000 	C:\Windows\System32\OLEAUT32.dll
0x00007ffb694b0000 - 0x00007ffb694e2000 	C:\Windows\SYSTEM32\dbgcore.DLL
0x00007ffbe1020000 - 0x00007ffbe109b000 	C:\Windows\System32\bcryptPrimitives.dll
0x00007ffbdafe0000 - 0x00007ffbdb005000 	C:\Program Files\Android\Android Studio\jbr\bin\java.dll
0x00007ffbdaf90000 - 0x00007ffbdafa8000 	C:\Program Files\Android\Android Studio\jbr\bin\zip.dll
0x00007ffbe1750000 - 0x00007ffbe1f3f000 	C:\Windows\System32\SHELL32.dll
0x00007ffbded10000 - 0x00007ffbdf5d8000 	C:\Windows\SYSTEM32\windows.storage.dll
0x00007ffbdebd0000 - 0x00007ffbded0e000 	C:\Windows\SYSTEM32\wintypes.dll
0x00007ffbe31b0000 - 0x00007ffbe32a1000 	C:\Windows\System32\SHCORE.dll
0x00007ffbe2e20000 - 0x00007ffbe2e7e000 	C:\Windows\System32\shlwapi.dll
0x00007ffbe0c00000 - 0x00007ffbe0c21000 	C:\Windows\SYSTEM32\profapi.dll
0x00007ffbdaf70000 - 0x00007ffbdaf89000 	C:\Program Files\Android\Android Studio\jbr\bin\net.dll
0x00007ffbdca30000 - 0x00007ffbdcb5f000 	C:\Windows\SYSTEM32\WINHTTP.dll
0x00007ffbe0280000 - 0x00007ffbe02e9000 	C:\Windows\system32\mswsock.dll
0x00007ffbdaf50000 - 0x00007ffbdaf66000 	C:\Program Files\Android\Android Studio\jbr\bin\nio.dll
0x00007ffbdbfe0000 - 0x00007ffbdbff0000 	C:\Program Files\Android\Android Studio\jbr\bin\verify.dll
0x00007ffbc8e50000 - 0x00007ffbc8e77000 	C:\Users\Admin\.gradle\native\68d5fa5c4cc2d200863cafc0d521ce42e7d3e7ee720ec0a83991735586a16f82\windows-amd64\native-platform.dll
0x00007ffb8fbc0000 - 0x00007ffb8fd04000 	C:\Users\Admin\.gradle\native\e376f236ea51e6404a007f0833ffe2c6e607c4080706a723a18a27aeea778392\windows-amd64\native-platform-file-events.dll
0x00007ffbdafd0000 - 0x00007ffbdafd9000 	C:\Program Files\Android\Android Studio\jbr\bin\management.dll
0x00007ffbdaf40000 - 0x00007ffbdaf4b000 	C:\Program Files\Android\Android Studio\jbr\bin\management_ext.dll
0x00007ffbe2e80000 - 0x00007ffbe2e88000 	C:\Windows\System32\PSAPI.DLL
0x00007ffbe04d0000 - 0x00007ffbe04eb000 	C:\Windows\SYSTEM32\CRYPTSP.dll
0x00007ffbdfd90000 - 0x00007ffbdfdc5000 	C:\Windows\system32\rsaenh.dll
0x00007ffbe0370000 - 0x00007ffbe0398000 	C:\Windows\SYSTEM32\USERENV.dll
0x00007ffbe0670000 - 0x00007ffbe0698000 	C:\Windows\SYSTEM32\bcrypt.dll
0x00007ffbe04f0000 - 0x00007ffbe04fc000 	C:\Windows\SYSTEM32\CRYPTBASE.dll
0x00007ffbdf8a0000 - 0x00007ffbdf8cd000 	C:\Windows\SYSTEM32\IPHLPAPI.DLL
0x00007ffbe2b30000 - 0x00007ffbe2b39000 	C:\Windows\System32\NSI.dll
0x00007ffbdc4c0000 - 0x00007ffbdc4d9000 	C:\Windows\SYSTEM32\dhcpcsvc6.DLL
0x00007ffbdc4a0000 - 0x00007ffbdc4bf000 	C:\Windows\SYSTEM32\dhcpcsvc.DLL
0x00007ffbdf910000 - 0x00007ffbdfa02000 	C:\Windows\SYSTEM32\DNSAPI.dll
0x00007ffbdaf30000 - 0x00007ffbdaf38000 	C:\Windows\system32\wshunix.dll
0x00007ffbba1e0000 - 0x00007ffbba1f7000 	C:\Windows\system32\napinsp.dll
0x00007ffbba1c0000 - 0x00007ffbba1db000 	C:\Windows\system32\pnrpnsp.dll
0x00007ffbba1a0000 - 0x00007ffbba1b1000 	C:\Windows\System32\winrnr.dll
0x00007ffbdb6c0000 - 0x00007ffbdb6d5000 	C:\Windows\system32\wshbth.dll
0x00007ffbba170000 - 0x00007ffbba191000 	C:\Windows\system32\nlansp_c.dll
0x00007ffbdb6b0000 - 0x00007ffbdb6ba000 	C:\Windows\System32\rasadhlp.dll
0x00007ffbdb590000 - 0x00007ffbdb613000 	C:\Windows\System32\fwpuclnt.dll
0x00007ffbc8f90000 - 0x00007ffbc8fae000 	C:\Users\Admin\AppData\Local\Temp\native-platform3819922764618209592dir\native-platform.dll
0x00007ffbc8e90000 - 0x00007ffbc8e97000 	C:\Program Files\Android\Android Studio\jbr\bin\rmi.dll

dbghelp: loaded successfully - version: 4.0.5 - missing functions: none
symbol engine: initialized successfully - sym options: 0x614 - pdb path: .;C:\Program Files\Android\Android Studio\jbr\bin;C:\Windows\SYSTEM32;C:\Windows\WinSxS\amd64_microsoft.windows.common-controls_6595b64144ccf1df_6.0.22621.608_none_a9444ca7c10bb01d;C:\Program Files\Android\Android Studio\jbr\bin\server;C:\Users\Admin\.gradle\native\68d5fa5c4cc2d200863cafc0d521ce42e7d3e7ee720ec0a83991735586a16f82\windows-amd64;C:\Users\Admin\.gradle\native\e376f236ea51e6404a007f0833ffe2c6e607c4080706a723a18a27aeea778392\windows-amd64;C:\Users\Admin\AppData\Local\Temp\native-platform3819922764618209592dir

VM Arguments:
jvm_args: --add-opens=java.base/java.util=ALL-UNNAMED --add-opens=java.base/java.lang=ALL-UNNAMED --add-opens=java.base/java.lang.invoke=ALL-UNNAMED --add-opens=java.prefs/java.util.prefs=ALL-UNNAMED --add-opens=java.base/java.nio.charset=ALL-UNNAMED --add-opens=java.base/java.net=ALL-UNNAMED --add-opens=java.base/java.util.concurrent.atomic=ALL-UNNAMED -Xmx2048m -Dfile.encoding=UTF-8 -Duser.country=ID -Duser.language=en -Duser.variant 
java_command: org.gradle.launcher.daemon.bootstrap.GradleDaemon 8.0
java_class_path (initial): C:\Users\Admin\.gradle\wrapper\dists\gradle-8.0-bin\ca5e32bp14vu59qr306oxotwh\gradle-8.0\lib\gradle-launcher-8.0.jar
Launcher Type: SUN_STANDARD

[Global flags]
     intx CICompilerCount                          = 4                                         {product} {ergonomic}
     uint ConcGCThreads                            = 2                                         {product} {ergonomic}
     uint G1ConcRefinementThreads                  = 8                                         {product} {ergonomic}
   size_t G1HeapRegionSize                         = 1048576                                   {product} {ergonomic}
    uintx GCDrainStackTargetSize                   = 64                                        {product} {ergonomic}
   size_t InitialHeapSize                          = 400556032                                 {product} {ergonomic}
   size_t MarkStackSize                            = 4194304                                   {product} {ergonomic}
   size_t MaxHeapSize                              = 2147483648                                {product} {command line}
   size_t MaxNewSize                               = 1287651328                                {product} {ergonomic}
   size_t MinHeapDeltaBytes                        = 1048576                                   {product} {ergonomic}
   size_t MinHeapSize                              = 8388608                                   {product} {ergonomic}
    uintx NonNMethodCodeHeapSize                   = 5839372                                {pd product} {ergonomic}
    uintx NonProfiledCodeHeapSize                  = 122909434                              {pd product} {ergonomic}
    uintx ProfiledCodeHeapSize                     = 122909434                              {pd product} {ergonomic}
    uintx ReservedCodeCacheSize                    = 251658240                              {pd product} {ergonomic}
     bool SegmentedCodeCache                       = true                                      {product} {ergonomic}
   size_t SoftMaxHeapSize                          = 2147483648                             {manageable} {ergonomic}
     bool UseCompressedClassPointers               = true                           {product lp64_product} {ergonomic}
     bool UseCompressedOops                        = true                           {product lp64_product} {ergonomic}
     bool UseG1GC                                  = true                                      {product} {ergonomic}
     bool UseLargePagesIndividualAllocation        = false                                  {pd product} {ergonomic}

Logging:
Log output configuration:
 #0: stdout all=warning uptime,level,tags
 #1: stderr all=off uptime,level,tags

Environment Variables:
PATH=C:\Windows\system32;C:\Windows;C:\Windows\System32\Wbem;C:\Windows\System32\WindowsPowerShell\v1.0\;C:\Windows\System32\OpenSSH\;C:\Program Files (x86)\NVIDIA Corporation\PhysX\Common;C:\Program Files\NVIDIA Corporation\NVIDIA NvDLISR;D:\Code\xampp\php;C:\ProgramData\ComposerSetup\bin;C:\Program Files\Git\cmd;C:\Program Files\nodejs\;C:\Program Files\dotnet\;C:\Users\Admin\AppData\Local\Microsoft\WindowsApps;C:\Users\Admin\AppData\Roaming\Composer\vendor\bin;C:\Users\Admin\AppData\Local\GitHubDesktop\bin;C:\Users\Admin\AppData\Local\Programs\Microsoft VS Code\bin;C:\Users\Admin\AppData\Roaming\npm;C:\xampp\php;
USERNAME=Admin
OS=Windows_NT
PROCESSOR_IDENTIFIER=Intel64 Family 6 Model 140 Stepping 1, GenuineIntel
TMP=C:\Users\Admin\AppData\Local\Temp
TEMP=C:\Users\Admin\AppData\Local\Temp


JNI global refs:
JNI global refs: 25, weak refs: 0

JNI global refs memory usage: 843, weak refs: 841


---------------  S Y S T E M  ---------------

OS:
 Windows 11 , 64 bit Build 22621 (10.0.22621.963)
OS uptime: 4 days 4:22 hours

CPU: total 8 (initial active 8) (4 cores per cpu, 2 threads per core) family 6 model 140 stepping 1 microcode 0xaa, cx8, cmov, fxsr, ht, mmx, 3dnowpref, sse, sse2, sse3, ssse3, sse4.1, sse4.2, popcnt, lzcnt, tsc, tscinvbit, avx, avx2, aes, erms, clmul, bmi1, bmi2, adx, avx512f, avx512dq, avx512cd, avx512bw, avx512vl, sha, fma, vzeroupper, avx512_vpopcntdq, avx512_vpclmulqdq, avx512_vaes, avx512_vnni, clflush, clflushopt, clwb, avx512_vbmi2, avx512_vbmi

Memory: 4k page, system-wide physical 24359M (3498M free)
TotalPageFile size 24359M (AvailPageFile size 0M)
current process WorkingSet (physical memory assigned to process): 536M, peak: 549M
current process commit charge ("private bytes"): 570M, peak: 584M

vm_info: OpenJDK 64-Bit Server VM (17.0.6+0-b2043.56-10027231) for windows-amd64 JRE (17.0.6+0-b2043.56-10027231), built on Apr 28 2023 00:43:19 by "androidbuild" with MS VC++ 16.10 / 16.11 (VS2019)

END.
