#
# There is insufficient memory for the Java Runtime Environment to continue.
# Native memory allocation (mmap) failed to map 171966464 bytes for G1 virtual space
# Possible reasons:
#   The system is out of physical RAM or swap space
#   The process is running with CompressedOops enabled, and the Java Heap may be blocking the growth of the native heap
# Possible solutions:
#   Reduce memory load on the system
#   Increase physical memory or swap space
#   Check if swap backing store is full
#   Decrease Java heap size (-Xmx/-Xms)
#   Decrease number of Java threads
#   Decrease Java thread stack sizes (-Xss)
#   Set larger code cache with -XX:ReservedCodeCacheSize=
#   JVM is running with Zero Based Compressed Oops mode in which the Java heap is
#     placed in the first 32GB address space. The Java Heap base address is the
#     maximum limit for the native heap growth. Please use -XX:HeapBaseMinAddress
#     to set the Java Heap base and to place the Java Heap above 32GB virtual address.
# This output file may be truncated or incomplete.
#
#  Out of Memory Error (os_windows.cpp:3825), pid=15096, tid=15772
#
# JRE version: OpenJDK Runtime Environment JBR-17.0.9+7-1087.7-jcef (17.0.9+7) (build 17.0.9+7-b1087.7)
# Java VM: OpenJDK 64-Bit Server VM JBR-17.0.9+7-1087.7-jcef (17.0.9+7-b1087.7, mixed mode, tiered, compressed oops, compressed class ptrs, g1 gc, windows-amd64)
# No core dump will be written. Minidumps are not enabled by default on client versions of Windows
#

---------------  S U M M A R Y ------------

Command Line: org.jetbrains.kotlin.cli.jvm.K2JVMCompiler @C:\Users\Admin\old\gostadz2\gostadz2\app\build\20231212_16960219516920384775.compiler.options

Host: 11th Gen Intel(R) Core(TM) i5-11300H @ 3.10GHz, 8 cores, 23G,  Windows 11 , 64 bit Build 22621 (10.0.22621.963)
Time: Tue Dec 12 22:44:50 2023 SE Asia Standard Time elapsed time: 16.712269 seconds (0d 0h 0m 16s)

---------------  T H R E A D  ---------------

Current thread (0x000001a7d9042650):  VMThread "VM Thread" [stack: 0x000000a4b0200000,0x000000a4b0300000] [id=15772]

Stack: [0x000000a4b0200000,0x000000a4b0300000]
Native frames: (J=compiled Java code, j=interpreted, Vv=VM code, C=native code)
V  [jvm.dll+0x6886e9]  os::platform_print_native_stack+0xd9  (os_windows_x86.cpp:235)
V  [jvm.dll+0x841e4a]  VMError::report+0xc6a  (vmError.cpp:855)
V  [jvm.dll+0x843a8e]  VMError::report_and_die+0x78e  (vmError.cpp:1749)
V  [jvm.dll+0x8440f3]  VMError::report_and_die+0x43  (vmError.cpp:1535)
V  [jvm.dll+0x24c14f]  report_vm_out_of_memory+0x8f  (debug.cpp:321)
V  [jvm.dll+0x685499]  os::pd_commit_memory_or_exit+0xc9  (os_windows.cpp:3833)
V  [jvm.dll+0x679c2a]  os::commit_memory_or_exit+0x2a  (os.cpp:1739)
V  [jvm.dll+0x30cf9b]  G1PageBasedVirtualSpace::commit+0x19b  (g1PageBasedVirtualSpace.cpp:204)
V  [jvm.dll+0x314446]  G1RegionsLargerThanCommitSizeMapper::commit_regions+0x96  (g1RegionToSpaceMapper.cpp:100)
V  [jvm.dll+0x36425e]  HeapRegionManager::expand_any+0xee  (heapRegionManager.cpp:363)
V  [jvm.dll+0x36448f]  HeapRegionManager::expand_by+0x7f  (heapRegionManager.cpp:380)
V  [jvm.dll+0x2e2d68]  G1CollectedHeap::expand+0xb8  (g1CollectedHeap.cpp:1298)
V  [jvm.dll+0x2e0f44]  G1CollectedHeap::do_collection_pause_at_safepoint_helper+0x9e4  (g1CollectedHeap.cpp:3049)
V  [jvm.dll+0x2e054c]  G1CollectedHeap::do_collection_pause_at_safepoint+0x5c  (g1CollectedHeap.cpp:2912)
V  [jvm.dll+0x3253fb]  VM_G1CollectForAllocation::doit+0x6b  (g1VMOperations.cpp:146)
V  [jvm.dll+0x8487eb]  VM_Operation::evaluate+0xfb  (vmOperations.cpp:73)
V  [jvm.dll+0x849531]  VMThread::evaluate_operation+0xe1  (vmThread.cpp:270)
V  [jvm.dll+0x849a4d]  VMThread::inner_execute+0x1ad  (vmThread.cpp:418)
V  [jvm.dll+0x849e24]  VMThread::loop+0x254  (vmThread.cpp:482)
V  [jvm.dll+0x849ef0]  VMThread::run+0x70  (vmThread.cpp:167)
V  [jvm.dll+0x7f06aa]  Thread::call_run+0x8a  (thread.cpp:405)
V  [jvm.dll+0x687565]  thread_native_entry+0x75  (os_windows.cpp:550)
C  [ucrtbase.dll+0x29363]
C  [KERNEL32.DLL+0x126bd]
C  [ntdll.dll+0x5dfb8]

VM_Operation (0x000000a4afcfc980): G1CollectForAllocation, mode: safepoint, requested by thread 0x000001a7b1274870


---------------  P R O C E S S  ---------------

Threads class SMR info:
_java_thread_list=0x000001a7dc361b30, length=14, elements={
0x000001a7b1274870, 0x000001a7d9046030, 0x000001a7d9046900, 0x000001a7d904ba20,
0x000001a7d9092000, 0x000001a7d90948e0, 0x000001a7d90951b0, 0x000001a7d9095e60,
0x000001a7d9099d30, 0x000001a7d90b2eb0, 0x000001a7d92514a0, 0x000001a7d92551f0,
0x000001a7d92b86d0, 0x000001a7dbb35810
}

Java Threads: ( => current thread )
  0x000001a7b1274870 JavaThread "main" [_thread_blocked, id=18972, stack(0x000000a4afc00000,0x000000a4afd00000)]
  0x000001a7d9046030 JavaThread "Reference Handler" daemon [_thread_blocked, id=17132, stack(0x000000a4b0300000,0x000000a4b0400000)]
  0x000001a7d9046900 JavaThread "Finalizer" daemon [_thread_blocked, id=4756, stack(0x000000a4b0400000,0x000000a4b0500000)]
  0x000001a7d904ba20 JavaThread "Signal Dispatcher" daemon [_thread_blocked, id=18488, stack(0x000000a4b0500000,0x000000a4b0600000)]
  0x000001a7d9092000 JavaThread "Attach Listener" daemon [_thread_blocked, id=1668, stack(0x000000a4b0600000,0x000000a4b0700000)]
  0x000001a7d90948e0 JavaThread "Service Thread" daemon [_thread_blocked, id=15356, stack(0x000000a4b0700000,0x000000a4b0800000)]
  0x000001a7d90951b0 JavaThread "Monitor Deflation Thread" daemon [_thread_blocked, id=5176, stack(0x000000a4b0800000,0x000000a4b0900000)]
  0x000001a7d9095e60 JavaThread "C2 CompilerThread0" daemon [_thread_in_native, id=18424, stack(0x000000a4b0900000,0x000000a4b0a00000)]
  0x000001a7d9099d30 JavaThread "C1 CompilerThread0" daemon [_thread_blocked, id=15468, stack(0x000000a4b0a00000,0x000000a4b0b00000)]
  0x000001a7d90b2eb0 JavaThread "Sweeper thread" daemon [_thread_blocked, id=19168, stack(0x000000a4b0b00000,0x000000a4b0c00000)]
  0x000001a7d92514a0 JavaThread "Notification Thread" daemon [_thread_blocked, id=14064, stack(0x000000a4b0c00000,0x000000a4b0d00000)]
  0x000001a7d92551f0 JavaThread "Common-Cleaner" daemon [_thread_blocked, id=16220, stack(0x000000a4b0e00000,0x000000a4b0f00000)]
  0x000001a7d92b86d0 JavaThread "C2 CompilerThread1" daemon [_thread_blocked, id=16844, stack(0x000000a4b0f00000,0x000000a4b1000000)]
  0x000001a7dbb35810 JavaThread "C2 CompilerThread2" daemon [_thread_blocked, id=2000, stack(0x000000a4b1c00000,0x000000a4b1d00000)]

Other Threads:
=>0x000001a7d9042650 VMThread "VM Thread" [stack: 0x000000a4b0200000,0x000000a4b0300000] [id=15772]
  0x000001a7d9253990 WatcherThread [stack: 0x000000a4b0d00000,0x000000a4b0e00000] [id=6772]
  0x000001a7b12ff0f0 GCTaskThread "GC Thread#0" [stack: 0x000000a4afd00000,0x000000a4afe00000] [id=18604]
  0x000001a7d980bc90 GCTaskThread "GC Thread#1" [stack: 0x000000a4b1000000,0x000000a4b1100000] [id=10800]
  0x000001a7d980bf50 GCTaskThread "GC Thread#2" [stack: 0x000000a4b1100000,0x000000a4b1200000] [id=18700]
  0x000001a7d980c210 GCTaskThread "GC Thread#3" [stack: 0x000000a4b1200000,0x000000a4b1300000] [id=16520]
  0x000001a7d980c8d0 GCTaskThread "GC Thread#4" [stack: 0x000000a4b1300000,0x000000a4b1400000] [id=13884]
  0x000001a7d976d990 GCTaskThread "GC Thread#5" [stack: 0x000000a4b1400000,0x000000a4b1500000] [id=5840]
  0x000001a7d984b940 GCTaskThread "GC Thread#6" [stack: 0x000000a4b1500000,0x000000a4b1600000] [id=15788]
  0x000001a7d984a080 GCTaskThread "GC Thread#7" [stack: 0x000000a4b1600000,0x000000a4b1700000] [id=12032]
  0x000001a7b130bff0 ConcurrentGCThread "G1 Main Marker" [stack: 0x000000a4afe00000,0x000000a4aff00000] [id=18932]
  0x000001a7b130ca10 ConcurrentGCThread "G1 Conc#0" [stack: 0x000000a4aff00000,0x000000a4b0000000] [id=6880]
  0x000001a7d984ae40 ConcurrentGCThread "G1 Conc#1" [stack: 0x000000a4b1700000,0x000000a4b1800000] [id=8720]
  0x000001a7d4ca3d30 ConcurrentGCThread "G1 Refine#0" [stack: 0x000000a4b0000000,0x000000a4b0100000] [id=17336]
  0x000001a7da1f1c00 ConcurrentGCThread "G1 Refine#1" [stack: 0x000000a4b1800000,0x000000a4b1900000] [id=19192]
  0x000001a7da6a1a50 ConcurrentGCThread "G1 Refine#2" [stack: 0x000000a4b1900000,0x000000a4b1a00000] [id=18408]
  0x000001a7da6a1d40 ConcurrentGCThread "G1 Refine#3" [stack: 0x000000a4b1a00000,0x000000a4b1b00000] [id=18260]
  0x000001a7da54b3d0 ConcurrentGCThread "G1 Refine#4" [stack: 0x000000a4b1b00000,0x000000a4b1c00000] [id=19080]
  0x000001a7ddaaebe0 ConcurrentGCThread "G1 Refine#5" [stack: 0x000000a4b1d00000,0x000000a4b1e00000] [id=19088]
  0x000001a7d4ca6510 ConcurrentGCThread "G1 Service" [stack: 0x000000a4b0100000,0x000000a4b0200000] [id=4044]

Threads with active compile tasks:
C2 CompilerThread0    16791 19444       4       org.jetbrains.kotlin.types.AbstractTypeMapper::mapClassType (177 bytes)
C1 CompilerThread0    16791 19776   !   2       org.jetbrains.kotlin.ir.util.RenderIrElementKt::renderDeclarationParentFqn (61 bytes)
C2 CompilerThread1    16791 19685 %     4       org.jetbrains.kotlin.codegen.optimization.temporaryVals.TemporaryValsAnalyzer::analyze @ 184 (1271 bytes)
C2 CompilerThread2    16791 19575       4       org.jetbrains.kotlin.backend.jvm.InlineClassAbi::unboxType (120 bytes)

VM state: at safepoint (normal execution)

VM Mutex/Monitor currently owned by a thread:  ([mutex/lock_event])
[0x000001a7b126ee40] Threads_lock - owner thread: 0x000001a7d9042650
[0x000001a7b126f860] Heap_lock - owner thread: 0x000001a7b1274870

Heap address: 0x0000000683400000, size: 6092 MB, Compressed Oops mode: Zero based, Oop shift amount: 3

CDS archive(s) not mapped
Compressed class space mapped at: 0x0000000800000000-0x0000000840000000, reserved size: 1073741824
Narrow klass base: 0x0000000800000000, Narrow klass shift: 0, Narrow klass range: 0x40000000

GC Precious Log:
 CPUs: 8 total, 8 available
 Memory: 24359M
 Large Page Support: Disabled
 NUMA Support: Disabled
 Compressed Oops: Enabled (Zero based)
 Heap Region Size: 4M
 Heap Min Capacity: 8M
 Heap Initial Capacity: 384M
 Heap Max Capacity: 6092M
 Pre-touch: Disabled
 Parallel Workers: 8
 Concurrent Workers: 2
 Concurrent Refinement Workers: 8
 Periodic GC: Disabled

Heap:
 garbage-first heap   total 225280K, used 126526K [0x0000000683400000, 0x0000000800000000)
  region size 4096K, 2 young (8192K), 2 survivors (8192K)
 Metaspace       used 90844K, committed 91264K, reserved 1179648K
  class space    used 9586K, committed 9792K, reserved 1048576K

Heap Regions: E=young(eden), S=young(survivor), O=old, HS=humongous(starts), HC=humongous(continues), CS=collection set, F=free, OA=open archive, CA=closed archive, TAMS=top-at-mark-start (previous, next)
|   0|0x0000000683400000, 0x0000000683800000, 0x0000000683800000|100%|HS|  |TAMS 0x0000000683800000, 0x0000000683800000| Complete 
|   1|0x0000000683800000, 0x0000000683c00000, 0x0000000683c00000|100%| O|  |TAMS 0x0000000683c00000, 0x0000000683c00000| Untracked 
|   2|0x0000000683c00000, 0x0000000684000000, 0x0000000684000000|100%|HS|  |TAMS 0x0000000684000000, 0x0000000684000000| Complete 
|   3|0x0000000684000000, 0x0000000684400000, 0x0000000684400000|100%| O|  |TAMS 0x0000000684400000, 0x0000000684400000| Untracked 
|   4|0x0000000684400000, 0x0000000684800000, 0x0000000684800000|100%| O|  |TAMS 0x0000000684800000, 0x0000000684800000| Untracked 
|   5|0x0000000684800000, 0x0000000684c00000, 0x0000000684c00000|100%| O|  |TAMS 0x0000000684800000, 0x0000000684c00000| Untracked 
|   6|0x0000000684c00000, 0x0000000685000000, 0x0000000685000000|100%| O|  |TAMS 0x0000000685000000, 0x0000000685000000| Untracked 
|   7|0x0000000685000000, 0x0000000685400000, 0x0000000685400000|100%| O|  |TAMS 0x0000000685400000, 0x0000000685400000| Untracked 
|   8|0x0000000685400000, 0x0000000685800000, 0x0000000685800000|100%| O|  |TAMS 0x0000000685800000, 0x0000000685800000| Untracked 
|   9|0x0000000685800000, 0x0000000685c00000, 0x0000000685c00000|100%| O|  |TAMS 0x0000000685c00000, 0x0000000685c00000| Untracked 
|  10|0x0000000685c00000, 0x0000000686000000, 0x0000000686000000|100%| O|  |TAMS 0x0000000686000000, 0x0000000686000000| Untracked 
|  11|0x0000000686000000, 0x0000000686400000, 0x0000000686400000|100%| O|  |TAMS 0x0000000686400000, 0x0000000686400000| Untracked 
|  12|0x0000000686400000, 0x0000000686800000, 0x0000000686800000|100%| O|  |TAMS 0x0000000686800000, 0x0000000686800000| Untracked 
|  13|0x0000000686800000, 0x0000000686c00000, 0x0000000686c00000|100%| O|  |TAMS 0x0000000686c00000, 0x0000000686c00000| Untracked 
|  14|0x0000000686c00000, 0x0000000687000000, 0x0000000687000000|100%| O|  |TAMS 0x0000000687000000, 0x0000000687000000| Untracked 
|  15|0x0000000687000000, 0x0000000687400000, 0x0000000687400000|100%| O|  |TAMS 0x0000000687400000, 0x0000000687400000| Untracked 
|  16|0x0000000687400000, 0x0000000687800000, 0x0000000687800000|100%| O|  |TAMS 0x0000000687800000, 0x0000000687800000| Untracked 
|  17|0x0000000687800000, 0x0000000687800000, 0x0000000687c00000|  0%| F|  |TAMS 0x0000000687800000, 0x0000000687800000| Untracked 
|  18|0x0000000687c00000, 0x0000000688000000, 0x0000000688000000|100%| O|  |TAMS 0x0000000688000000, 0x0000000688000000| Untracked 
|  19|0x0000000688000000, 0x0000000688400000, 0x0000000688400000|100%| O|  |TAMS 0x0000000688400000, 0x0000000688400000| Untracked 
|  20|0x0000000688400000, 0x0000000688800000, 0x0000000688800000|100%| O|  |TAMS 0x0000000688800000, 0x0000000688800000| Untracked 
|  21|0x0000000688800000, 0x0000000688b67600, 0x0000000688c00000| 85%| O|  |TAMS 0x0000000688800000, 0x0000000688b67600| Untracked 
|  22|0x0000000688c00000, 0x0000000689000000, 0x0000000689000000|100%| O|  |TAMS 0x0000000689000000, 0x0000000689000000| Untracked 
|  23|0x0000000689000000, 0x0000000689400000, 0x0000000689400000|100%| O|  |TAMS 0x0000000689400000, 0x0000000689400000| Untracked 
|  24|0x0000000689400000, 0x0000000689800000, 0x0000000689800000|100%| O|  |TAMS 0x0000000689800000, 0x0000000689800000| Untracked 
|  25|0x0000000689800000, 0x0000000689c00000, 0x0000000689c00000|100%| O|  |TAMS 0x0000000689c00000, 0x0000000689c00000| Untracked 
|  26|0x0000000689c00000, 0x000000068a000000, 0x000000068a000000|100%| O|  |TAMS 0x000000068a000000, 0x000000068a000000| Untracked 
|  27|0x000000068a000000, 0x000000068a400000, 0x000000068a400000|100%| O|  |TAMS 0x000000068a400000, 0x000000068a400000| Untracked 
|  28|0x000000068a400000, 0x000000068a800000, 0x000000068a800000|100%| O|  |TAMS 0x000000068a800000, 0x000000068a800000| Untracked 
|  29|0x000000068a800000, 0x000000068a800000, 0x000000068ac00000|  0%| F|  |TAMS 0x000000068a800000, 0x000000068a800000| Untracked 
|  30|0x000000068ac00000, 0x000000068b000000, 0x000000068b000000|100%| O|  |TAMS 0x000000068b000000, 0x000000068b000000| Untracked 
|  31|0x000000068b000000, 0x000000068b400000, 0x000000068b400000|100%| O|  |TAMS 0x000000068b22de00, 0x000000068b400000| Untracked 
|  32|0x000000068b400000, 0x000000068b400000, 0x000000068b800000|  0%| F|  |TAMS 0x000000068b400000, 0x000000068b400000| Untracked 
|  33|0x000000068b800000, 0x000000068b800000, 0x000000068bc00000|  0%| F|  |TAMS 0x000000068b800000, 0x000000068b800000| Untracked 
|  34|0x000000068bc00000, 0x000000068bc00000, 0x000000068c000000|  0%| F|  |TAMS 0x000000068bc00000, 0x000000068bc00000| Untracked 
|  35|0x000000068c000000, 0x000000068c000000, 0x000000068c400000|  0%| F|  |TAMS 0x000000068c000000, 0x000000068c000000| Untracked 
|  36|0x000000068c400000, 0x000000068c400000, 0x000000068c800000|  0%| F|  |TAMS 0x000000068c400000, 0x000000068c400000| Untracked 
|  37|0x000000068c800000, 0x000000068c800000, 0x000000068cc00000|  0%| F|  |TAMS 0x000000068c800000, 0x000000068c800000| Untracked 
|  38|0x000000068cc00000, 0x000000068cc00000, 0x000000068d000000|  0%| F|  |TAMS 0x000000068cc00000, 0x000000068cc00000| Untracked 
|  39|0x000000068d000000, 0x000000068d0282a8, 0x000000068d400000|  3%| S|CS|TAMS 0x000000068d000000, 0x000000068d000000| Complete 
|  40|0x000000068d400000, 0x000000068d800000, 0x000000068d800000|100%| S|CS|TAMS 0x000000068d400000, 0x000000068d400000| Complete 
|  41|0x000000068d800000, 0x000000068d800000, 0x000000068dc00000|  0%| F|  |TAMS 0x000000068d800000, 0x000000068d800000| Untracked 
|  42|0x000000068dc00000, 0x000000068dc00000, 0x000000068e000000|  0%| F|  |TAMS 0x000000068dc00000, 0x000000068dc00000| Untracked 
|  43|0x000000068e000000, 0x000000068e000000, 0x000000068e400000|  0%| F|  |TAMS 0x000000068e000000, 0x000000068e000000| Untracked 
|  44|0x000000068e400000, 0x000000068e400000, 0x000000068e800000|  0%| F|  |TAMS 0x000000068e400000, 0x000000068e400000| Untracked 
|  45|0x000000068e800000, 0x000000068e800000, 0x000000068ec00000|  0%| F|  |TAMS 0x000000068e800000, 0x000000068e800000| Untracked 
|  46|0x000000068ec00000, 0x000000068ec00000, 0x000000068f000000|  0%| F|  |TAMS 0x000000068ec00000, 0x000000068ec00000| Untracked 
|  47|0x000000068f000000, 0x000000068f000000, 0x000000068f400000|  0%| F|  |TAMS 0x000000068f000000, 0x000000068f000000| Untracked 
|  48|0x000000068f400000, 0x000000068f400000, 0x000000068f800000|  0%| F|  |TAMS 0x000000068f400000, 0x000000068f400000| Untracked 
|  49|0x000000068f800000, 0x000000068f800000, 0x000000068fc00000|  0%| F|  |TAMS 0x000000068f800000, 0x000000068f800000| Untracked 
|  50|0x000000068fc00000, 0x000000068fc00000, 0x0000000690000000|  0%| F|  |TAMS 0x000000068fc00000, 0x000000068fc00000| Untracked 
|  51|0x0000000690000000, 0x0000000690000000, 0x0000000690400000|  0%| F|  |TAMS 0x0000000690000000, 0x0000000690000000| Untracked 
|  52|0x0000000690400000, 0x0000000690400000, 0x0000000690800000|  0%| F|  |TAMS 0x0000000690400000, 0x0000000690400000| Untracked 
|  53|0x0000000690800000, 0x0000000690800000, 0x0000000690c00000|  0%| F|  |TAMS 0x0000000690800000, 0x0000000690800000| Untracked 
|  95|0x000000069b000000, 0x000000069b000000, 0x000000069b400000|  0%| F|  |TAMS 0x000000069b000000, 0x000000069b000000| Untracked 

Card table byte_map: [0x000001a7c4d40000,0x000001a7c5930000] _byte_map_base: 0x000001a7c1926000

Marking Bits (Prev, Next): (CMBitMap*) 0x000001a7b12ff710, (CMBitMap*) 0x000001a7b12ff750
 Prev Bits: [0x000001a7c6520000, 0x000001a7cc450000)
 Next Bits: [0x000001a7cc450000, 0x000001a7d2380000)

Polling page: 0x000001a7af1c0000

Metaspace:

Usage:
  Non-class:     79.35 MB used.
      Class:      9.36 MB used.
       Both:     88.72 MB used.

Virtual space:
  Non-class space:      128.00 MB reserved,      79.56 MB ( 62%) committed,  2 nodes.
      Class space:        1.00 GB reserved,       9.56 MB ( <1%) committed,  1 nodes.
             Both:        1.12 GB reserved,      89.12 MB (  8%) committed. 

Chunk freelists:
   Non-Class:  15.58 MB
       Class:  6.48 MB
        Both:  22.06 MB

MaxMetaspaceSize: unlimited
CompressedClassSpaceSize: 1.00 GB
Initial GC threshold: 21.00 MB
Current GC threshold: 139.31 MB
CDS: off
MetaspaceReclaimPolicy: balanced
 - commit_granule_bytes: 65536.
 - commit_granule_words: 8192.
 - virtual_space_node_default_size: 8388608.
 - enlarge_chunks_in_place: 1.
 - new_chunks_are_fully_committed: 0.
 - uncommit_free_chunks: 1.
 - use_allocation_guard: 0.
 - handle_deallocations: 1.


Internal statistics:

num_allocs_failed_limit: 9.
num_arena_births: 472.
num_arena_deaths: 0.
num_vsnodes_births: 3.
num_vsnodes_deaths: 0.
num_space_committed: 1424.
num_space_uncommitted: 0.
num_chunks_returned_to_freelist: 9.
num_chunks_taken_from_freelist: 3421.
num_chunk_merges: 9.
num_chunk_splits: 2744.
num_chunks_enlarged: 2366.
num_inconsistent_stats: 0.

CodeHeap 'non-profiled nmethods': size=120000Kb used=10424Kb max_used=10424Kb free=109575Kb
 bounds [0x000001a7bc8f0000, 0x000001a7bd320000, 0x000001a7c3e20000]
CodeHeap 'profiled nmethods': size=120000Kb used=53596Kb max_used=53596Kb free=66403Kb
 bounds [0x000001a7b4e20000, 0x000001a7b8280000, 0x000001a7bc350000]
CodeHeap 'non-nmethods': size=5760Kb used=1435Kb max_used=1517Kb free=4324Kb
 bounds [0x000001a7bc350000, 0x000001a7bc5c0000, 0x000001a7bc8f0000]
 total_blobs=17219 nmethods=16465 adapters=661
 compilation: enabled
              stopped_count=0, restarted_count=0
 full_count=0

Compilation events (20 events):
Event: 16.692 Thread 0x000001a7d9099d30 nmethod 19766 0x000001a7b8278190 code [0x000001a7b8278320, 0x000001a7b8278478]
Event: 16.693 Thread 0x000001a7d9099d30 19767       2       org.jetbrains.kotlin.ir.descriptors.LazyTypeConstructor::getDeclarationDescriptor (8 bytes)
Event: 16.693 Thread 0x000001a7d9099d30 nmethod 19767 0x000001a7b8278510 code [0x000001a7b82786a0, 0x000001a7b82787f8]
Event: 16.697 Thread 0x000001a7d9099d30 19768       2       org.jetbrains.kotlin.backend.jvm.codegen.ExpressionCodegen::visitBlockBody (10 bytes)
Event: 16.698 Thread 0x000001a7d9099d30 nmethod 19768 0x000001a7b8278890 code [0x000001a7b8278ae0, 0x000001a7b8278fe8]
Event: 16.698 Thread 0x000001a7d9099d30 19770       2       org.jetbrains.kotlin.ir.descriptors.IrBasedClassDescriptor$_typeConstructor$2$1::<init> (7 bytes)
Event: 16.698 Thread 0x000001a7d9099d30 nmethod 19770 0x000001a7b8279310 code [0x000001a7b82794a0, 0x000001a7b82795c8]
Event: 16.698 Thread 0x000001a7d9099d30 19771       2       org.jetbrains.kotlin.ir.descriptors.IrBasedClassDescriptor$_typeConstructor$2$2::<init> (11 bytes)
Event: 16.698 Thread 0x000001a7d9099d30 nmethod 19771 0x000001a7b8279690 code [0x000001a7b8279820, 0x000001a7b8279978]
Event: 16.698 Thread 0x000001a7d9099d30 19772       2       org.jetbrains.kotlin.ir.descriptors.LazyTypeConstructor::<init> (83 bytes)
Event: 16.699 Thread 0x000001a7d9099d30 nmethod 19772 0x000001a7b8279a10 code [0x000001a7b8279d00, 0x000001a7b827a8f8]
Event: 16.699 Thread 0x000001a7d9099d30 19774       2       org.jetbrains.org.objectweb.asm.tree.analysis.BasicInterpreter::newValue (6 bytes)
Event: 16.699 Thread 0x000001a7d9099d30 nmethod 19774 0x000001a7b827ae90 code [0x000001a7b827b020, 0x000001a7b827b148]
Event: 16.699 Thread 0x000001a7d9099d30 19773       2       org.jetbrains.kotlin.ir.descriptors.LazyTypeConstructor$parameters_$2::<init> (11 bytes)
Event: 16.699 Thread 0x000001a7d9099d30 nmethod 19773 0x000001a7b827b210 code [0x000001a7b827b3a0, 0x000001a7b827b4f8]
Event: 16.699 Thread 0x000001a7d9099d30 19769       2       org.jetbrains.kotlin.backend.jvm.codegen.ExpressionCodegen::visitBlockBody (31 bytes)
Event: 16.700 Thread 0x000001a7d9099d30 nmethod 19769 0x000001a7b827b590 code [0x000001a7b827b7e0, 0x000001a7b827bca8]
Event: 16.703 Thread 0x000001a7d9099d30 19775       2       org.jetbrains.kotlin.codegen.inline.LocalVarNodeWrapper::<init> (16 bytes)
Event: 16.704 Thread 0x000001a7d9099d30 nmethod 19775 0x000001a7b827c010 code [0x000001a7b827c1e0, 0x000001a7b827c4f8]
Event: 16.706 Thread 0x000001a7d9099d30 19776   !   2       org.jetbrains.kotlin.ir.util.RenderIrElementKt::renderDeclarationParentFqn (61 bytes)

GC Heap History (20 events):
Event: 9.414 GC heap after
{Heap after GC invocations=24 (full 0):
 garbage-first heap   total 155648K, used 87882K [0x0000000683400000, 0x0000000800000000)
  region size 4096K, 2 young (8192K), 2 survivors (8192K)
 Metaspace       used 63556K, committed 63872K, reserved 1114112K
  class space    used 7091K, committed 7232K, reserved 1048576K
}
Event: 10.305 GC heap before
{Heap before GC invocations=25 (full 0):
 garbage-first heap   total 163840K, used 120650K [0x0000000683400000, 0x0000000800000000)
  region size 4096K, 10 young (40960K), 2 survivors (8192K)
 Metaspace       used 64792K, committed 65088K, reserved 1114112K
  class space    used 7201K, committed 7360K, reserved 1048576K
}
Event: 10.317 GC heap after
{Heap after GC invocations=26 (full 0):
 garbage-first heap   total 163840K, used 92319K [0x0000000683400000, 0x0000000800000000)
  region size 4096K, 1 young (4096K), 1 survivors (4096K)
 Metaspace       used 64792K, committed 65088K, reserved 1114112K
  class space    used 7201K, committed 7360K, reserved 1048576K
}
Event: 10.901 GC heap before
{Heap before GC invocations=26 (full 0):
 garbage-first heap   total 163840K, used 129183K [0x0000000683400000, 0x0000000800000000)
  region size 4096K, 10 young (40960K), 1 survivors (4096K)
 Metaspace       used 69199K, committed 69568K, reserved 1114112K
  class space    used 7646K, committed 7808K, reserved 1048576K
}
Event: 10.910 GC heap after
{Heap after GC invocations=27 (full 0):
 garbage-first heap   total 212992K, used 93463K [0x0000000683400000, 0x0000000800000000)
  region size 4096K, 2 young (8192K), 2 survivors (8192K)
 Metaspace       used 69199K, committed 69568K, reserved 1114112K
  class space    used 7646K, committed 7808K, reserved 1048576K
}
Event: 12.342 GC heap before
{Heap before GC invocations=28 (full 0):
 garbage-first heap   total 212992K, used 158999K [0x0000000683400000, 0x0000000800000000)
  region size 4096K, 18 young (73728K), 2 survivors (8192K)
 Metaspace       used 74105K, committed 74496K, reserved 1179648K
  class space    used 8153K, committed 8320K, reserved 1048576K
}
Event: 12.357 GC heap after
{Heap after GC invocations=29 (full 0):
 garbage-first heap   total 212992K, used 105132K [0x0000000683400000, 0x0000000800000000)
  region size 4096K, 3 young (12288K), 3 survivors (12288K)
 Metaspace       used 74105K, committed 74496K, reserved 1179648K
  class space    used 8153K, committed 8320K, reserved 1048576K
}
Event: 13.315 GC heap before
{Heap before GC invocations=29 (full 0):
 garbage-first heap   total 212992K, used 158380K [0x0000000683400000, 0x0000000800000000)
  region size 4096K, 16 young (65536K), 3 survivors (12288K)
 Metaspace       used 76459K, committed 76800K, reserved 1179648K
  class space    used 8385K, committed 8576K, reserved 1048576K
}
Event: 13.335 GC heap after
{Heap after GC invocations=30 (full 0):
 garbage-first heap   total 212992K, used 117629K [0x0000000683400000, 0x0000000800000000)
  region size 4096K, 2 young (8192K), 2 survivors (8192K)
 Metaspace       used 76459K, committed 76800K, reserved 1179648K
  class space    used 8385K, committed 8576K, reserved 1048576K
}
Event: 13.948 GC heap before
{Heap before GC invocations=31 (full 0):
 garbage-first heap   total 221184K, used 154493K [0x0000000683400000, 0x0000000800000000)
  region size 4096K, 12 young (49152K), 2 survivors (8192K)
 Metaspace       used 82886K, committed 83264K, reserved 1179648K
  class space    used 9090K, committed 9280K, reserved 1048576K
}
Event: 13.957 GC heap after
{Heap after GC invocations=32 (full 0):
 garbage-first heap   total 221184K, used 123906K [0x0000000683400000, 0x0000000800000000)
  region size 4096K, 2 young (8192K), 2 survivors (8192K)
 Metaspace       used 82886K, committed 83264K, reserved 1179648K
  class space    used 9090K, committed 9280K, reserved 1048576K
}
Event: 14.007 GC heap before
{Heap before GC invocations=32 (full 0):
 garbage-first heap   total 221184K, used 128002K [0x0000000683400000, 0x0000000800000000)
  region size 4096K, 3 young (12288K), 2 survivors (8192K)
 Metaspace       used 83011K, committed 83392K, reserved 1179648K
  class space    used 9096K, committed 9280K, reserved 1048576K
}
Event: 14.016 GC heap after
{Heap after GC invocations=33 (full 0):
 garbage-first heap   total 221184K, used 122007K [0x0000000683400000, 0x0000000800000000)
  region size 4096K, 1 young (4096K), 1 survivors (4096K)
 Metaspace       used 83011K, committed 83392K, reserved 1179648K
  class space    used 9096K, committed 9280K, reserved 1048576K
}
Event: 14.762 GC heap before
{Heap before GC invocations=33 (full 0):
 garbage-first heap   total 221184K, used 167063K [0x0000000683400000, 0x0000000800000000)
  region size 4096K, 12 young (49152K), 1 survivors (4096K)
 Metaspace       used 85058K, committed 85440K, reserved 1179648K
  class space    used 9204K, committed 9408K, reserved 1048576K
}
Event: 14.766 GC heap after
{Heap after GC invocations=34 (full 0):
 garbage-first heap   total 221184K, used 122943K [0x0000000683400000, 0x0000000800000000)
  region size 4096K, 1 young (4096K), 1 survivors (4096K)
 Metaspace       used 85058K, committed 85440K, reserved 1179648K
  class space    used 9204K, committed 9408K, reserved 1048576K
}
Event: 15.738 GC heap before
{Heap before GC invocations=35 (full 0):
 garbage-first heap   total 225280K, used 172095K [0x0000000683400000, 0x0000000800000000)
  region size 4096K, 13 young (53248K), 1 survivors (4096K)
 Metaspace       used 88397K, committed 88832K, reserved 1179648K
  class space    used 9454K, committed 9664K, reserved 1048576K
}
Event: 15.746 GC heap after
{Heap after GC invocations=36 (full 0):
 garbage-first heap   total 225280K, used 125499K [0x0000000683400000, 0x0000000800000000)
  region size 4096K, 2 young (8192K), 2 survivors (8192K)
 Metaspace       used 88397K, committed 88832K, reserved 1179648K
  class space    used 9454K, committed 9664K, reserved 1048576K
}
Event: 15.854 GC heap before
{Heap before GC invocations=36 (full 0):
 garbage-first heap   total 225280K, used 129595K [0x0000000683400000, 0x0000000800000000)
  region size 4096K, 3 young (12288K), 2 survivors (8192K)
 Metaspace       used 88523K, committed 88960K, reserved 1179648K
  class space    used 9454K, committed 9664K, reserved 1048576K
}
Event: 15.864 GC heap after
{Heap after GC invocations=37 (full 0):
 garbage-first heap   total 225280K, used 122980K [0x0000000683400000, 0x0000000800000000)
  region size 4096K, 1 young (4096K), 1 survivors (4096K)
 Metaspace       used 88523K, committed 88960K, reserved 1179648K
  class space    used 9454K, committed 9664K, reserved 1048576K
}
Event: 16.706 GC heap before
{Heap before GC invocations=37 (full 0):
 garbage-first heap   total 225280K, used 176228K [0x0000000683400000, 0x0000000800000000)
  region size 4096K, 14 young (57344K), 1 survivors (4096K)
 Metaspace       used 90844K, committed 91264K, reserved 1179648K
  class space    used 9586K, committed 9792K, reserved 1048576K
}

Dll operation events (3 events):
Event: 0.006 Loaded shared library C:\Users\Admin\.jdks\jbr-17.0.9\bin\java.dll
Event: 0.031 Loaded shared library C:\Users\Admin\.jdks\jbr-17.0.9\bin\jsvml.dll
Event: 0.809 Loaded shared library C:\Users\Admin\.jdks\jbr-17.0.9\bin\verify.dll

Deoptimization events (20 events):
Event: 16.630 Thread 0x000001a7b1274870 Uncommon trap: trap_request=0xffffff45 fr.pc=0x000001a7bd2f4fa0 relative=0x0000000000000d20
Event: 16.630 Thread 0x000001a7b1274870 Uncommon trap: reason=unstable_if action=reinterpret pc=0x000001a7bd2f4fa0 method=org.jetbrains.kotlin.codegen.optimization.boxing.BoxingInterpreterKt.isInlineClassBoxing(Lorg/jetbrains/org/objectweb/asm/tree/AbstractInsnNode;Lorg/jetbrains/kotlin/codegen
Event: 16.630 Thread 0x000001a7b1274870 DEOPT PACKING pc=0x000001a7bd2f4fa0 sp=0x000000a4afcfd2e0
Event: 16.630 Thread 0x000001a7b1274870 DEOPT UNPACKING pc=0x000001a7bc3aa1a3 sp=0x000000a4afcfd240 mode 2
Event: 16.666 Thread 0x000001a7b1274870 Uncommon trap: trap_request=0xffffff66 fr.pc=0x000001a7bcf4fa00 relative=0x00000000000002e0
Event: 16.667 Thread 0x000001a7b1274870 Uncommon trap: reason=speculate_class_check action=maybe_recompile pc=0x000001a7bcf4fa00 method=java.util.HashSet.toArray()[Ljava/lang/Object; @ 14 c2
Event: 16.667 Thread 0x000001a7b1274870 DEOPT PACKING pc=0x000001a7bcf4fa00 sp=0x000000a4afcfd8e0
Event: 16.667 Thread 0x000001a7b1274870 DEOPT UNPACKING pc=0x000001a7bc3aa1a3 sp=0x000000a4afcfd8b0 mode 2
Event: 16.667 Thread 0x000001a7b1274870 Uncommon trap: trap_request=0xffffff66 fr.pc=0x000001a7bcf4fa00 relative=0x00000000000002e0
Event: 16.667 Thread 0x000001a7b1274870 Uncommon trap: reason=speculate_class_check action=maybe_recompile pc=0x000001a7bcf4fa00 method=java.util.HashSet.toArray()[Ljava/lang/Object; @ 14 c2
Event: 16.667 Thread 0x000001a7b1274870 DEOPT PACKING pc=0x000001a7bcf4fa00 sp=0x000000a4afcfd8e0
Event: 16.667 Thread 0x000001a7b1274870 DEOPT UNPACKING pc=0x000001a7bc3aa1a3 sp=0x000000a4afcfd8b0 mode 2
Event: 16.682 Thread 0x000001a7b1274870 Uncommon trap: trap_request=0xffffffde fr.pc=0x000001a7bcd6b288 relative=0x00000000000072c8
Event: 16.682 Thread 0x000001a7b1274870 Uncommon trap: reason=class_check action=maybe_recompile pc=0x000001a7bcd6b288 method=org.jetbrains.org.objectweb.asm.ClassReader.readElementValue(Lorg/jetbrains/org/objectweb/asm/AnnotationVisitor;ILjava/lang/String;[C)I @ 466 c2
Event: 16.682 Thread 0x000001a7b1274870 DEOPT PACKING pc=0x000001a7bcd6b288 sp=0x000000a4afcfc650
Event: 16.682 Thread 0x000001a7b1274870 DEOPT UNPACKING pc=0x000001a7bc3aa1a3 sp=0x000000a4afcfc600 mode 2
Event: 16.682 Thread 0x000001a7b1274870 Uncommon trap: trap_request=0xffffffde fr.pc=0x000001a7bcd6b288 relative=0x00000000000072c8
Event: 16.682 Thread 0x000001a7b1274870 Uncommon trap: reason=class_check action=maybe_recompile pc=0x000001a7bcd6b288 method=org.jetbrains.org.objectweb.asm.ClassReader.readElementValue(Lorg/jetbrains/org/objectweb/asm/AnnotationVisitor;ILjava/lang/String;[C)I @ 466 c2
Event: 16.682 Thread 0x000001a7b1274870 DEOPT PACKING pc=0x000001a7bcd6b288 sp=0x000000a4afcfc650
Event: 16.682 Thread 0x000001a7b1274870 DEOPT UNPACKING pc=0x000001a7bc3aa1a3 sp=0x000000a4afcfc600 mode 2

Classes unloaded (0 events):
No events

Classes redefined (0 events):
No events

Internal exceptions (20 events):
Event: 4.939 Thread 0x000001a7b1274870 Exception <a 'java/lang/IncompatibleClassChangeError'{0x0000000689fd38f8}: Found class java.lang.Object, but interface was expected> (0x0000000689fd38f8) 
thrown [s\src\hotspot\share\interpreter\linkResolver.cpp, line 838]
Event: 4.948 Thread 0x000001a7b1274870 Implicit null exception at 0x000001a7bc90db72 to 0x000001a7bc90e1dc
Event: 5.497 Thread 0x000001a7b1274870 Exception <a 'java/lang/NoSuchMethodError'{0x000000069008e300}: 'int java.lang.invoke.DirectMethodHandle$Holder.invokeStaticInit(java.lang.Object, int)'> (0x000000069008e300) 
thrown [s\src\hotspot\share\interpreter\linkResolver.cpp, line 771]
Event: 5.986 Thread 0x000001a7b1274870 Exception <a 'java/lang/NoSuchMethodError'{0x000000068b0677f8}: 'java.lang.Object java.lang.invoke.DirectMethodHandle$Holder.newInvokeSpecial(java.lang.Object, java.lang.Object, java.lang.Object, java.lang.Object, java.lang.Object, java.lang.Object, java.lang.Object)'> (0x000000068b0677f8) 
thrown [s\src\hotspot\share\interpreter\linkResolver.cpp, line 771]
Event: 5.986 Thread 0x000001a7b1274870 Exception <a 'java/lang/NoSuchMethodError'{0x000000068b06cba8}: 'java.lang.Object java.lang.invoke.Invokers$Holder.linkToTargetMethod(java.lang.Object, java.lang.Object, java.lang.Object, java.lang.Object, java.lang.Object, java.lang.Object, java.lang.Object)'> (0x000000068b06cba8) 
thrown [s\src\hotspot\share\interpreter\linkResolver.cpp, line 771]
Event: 6.450 Thread 0x000001a7b1274870 Implicit null exception at 0x000001a7bcc9ffd9 to 0x000001a7bcca07a8
Event: 10.235 Thread 0x000001a7b1274870 Implicit null exception at 0x000001a7bc99858f to 0x000001a7bc998808
Event: 10.477 Thread 0x000001a7b1274870 Implicit null exception at 0x000001a7bcdcb757 to 0x000001a7bcdcbaac
Event: 10.477 Thread 0x000001a7b1274870 Implicit null exception at 0x000001a7bcb4e558 to 0x000001a7bcb4e870
Event: 10.632 Thread 0x000001a7b1274870 Implicit null exception at 0x000001a7bcf4edb3 to 0x000001a7bcf4ef24
Event: 10.675 Thread 0x000001a7b1274870 Exception <a 'java/lang/NoSuchMethodError'{0x000000068bdd33c0}: 'java.lang.Object java.lang.invoke.DirectMethodHandle$Holder.invokeStaticInit(java.lang.Object, java.lang.Object, java.lang.Object, java.lang.Object)'> (0x000000068bdd33c0) 
thrown [s\src\hotspot\share\interpreter\linkResolver.cpp, line 771]
Event: 10.781 Thread 0x000001a7b1274870 Implicit null exception at 0x000001a7bc931e13 to 0x000001a7bc931f6c
Event: 10.846 Thread 0x000001a7b1274870 Exception <a 'java/lang/NoSuchMethodError'{0x000000068aded470}: 'java.lang.Object java.lang.invoke.DirectMethodHandle$Holder.newInvokeSpecial(java.lang.Object, java.lang.Object, java.lang.Object, int, int)'> (0x000000068aded470) 
thrown [s\src\hotspot\share\interpreter\linkResolver.cpp, line 771]
Event: 10.847 Thread 0x000001a7b1274870 Exception <a 'java/lang/NoSuchMethodError'{0x000000068adf12b0}: 'java.lang.Object java.lang.invoke.DirectMethodHandle$Holder.invokeSpecial(java.lang.Object, java.lang.Object, java.lang.Object, java.lang.Object, int, int)'> (0x000000068adf12b0) 
thrown [s\src\hotspot\share\interpreter\linkResolver.cpp, line 771]
Event: 11.198 Thread 0x000001a7b1274870 Exception <a 'java/lang/NoSuchMethodError'{0x000000068fb66340}: 'java.lang.Object java.lang.invoke.DirectMethodHandle$Holder.invokeSpecial(java.lang.Object, java.lang.Object, int, int, java.lang.Object, java.lang.Object, java.lang.Object, java.lang.Object, java.lang.Object)'> (0x000000068fb66340) 
thrown [s\src\hotspot\share\interpreter\linkResolver.cpp, line 771]
Event: 11.211 Thread 0x000001a7b1274870 Exception <a 'java/lang/NoSuchMethodError'{0x000000068fb9fef0}: 'java.lang.Object java.lang.invoke.DirectMethodHandle$Holder.invokeStatic(java.lang.Object, int, java.lang.Object)'> (0x000000068fb9fef0) 
thrown [s\src\hotspot\share\interpreter\linkResolver.cpp, line 771]
Event: 11.217 Thread 0x000001a7b1274870 Exception <a 'java/lang/NoSuchMethodError'{0x000000068fbc5140}: 'java.lang.Object java.lang.invoke.DirectMethodHandle$Holder.newInvokeSpecial(java.lang.Object, int, java.lang.Object, java.lang.Object)'> (0x000000068fbc5140) 
thrown [s\src\hotspot\share\interpreter\linkResolver.cpp, line 771]
Event: 11.492 Thread 0x000001a7b1274870 Exception <a 'java/lang/NoSuchMethodError'{0x000000068f2ccf48}: 'java.lang.Object java.lang.invoke.DirectMethodHandle$Holder.newInvokeSpecial(java.lang.Object, java.lang.Object, int, int, java.lang.Object, java.lang.Object, java.lang.Object)'> (0x000000068f2ccf48) 
thrown [s\src\hotspot\share\interpreter\linkResolver.cpp, line 771]
Event: 11.493 Thread 0x000001a7b1274870 Exception <a 'java/lang/NoSuchMethodError'{0x000000068f2d15e0}: 'java.lang.Object java.lang.invoke.DirectMethodHandle$Holder.invokeSpecial(java.lang.Object, java.lang.Object, java.lang.Object, int, int, java.lang.Object, java.lang.Object, java.lang.Object)'> (0x000000068f2d15e0) 
thrown [s\src\hotspot\share\interpreter\linkResolver.cpp, line 771]
Event: 13.723 Thread 0x000001a7b1274870 Implicit null exception at 0x000001a7bd133f08 to 0x000001a7bd13579c

VM Operations (20 events):
Event: 15.924 Executing VM operation: HandshakeAllThreads done
Event: 15.954 Executing VM operation: HandshakeAllThreads
Event: 15.954 Executing VM operation: HandshakeAllThreads done
Event: 15.960 Executing VM operation: HandshakeAllThreads
Event: 15.960 Executing VM operation: HandshakeAllThreads done
Event: 15.998 Executing VM operation: HandshakeAllThreads
Event: 15.998 Executing VM operation: HandshakeAllThreads done
Event: 16.063 Executing VM operation: ICBufferFull
Event: 16.063 Executing VM operation: ICBufferFull done
Event: 16.183 Executing VM operation: ICBufferFull
Event: 16.184 Executing VM operation: ICBufferFull done
Event: 16.388 Executing VM operation: ICBufferFull
Event: 16.388 Executing VM operation: ICBufferFull done
Event: 16.528 Executing VM operation: ICBufferFull
Event: 16.528 Executing VM operation: ICBufferFull done
Event: 16.558 Executing VM operation: HandshakeAllThreads
Event: 16.558 Executing VM operation: HandshakeAllThreads done
Event: 16.682 Executing VM operation: HandshakeAllThreads
Event: 16.682 Executing VM operation: HandshakeAllThreads done
Event: 16.706 Executing VM operation: G1CollectForAllocation

Events (20 events):
Event: 15.410 Thread 0x000001a7d90b2eb0 flushing nmethod 0x000001a7b76ec510
Event: 15.410 Thread 0x000001a7d90b2eb0 flushing nmethod 0x000001a7b76f3890
Event: 15.410 Thread 0x000001a7d90b2eb0 flushing nmethod 0x000001a7b7702990
Event: 15.410 Thread 0x000001a7d90b2eb0 flushing nmethod 0x000001a7b770ec10
Event: 15.410 Thread 0x000001a7d90b2eb0 flushing nmethod 0x000001a7b7734390
Event: 15.410 Thread 0x000001a7d90b2eb0 flushing nmethod 0x000001a7b77b7a10
Event: 15.410 Thread 0x000001a7d90b2eb0 flushing nmethod 0x000001a7b77d3410
Event: 15.529 loading class java/util/Vector$Itr
Event: 15.529 loading class java/util/Vector$Itr done
Event: 16.562 Thread 0x000001a7d90b2eb0 flushing nmethod 0x000001a7bd04ef90
Event: 16.575 Thread 0x000001a7d90b2eb0 flushing nmethod 0x000001a7b5ddf890
Event: 16.576 Thread 0x000001a7d90b2eb0 flushing nmethod 0x000001a7b5e7ba90
Event: 16.583 Thread 0x000001a7d90b2eb0 flushing nmethod 0x000001a7b691a390
Event: 16.586 Thread 0x000001a7d90b2eb0 flushing nmethod 0x000001a7b6e70d90
Event: 16.591 Thread 0x000001a7d90b2eb0 flushing nmethod 0x000001a7b7677a90
Event: 16.591 Thread 0x000001a7d90b2eb0 flushing nmethod 0x000001a7b7682090
Event: 16.591 Thread 0x000001a7d90b2eb0 flushing nmethod 0x000001a7b768d490
Event: 16.591 Thread 0x000001a7d90b2eb0 flushing nmethod 0x000001a7b769be90
Event: 16.591 Thread 0x000001a7d90b2eb0 flushing nmethod 0x000001a7b76bea90
Event: 16.591 Thread 0x000001a7d90b2eb0 flushing nmethod 0x000001a7b76c0490


Dynamic libraries:
0x00007ff6ba230000 - 0x00007ff6ba23a000 	C:\Users\Admin\.jdks\jbr-17.0.9\bin\java.exe
0x00007ffdfc6f0000 - 0x00007ffdfc904000 	C:\Windows\SYSTEM32\ntdll.dll
0x00007ffdfb330000 - 0x00007ffdfb3f3000 	C:\Windows\System32\KERNEL32.DLL
0x00007ffdfa050000 - 0x00007ffdfa3ed000 	C:\Windows\System32\KERNELBASE.dll
0x00007ffdf9f30000 - 0x00007ffdfa041000 	C:\Windows\System32\ucrtbase.dll
0x00007ffdca4e0000 - 0x00007ffdca4fb000 	C:\Users\Admin\.jdks\jbr-17.0.9\bin\VCRUNTIME140.dll
0x00007ffdcd2f0000 - 0x00007ffdcd307000 	C:\Users\Admin\.jdks\jbr-17.0.9\bin\jli.dll
0x00007ffdfa920000 - 0x00007ffdfaacd000 	C:\Windows\System32\USER32.dll
0x00007ffde0bc0000 - 0x00007ffde0e4e000 	C:\Windows\WinSxS\amd64_microsoft.windows.common-controls_6595b64144ccf1df_6.0.22621.608_none_a9444ca7c10bb01d\COMCTL32.dll
0x00007ffdf9b10000 - 0x00007ffdf9b36000 	C:\Windows\System32\win32u.dll
0x00007ffdfb930000 - 0x00007ffdfb9d7000 	C:\Windows\System32\msvcrt.dll
0x00007ffdfc100000 - 0x00007ffdfc129000 	C:\Windows\System32\GDI32.dll
0x00007ffdf9c00000 - 0x00007ffdf9d12000 	C:\Windows\System32\gdi32full.dll
0x00007ffdf9e90000 - 0x00007ffdf9f2a000 	C:\Windows\System32\msvcp_win.dll
0x00007ffdfb830000 - 0x00007ffdfb862000 	C:\Windows\System32\IMM32.DLL
0x00007ffdd87b0000 - 0x00007ffdd87bc000 	C:\Users\Admin\.jdks\jbr-17.0.9\bin\vcruntime140_1.dll
0x00007ffda49d0000 - 0x00007ffda4a5d000 	C:\Users\Admin\.jdks\jbr-17.0.9\bin\msvcp140.dll
0x00007ffd53af0000 - 0x00007ffd54773000 	C:\Users\Admin\.jdks\jbr-17.0.9\bin\server\jvm.dll
0x00007ffdfa620000 - 0x00007ffdfa6ce000 	C:\Windows\System32\ADVAPI32.dll
0x00007ffdfa800000 - 0x00007ffdfa8a4000 	C:\Windows\System32\sechost.dll
0x00007ffdfbfe0000 - 0x00007ffdfc0f5000 	C:\Windows\System32\RPCRT4.dll
0x00007ffdd9630000 - 0x00007ffdd9639000 	C:\Windows\SYSTEM32\WSOCK32.dll
0x00007ffdfbae0000 - 0x00007ffdfbb51000 	C:\Windows\System32\WS2_32.dll
0x00007ffdf8a30000 - 0x00007ffdf8a7d000 	C:\Windows\SYSTEM32\POWRPROF.dll
0x00007ffdf4050000 - 0x00007ffdf4084000 	C:\Windows\SYSTEM32\WINMM.dll
0x00007ffdf5500000 - 0x00007ffdf550a000 	C:\Windows\SYSTEM32\VERSION.dll
0x00007ffdf8a10000 - 0x00007ffdf8a23000 	C:\Windows\SYSTEM32\UMPDC.dll
0x00007ffdf8c60000 - 0x00007ffdf8c78000 	C:\Windows\SYSTEM32\kernel.appcore.dll
0x00007ffdd7d30000 - 0x00007ffdd7d3a000 	C:\Users\Admin\.jdks\jbr-17.0.9\bin\jimage.dll
0x00007ffdf7400000 - 0x00007ffdf762e000 	C:\Windows\SYSTEM32\DBGHELP.DLL
0x00007ffdfb4a0000 - 0x00007ffdfb82a000 	C:\Windows\System32\combase.dll
0x00007ffdfb9e0000 - 0x00007ffdfbab7000 	C:\Windows\System32\OLEAUT32.dll
0x00007ffdd20e0000 - 0x00007ffdd2112000 	C:\Windows\SYSTEM32\dbgcore.DLL
0x00007ffdfa460000 - 0x00007ffdfa4db000 	C:\Windows\System32\bcryptPrimitives.dll
0x00007ffdb8a60000 - 0x00007ffdb8a85000 	C:\Users\Admin\.jdks\jbr-17.0.9\bin\java.dll
0x00007ffdc95a0000 - 0x00007ffdc95b8000 	C:\Users\Admin\.jdks\jbr-17.0.9\bin\zip.dll
0x00007ffd67f30000 - 0x00007ffd68007000 	C:\Users\Admin\.jdks\jbr-17.0.9\bin\jsvml.dll
0x00007ffdfaad0000 - 0x00007ffdfb2bf000 	C:\Windows\System32\SHELL32.dll
0x00007ffdf7b40000 - 0x00007ffdf8408000 	C:\Windows\SYSTEM32\windows.storage.dll
0x00007ffdf7a00000 - 0x00007ffdf7b3e000 	C:\Windows\SYSTEM32\wintypes.dll
0x00007ffdfc5b0000 - 0x00007ffdfc6a1000 	C:\Windows\System32\SHCORE.dll
0x00007ffdfa5c0000 - 0x00007ffdfa61e000 	C:\Windows\System32\shlwapi.dll
0x00007ffdf9a40000 - 0x00007ffdf9a61000 	C:\Windows\SYSTEM32\profapi.dll
0x00007ffdc6f80000 - 0x00007ffdc6f99000 	C:\Users\Admin\.jdks\jbr-17.0.9\bin\net.dll
0x00007ffdf5910000 - 0x00007ffdf5a3f000 	C:\Windows\SYSTEM32\WINHTTP.dll
0x00007ffdf90c0000 - 0x00007ffdf9129000 	C:\Windows\system32\mswsock.dll
0x00007ffdc5ba0000 - 0x00007ffdc5bb6000 	C:\Users\Admin\.jdks\jbr-17.0.9\bin\nio.dll
0x00007ffdd6920000 - 0x00007ffdd6930000 	C:\Users\Admin\.jdks\jbr-17.0.9\bin\verify.dll

dbghelp: loaded successfully - version: 4.0.5 - missing functions: none
symbol engine: initialized successfully - sym options: 0x614 - pdb path: .;C:\Users\Admin\.jdks\jbr-17.0.9\bin;C:\Windows\SYSTEM32;C:\Windows\WinSxS\amd64_microsoft.windows.common-controls_6595b64144ccf1df_6.0.22621.608_none_a9444ca7c10bb01d;C:\Users\Admin\.jdks\jbr-17.0.9\bin\server

VM Arguments:
java_command: org.jetbrains.kotlin.cli.jvm.K2JVMCompiler @C:\Users\Admin\old\gostadz2\gostadz2\app\build\20231212_16960219516920384775.compiler.options
java_class_path (initial): C:\Users\Admin\.gradle\caches\modules-2\files-2.1\org.jetbrains.kotlin\kotlin-compiler-embeddable\1.8.10\b0757fd774344d54ce93f5ad6c30ba1c1731c8ff\kotlin-compiler-embeddable-1.8.10.jar;C:\Users\Admin\.gradle\caches\modules-2\files-2.1\org.jetbrains.kotlin\kotlin-stdlib\1.8.10\6d5560a229477df9406943d5feda5618e98eb64c\kotlin-stdlib-1.8.10.jar;C:\Users\Admin\.gradle\caches\modules-2\files-2.1\org.jetbrains.kotlin\kotlin-script-runtime\1.8.10\b13ea9c7e46d589139e56086a878763290e20bd5\kotlin-script-runtime-1.8.10.jar;C:\Users\Admin\.gradle\caches\modules-2\files-2.1\org.jetbrains.kotlin\kotlin-reflect\1.6.10\1cbe9c92c12a94eea200d23c2bbaedaf3daf5132\kotlin-reflect-1.6.10.jar;C:\Users\Admin\.gradle\caches\modules-2\files-2.1\org.jetbrains.kotlin\kotlin-daemon-embeddable\1.8.10\ad8541d9bc1cf9e52c3204161247910c2cf601d4\kotlin-daemon-embeddable-1.8.10.jar;C:\Users\Admin\.gradle\caches\modules-2\files-2.1\org.jetbrains.intellij.deps\trove4j\1.0.20200330\3afb14d5f9ceb459d724e907a21145e8ff394f02\trove4j-1.0.20200330.jar;C:\Users\Admin\.gradle\caches\modules-2\files-2.1\net.java.dev.jna\jna\5.6.0\330f2244e9030119ab3030fc3fededc86713d9cc\jna-5.6.0.jar;C:\Users\Admin\.gradle\caches\modules-2\files-2.1\org.jetbrains.kotlin\kotlin-stdlib-common\1.8.10\a61b182458550492c12aee66157d7b524a63a5ec\kotlin-stdlib-common-1.8.10.jar;C:\Users\Admin\.gradle\caches\modules-2\files-2.1\org.jetbrains\annotations\13.0\919f0dfe192fb4e063e7dacadee7f8bb9a2672a9\annotations-13.0.jar
Launcher Type: SUN_STANDARD

[Global flags]
     intx CICompilerCount                          = 4                                         {product} {ergonomic}
     uint ConcGCThreads                            = 2                                         {product} {ergonomic}
     uint G1ConcRefinementThreads                  = 8                                         {product} {ergonomic}
   size_t G1HeapRegionSize                         = 4194304                                   {product} {ergonomic}
    uintx GCDrainStackTargetSize                   = 64                                        {product} {ergonomic}
   size_t InitialHeapSize                          = 402653184                                 {product} {ergonomic}
   size_t MarkStackSize                            = 4194304                                   {product} {ergonomic}
   size_t MaxHeapSize                              = 6387924992                                {product} {ergonomic}
   size_t MaxNewSize                               = 3829399552                                {product} {ergonomic}
   size_t MinHeapDeltaBytes                        = 4194304                                   {product} {ergonomic}
   size_t MinHeapSize                              = 8388608                                   {product} {ergonomic}
    uintx NonNMethodCodeHeapSize                   = 5839372                                {pd product} {ergonomic}
    uintx NonProfiledCodeHeapSize                  = 122909434                              {pd product} {ergonomic}
    uintx ProfiledCodeHeapSize                     = 122909434                              {pd product} {ergonomic}
    uintx ReservedCodeCacheSize                    = 251658240                              {pd product} {ergonomic}
     bool SegmentedCodeCache                       = true                                      {product} {ergonomic}
   size_t SoftMaxHeapSize                          = 6387924992                             {manageable} {ergonomic}
     bool UseCompressedClassPointers               = true                           {product lp64_product} {ergonomic}
     bool UseCompressedOops                        = true                           {product lp64_product} {ergonomic}
     bool UseG1GC                                  = true                                      {product} {ergonomic}
     bool UseLargePagesIndividualAllocation        = false                                  {pd product} {ergonomic}

Logging:
Log output configuration:
 #0: stdout all=warning uptime,level,tags
 #1: stderr all=off uptime,level,tags

Environment Variables:
PATH=C:\Windows\system32;C:\Windows;C:\Windows\System32\Wbem;C:\Windows\System32\WindowsPowerShell\v1.0\;C:\Windows\System32\OpenSSH\;C:\Program Files (x86)\NVIDIA Corporation\PhysX\Common;C:\Program Files\NVIDIA Corporation\NVIDIA NvDLISR;D:\Code\xampp\php;C:\ProgramData\ComposerSetup\bin;C:\Program Files\Git\cmd;C:\Program Files\nodejs\;C:\Program Files\dotnet\;C:\Users\Admin\AppData\Local\Microsoft\WindowsApps;C:\Users\Admin\AppData\Roaming\Composer\vendor\bin;C:\Users\Admin\AppData\Local\GitHubDesktop\bin;C:\Users\Admin\AppData\Local\Programs\Microsoft VS Code\bin;C:\Users\Admin\AppData\Roaming\npm;C:\xampp\php;
USERNAME=Admin
OS=Windows_NT
PROCESSOR_IDENTIFIER=Intel64 Family 6 Model 140 Stepping 1, GenuineIntel
TMP=C:\Users\Admin\AppData\Local\Temp
TEMP=C:\Users\Admin\AppData\Local\Temp



Periodic native trim disabled

JNI global refs:
JNI global refs: 13, weak refs: 14

JNI global refs memory usage: 843, weak refs: 841

OOME stack traces (most recent first):
Classloader memory used:
Loader jdk.internal.loader.ClassLoaders$AppClassLoader                                 : 9245K
Loader bootstrap                                                                       : 1751K
Loader java.net.URLClassLoader                                                         : 303K
Loader jdk.internal.loader.ClassLoaders$PlatformClassLoader                            : 34451B
Loader jdk.internal.reflect.DelegatingClassLoader                                      : 21586B


---------------  S Y S T E M  ---------------

OS:
 Windows 11 , 64 bit Build 22621 (10.0.22621.963)
OS uptime: 0 days 2:36 hours

CPU: total 8 (initial active 8) (4 cores per cpu, 2 threads per core) family 6 model 140 stepping 1 microcode 0xaa, cx8, cmov, fxsr, ht, mmx, 3dnowpref, sse, sse2, sse3, ssse3, sse4.1, sse4.2, popcnt, lzcnt, tsc, tscinvbit, avx, avx2, aes, erms, clmul, bmi1, bmi2, adx, avx512f, avx512dq, avx512cd, avx512bw, avx512vl, sha, fma, vzeroupper, avx512_vpopcntdq, avx512_vpclmulqdq, avx512_vaes, avx512_vnni, clflush, clflushopt, clwb, avx512_vbmi2, avx512_vbmi
Processor Information for all 8 processors :
  Max Mhz: 3110, Current Mhz: 3110, Mhz Limit: 3110

Memory: 4k page, system-wide physical 24359M (2062M free)
TotalPageFile size 24359M (AvailPageFile size 32M)
current process WorkingSet (physical memory assigned to process): 527M, peak: 530M
current process commit charge ("private bytes"): 563M, peak: 703M

vm_info: OpenJDK 64-Bit Server VM (17.0.9+7-b1087.7) for windows-amd64 JRE (17.0.9+7-b1087.7), built on 2023-11-17 by "builduser" with MS VC++ 16.10 / 16.11 (VS2019)

END.
