#
# There is insufficient memory for the Java Runtime Environment to continue.
# Native memory allocation (mmap) failed to map 65536 bytes for Failed to commit metaspace.
# Possible reasons:
#   The system is out of physical RAM or swap space
#   The process is running with CompressedOops enabled, and the Java Heap may be blocking the growth of the native heap
# Possible solutions:
#   Reduce memory load on the system
#   Increase physical memory or swap space
#   Check if swap backing store is full
#   Decrease Java heap size (-Xmx/-Xms)
#   Decrease number of Java threads
#   Decrease Java thread stack sizes (-Xss)
#   Set larger code cache with -XX:ReservedCodeCacheSize=
#   JVM is running with Zero Based Compressed Oops mode in which the Java heap is
#     placed in the first 32GB address space. The Java Heap base address is the
#     maximum limit for the native heap growth. Please use -XX:HeapBaseMinAddress
#     to set the Java Heap base and to place the Java Heap above 32GB virtual address.
# This output file may be truncated or incomplete.
#
#  Out of Memory Error (virtualSpaceNode.cpp:110), pid=4968, tid=12356
#
# JRE version: OpenJDK Runtime Environment JBR-17.0.9+7-1087.7-jcef (17.0.9+7) (build 17.0.9+7-b1087.7)
# Java VM: OpenJDK 64-Bit Server VM JBR-17.0.9+7-1087.7-jcef (17.0.9+7-b1087.7, mixed mode, tiered, compressed oops, compressed class ptrs, g1 gc, windows-amd64)
# No core dump will be written. Minidumps are not enabled by default on client versions of Windows
#

---------------  S U M M A R Y ------------

Command Line: org.jetbrains.kotlin.cli.jvm.K2JVMCompiler @C:\Users\Admin\old\gostadz2\gostadz2\app\build\20231214_5207622824963008661.compiler.options

Host: 11th Gen Intel(R) Core(TM) i5-11300H @ 3.10GHz, 8 cores, 23G,  Windows 11 , 64 bit Build 22621 (10.0.22621.963)
Time: Thu Dec 14 11:30:49 2023 SE Asia Standard Time elapsed time: 1.076161 seconds (0d 0h 0m 1s)

---------------  T H R E A D  ---------------

Current thread (0x000001cf67ea2f80):  JavaThread "main" [_thread_in_vm, id=12356, stack(0x0000007713a00000,0x0000007713b00000)]

Stack: [0x0000007713a00000,0x0000007713b00000]
Native frames: (J=compiled Java code, j=interpreted, Vv=VM code, C=native code)
V  [jvm.dll+0x6886e9]
V  [jvm.dll+0x841e4a]
V  [jvm.dll+0x843a8e]
V  [jvm.dll+0x8440f3]
V  [jvm.dll+0x24c14f]
V  [jvm.dll+0x83ce2b]
V  [jvm.dll+0x62cae6]
V  [jvm.dll+0x1c2f6e]
V  [jvm.dll+0x62f441]
V  [jvm.dll+0x62d486]
V  [jvm.dll+0x1e8ecc]
V  [jvm.dll+0x1f0094]
V  [jvm.dll+0x1e54cc]
V  [jvm.dll+0x54e1bc]
V  [jvm.dll+0x7bb175]
V  [jvm.dll+0x7bb28e]
V  [jvm.dll+0x4166fa]
V  [jvm.dll+0x41c899]
C  [java.dll+0x17ec]

Java frames: (J=compiled Java code, j=interpreted, Vv=VM code)
J 528  java.lang.ClassLoader.defineClass1(Ljava/lang/ClassLoader;Ljava/lang/String;[BIILjava/security/ProtectionDomain;Ljava/lang/String;)Ljava/lang/Class; java.base@17.0.9 (0 bytes) @ 0x000001cf74d524e3 [0x000001cf74d52420+0x00000000000000c3]
J 542 c1 java.lang.ClassLoader.defineClass(Ljava/lang/String;[BIILjava/security/ProtectionDomain;)Ljava/lang/Class; java.base@17.0.9 (43 bytes) @ 0x000001cf6d359a5c [0x000001cf6d359700+0x000000000000035c]
J 518 c1 java.security.SecureClassLoader.defineClass(Ljava/lang/String;[BIILjava/security/CodeSource;)Ljava/lang/Class; java.base@17.0.9 (16 bytes) @ 0x000001cf6d34e38c [0x000001cf6d34e2c0+0x00000000000000cc]
J 476 c1 jdk.internal.loader.BuiltinClassLoader.defineClass(Ljava/lang/String;Ljdk/internal/loader/Resource;)Ljava/lang/Class; java.base@17.0.9 (121 bytes) @ 0x000001cf6d330a84 [0x000001cf6d32f720+0x0000000000001364]
J 365 c1 jdk.internal.loader.BuiltinClassLoader.findClassOnClassPathOrNull(Ljava/lang/String;)Ljava/lang/Class; java.base@17.0.9 (64 bytes) @ 0x000001cf6d2e6d3c [0x000001cf6d2e5c80+0x00000000000010bc]
J 227 c1 jdk.internal.loader.BuiltinClassLoader.loadClassOrNull(Ljava/lang/String;Z)Ljava/lang/Class; java.base@17.0.9 (143 bytes) @ 0x000001cf6d2abad4 [0x000001cf6d2aabc0+0x0000000000000f14]
J 321 c1 jdk.internal.loader.ClassLoaders$AppClassLoader.loadClass(Ljava/lang/String;Z)Ljava/lang/Class; java.base@17.0.9 (40 bytes) @ 0x000001cf6d2cd98c [0x000001cf6d2cd360+0x000000000000062c]
J 320 c1 java.lang.ClassLoader.loadClass(Ljava/lang/String;)Ljava/lang/Class; java.base@17.0.9 (7 bytes) @ 0x000001cf6d2ccfcc [0x000001cf6d2ccec0+0x000000000000010c]
v  ~StubRoutines::call_stub
j  kotlin.collections.CollectionsKt__CollectionsKt.asCollection([Ljava/lang/Object;)Ljava/util/Collection;+6
j  kotlin.collections.ArraysKt___ArraysKt.toMutableList([Ljava/lang/Object;)Ljava/util/List;+11
j  org.jetbrains.kotlin.cli.common.CLICompiler.loadPlugins(Lorg/jetbrains/kotlin/utils/KotlinPaths;Lorg/jetbrains/kotlin/cli/common/arguments/CommonCompilerArguments;Lorg/jetbrains/kotlin/config/CompilerConfiguration;)Lorg/jetbrains/kotlin/cli/common/ExitCode;+37
j  org.jetbrains.kotlin.cli.jvm.K2JVMCompiler.doExecute(Lorg/jetbrains/kotlin/cli/common/arguments/K2JVMCompilerArguments;Lorg/jetbrains/kotlin/config/CompilerConfiguration;Lorg/jetbrains/kotlin/com/intellij/openapi/Disposable;Lorg/jetbrains/kotlin/utils/KotlinPaths;)Lorg/jetbrains/kotlin/cli/common/ExitCode;+115
j  org.jetbrains.kotlin.cli.jvm.K2JVMCompiler.doExecute(Lorg/jetbrains/kotlin/cli/common/arguments/CommonCompilerArguments;Lorg/jetbrains/kotlin/config/CompilerConfiguration;Lorg/jetbrains/kotlin/com/intellij/openapi/Disposable;Lorg/jetbrains/kotlin/utils/KotlinPaths;)Lorg/jetbrains/kotlin/cli/common/ExitCode;+9
j  org.jetbrains.kotlin.cli.common.CLICompiler.execImpl(Lorg/jetbrains/kotlin/cli/common/messages/MessageCollector;Lorg/jetbrains/kotlin/config/Services;Lorg/jetbrains/kotlin/cli/common/arguments/CommonCompilerArguments;)Lorg/jetbrains/kotlin/cli/common/ExitCode;+219
j  org.jetbrains.kotlin.cli.common.CLICompiler.execImpl(Lorg/jetbrains/kotlin/cli/common/messages/MessageCollector;Lorg/jetbrains/kotlin/config/Services;Lorg/jetbrains/kotlin/cli/common/arguments/CommonToolArguments;)Lorg/jetbrains/kotlin/cli/common/ExitCode;+7
j  org.jetbrains.kotlin.cli.common.CLITool.exec(Lorg/jetbrains/kotlin/cli/common/messages/MessageCollector;Lorg/jetbrains/kotlin/config/Services;Lorg/jetbrains/kotlin/cli/common/arguments/CommonToolArguments;)Lorg/jetbrains/kotlin/cli/common/ExitCode;+76
j  org.jetbrains.kotlin.cli.common.CLITool.exec(Ljava/io/PrintStream;Lorg/jetbrains/kotlin/config/Services;Lorg/jetbrains/kotlin/cli/common/messages/MessageRenderer;[Ljava/lang/String;)Lorg/jetbrains/kotlin/cli/common/ExitCode;+224
j  org.jetbrains.kotlin.cli.common.CLITool.exec(Ljava/io/PrintStream;Lorg/jetbrains/kotlin/cli/common/messages/MessageRenderer;[Ljava/lang/String;)Lorg/jetbrains/kotlin/cli/common/ExitCode;+25
j  org.jetbrains.kotlin.cli.common.CLITool$Companion.doMainNoExit(Lorg/jetbrains/kotlin/cli/common/CLITool;[Ljava/lang/String;Lorg/jetbrains/kotlin/cli/common/messages/MessageRenderer;)Lorg/jetbrains/kotlin/cli/common/ExitCode;+39
j  org.jetbrains.kotlin.cli.common.CLITool$Companion.doMainNoExit$default(Lorg/jetbrains/kotlin/cli/common/CLITool$Companion;Lorg/jetbrains/kotlin/cli/common/CLITool;[Ljava/lang/String;Lorg/jetbrains/kotlin/cli/common/messages/MessageRenderer;ILjava/lang/Object;)Lorg/jetbrains/kotlin/cli/common/ExitCode;+16
j  org.jetbrains.kotlin.cli.common.CLITool$Companion.doMain(Lorg/jetbrains/kotlin/cli/common/CLITool;[Ljava/lang/String;)V+57
j  org.jetbrains.kotlin.cli.jvm.K2JVMCompiler$Companion.main([Ljava/lang/String;)V+20
j  org.jetbrains.kotlin.cli.jvm.K2JVMCompiler.main([Ljava/lang/String;)V+4
v  ~StubRoutines::call_stub

Compiled method (n/a)    1084  528     n 0       java.lang.ClassLoader::defineClass1 (native)
 total in heap  [0x000001cf74d52290,0x000001cf74d52770] = 1248
 relocation     [0x000001cf74d523e8,0x000001cf74d52420] = 56
 main code      [0x000001cf74d52420,0x000001cf74d52770] = 848

[Constant Pool (empty)]

[MachCode]
[Entry Point]
  # {method} {0x000001cf0e024f38} 'defineClass1' '(Ljava/lang/ClassLoader;Ljava/lang/String;[BIILjava/security/ProtectionDomain;Ljava/lang/String;)Ljava/lang/Class;' in 'java/lang/ClassLoader'
  # parm0:    rdx:rdx   = 'java/lang/ClassLoader'
  # parm1:    r8:r8     = 'java/lang/String'
  # parm2:    r9:r9     = '[B'
  # parm3:    rdi       = int
  # parm4:    rsi       = int
  # parm5:    rcx:rcx   = 'java/security/ProtectionDomain'
  # parm6:    [sp+0xa0]   = 'java/lang/String'  (sp of caller)
  0x000001cf74d52420: 448b 5208 | 49bb 0000 | 0000 0800 | 0000 4d03 | d349 3bc2 | 0f84 0600 

  0x000001cf74d52438: ;   {runtime_call ic_miss_stub}
  0x000001cf74d52438: 0000 e941 | f1a8 ff90 
[Verified Entry Point]
  0x000001cf74d52440: 8984 2400 | 90ff ff55 | 488b ec48 | 81ec 9000 | 0000 4881 | 7d10 0000 | 0000 488d | 4510 480f 
  0x000001cf74d52460: 4445 1048 | 8944 2440 | 4889 4c24 | 7048 83f9 | 0048 8d44 | 2470 480f | 4444 2470 | 4889 4424 
  0x000001cf74d52480: 3848 8974 | 2430 4889 | 7c24 284c | 894c 2458 | 4983 f900 | 488d 4424 | 5848 0f44 | 4424 5848 
  0x000001cf74d524a0: 8944 2420 | 4c89 4424 | 5049 83f8 | 004c 8d4c | 2450 4c0f | 444c 2450 | 4889 5424 | 4848 83fa 
  0x000001cf74d524c0: 004c 8d44 | 2448 4c0f | 4444 2448 

  0x000001cf74d524cc: ;   {oop(a 'java/lang/Class'{0x0000000683863e78} = 'java/lang/ClassLoader')}
  0x000001cf74d524cc: 49be 783e | 8683 0600 | 0000 4c89 | 7424 784c | 8d74 2478 | 498b d6c5 

  0x000001cf74d524e4: ;   {internal_word}
  0x000001cf74d524e4: f877 49ba | e324 d574 | cf01 0000 | 4d89 97a0 | 0200 0049 | 89a7 9802 

  0x000001cf74d524fc: ;   {external_word}
  0x000001cf74d524fc: 0000 49ba | 3d39 19f2 | fd7f 0000 | 4180 3a00 | 0f84 5200 | 0000 5241 

  0x000001cf74d52514: ;   {metadata({method} {0x000001cf0e024f38} 'defineClass1' '(Ljava/lang/ClassLoader;Ljava/lang/String;[BIILjava/security/ProtectionDomain;Ljava/lang/String;)Ljava/lang/Class;' in 'java/lang/ClassLoader')}
  0x000001cf74d52514: 5041 5148 | ba30 4f02 | 0ecf 0100 | 0049 8bcf | 4883 ec20 | f7c4 0f00 | 0000 0f84 | 1a00 0000 
  0x000001cf74d52534: 4883 ec08 

  0x000001cf74d52538: ;   {runtime_call}
  0x000001cf74d52538: 49ba d0ec | cef1 fd7f | 0000 41ff | d248 83c4 | 08e9 0d00 

  0x000001cf74d5254c: ;   {runtime_call}
  0x000001cf74d5254c: 0000 49ba | d0ec cef1 | fd7f 0000 | 41ff d248 | 83c4 2041 | 5941 585a | 498d 8fb8 | 0200 0041 
  0x000001cf74d5256c: c787 4803 | 0000 0400 

  0x000001cf74d52574: ;   {runtime_call}
  0x000001cf74d52574: 0000 49ba | ac16 e347 | fe7f 0000 | 41ff d2c5 | f877 41c7 | 8748 0300 | 0005 0000 | 00f0 8344 
  0x000001cf74d52594: 24c0 0049 | 3baf 5003 | 0000 0f87 | 1100 0000 | 4181 bf38 | 0300 0000 | 0000 000f | 842c 0000 
  0x000001cf74d525b4: 00c5 f877 | 4889 45f8 | 498b cf4c | 8be4 4883 | ec20 4883 

  0x000001cf74d525c8: ;   {runtime_call}
  0x000001cf74d525c8: e4f0 49ba | 600b dff1 | fd7f 0000 | 41ff d249 | 8be4 4d33 | e448 8b45 | f841 c787 | 4803 0000 
  0x000001cf74d525e8: 0800 0000 | 4181 bfb8 | 0300 0002 | 0000 000f | 843f 0100 

  0x000001cf74d525fc: ;   {external_word}
  0x000001cf74d525fc: 0049 ba3d | 3919 f2fd | 7f00 0041 | 803a 000f | 8450 0000 | 0048 8945 

  0x000001cf74d52614: ;   {metadata({method} {0x000001cf0e024f38} 'defineClass1' '(Ljava/lang/ClassLoader;Ljava/lang/String;[BIILjava/security/ProtectionDomain;Ljava/lang/String;)Ljava/lang/Class;' in 'java/lang/ClassLoader')}
  0x000001cf74d52614: f848 ba30 | 4f02 0ecf | 0100 0049 | 8bcf 4883 | ec20 f7c4 | 0f00 0000 | 0f84 1a00 | 0000 4883 
  0x000001cf74d52634: ;   {runtime_call}
  0x000001cf74d52634: ec08 49ba | d0ec cef1 | fd7f 0000 | 41ff d248 | 83c4 08e9 | 0d00 0000 

  0x000001cf74d5264c: ;   {runtime_call}
  0x000001cf74d5264c: 49ba d0ec | cef1 fd7f | 0000 41ff | d248 83c4 | 2048 8b45 | f849 c787 | 9802 0000 | 0000 0000 
  0x000001cf74d5266c: 49c7 87a0 | 0200 0000 | 0000 00c5 | f877 4885 | c00f 8493 | 0000 0048 | f7c0 0100 | 0000 0f84 
  0x000001cf74d5268c: 8300 0000 | 488b 40ff | 4180 7f38 | 000f 846f | 0000 0048 | 83f8 000f | 8465 0000 | 0049 8b4f 
  0x000001cf74d526ac: 2048 83f9 | 000f 8414 | 0000 0048 | 83e9 0849 | 894f 2049 | 034f 3048 | 8901 e943 | 0000 0050 
  0x000001cf74d526cc: 498b d748 | 8bc8 4883 | ec20 f7c4 | 0f00 0000 | 0f84 1a00 | 0000 4883 

  0x000001cf74d526e4: ;   {runtime_call}
  0x000001cf74d526e4: ec08 49ba | 7093 8df1 | fd7f 0000 | 41ff d248 | 83c4 08e9 | 0d00 0000 

  0x000001cf74d526fc: ;   {runtime_call}
  0x000001cf74d526fc: 49ba 7093 | 8df1 fd7f | 0000 41ff | d248 83c4 | 2058 e903 | 0000 0048 | 8b00 498b | 8fd8 0000 
  0x000001cf74d5271c: 00c7 8100 | 0100 0000 | 0000 00c9 | 4981 7f08 | 0000 0000 | 0f85 0100 

  0x000001cf74d52734: ;   {runtime_call StubRoutines (1)}
  0x000001cf74d52734: 0000 c3e9 | c4e7 a3ff | c5f8 7748 | 8945 f84c | 8be4 4883 | ec20 4883 

  0x000001cf74d5274c: ;   {runtime_call}
  0x000001cf74d5274c: e4f0 49ba | 601d cff1 | fd7f 0000 | 41ff d249 | 8be4 4d33 | e448 8b45 | f8e9 93fe | ffff f4f4 
  0x000001cf74d5276c: f4f4 f4f4 
[/MachCode]


Compiled method (c1)    1088  542       3       java.lang.ClassLoader::defineClass (43 bytes)
 total in heap  [0x000001cf6d359510,0x000001cf6d359e48] = 2360
 relocation     [0x000001cf6d359668,0x000001cf6d3596f8] = 144
 main code      [0x000001cf6d359700,0x000001cf6d359ba0] = 1184
 stub code      [0x000001cf6d359ba0,0x000001cf6d359c18] = 120
 metadata       [0x000001cf6d359c18,0x000001cf6d359c48] = 48
 scopes data    [0x000001cf6d359c48,0x000001cf6d359d38] = 240
 scopes pcs     [0x000001cf6d359d38,0x000001cf6d359e18] = 224
 dependencies   [0x000001cf6d359e18,0x000001cf6d359e20] = 8
 nul chk table  [0x000001cf6d359e20,0x000001cf6d359e48] = 40

[Constant Pool (empty)]

[MachCode]
[Entry Point]
  # {method} {0x000001cf0e024d18} 'defineClass' '(Ljava/lang/String;[BIILjava/security/ProtectionDomain;)Ljava/lang/Class;' in 'java/lang/ClassLoader'
  # this:     rdx:rdx   = 'java/lang/ClassLoader'
  # parm0:    r8:r8     = 'java/lang/String'
  # parm1:    r9:r9     = '[B'
  # parm2:    rdi       = int
  # parm3:    rsi       = int
  # parm4:    rcx:rcx   = 'java/security/ProtectionDomain'
  #           [sp+0xc0]  (sp of caller)
  0x000001cf6d359700: 448b 5208 | 49bb 0000 | 0000 0800 | 0000 4d03 | d34c 3bd0 

  0x000001cf6d359714: ;   {runtime_call ic_miss_stub}
  0x000001cf6d359714: 0f85 667e | 4807 660f | 1f44 0000 
[Verified Entry Point]
  0x000001cf6d359720: 8984 2400 | 90ff ff55 | 4881 ecb0 | 0000 0048 | 8954 2478 

  0x000001cf6d359734: ;   {metadata(method data for {method} {0x000001cf0e024d18} 'defineClass' '(Ljava/lang/String;[BIILjava/security/ProtectionDomain;)Ljava/lang/Class;' in 'java/lang/ClassLoader')}
  0x000001cf6d359734: 48bb d8e9 | 7f0e cf01 | 0000 8b83 | cc00 0000 | 83c0 0289 | 83cc 0000 | 0081 e0fe | 0700 0083 
  0x000001cf6d359754: f800 0f84 | 5603 0000 | 89b4 2494 | 0000 0089 | bc24 9000 | 0000 4c89 | 8c24 8800 | 0000 488b 
  0x000001cf6d359774: ;   {metadata(method data for {method} {0x000001cf0e024d18} 'defineClass' '(Ljava/lang/String;[BIILjava/security/ProtectionDomain;)Ljava/lang/Class;' in 'java/lang/ClassLoader')}
  0x000001cf6d359774: da48 b8d8 | e97f 0ecf | 0100 0048 | 8380 1001 | 0000 0149 | 8bd8 4c8b | c34c 8bc9 | 488b ca48 
  0x000001cf6d359794: 8bd1 4889 | 9c24 8000 

  0x000001cf6d35979c: ;   {optimized virtual_call}
  0x000001cf6d35979c: 0000 90e8 

  0x000001cf6d3597a0: ; ImmutableOopMap {[120]=Oop [136]=Oop [128]=Oop }
                      ;*invokevirtual preDefineClass {reexecute=0 rethrow=0 return_oop=0}
                      ; - java.lang.ClassLoader::defineClass@4 (line 1015)
  0x000001cf6d3597a0: 7c97 ffff | 4889 8424 | 9800 0000 | 488b 5424 

  0x000001cf6d3597b0: ;   {metadata(method data for {method} {0x000001cf0e024d18} 'defineClass' '(Ljava/lang/String;[BIILjava/security/ProtectionDomain;)Ljava/lang/Class;' in 'java/lang/ClassLoader')}
  0x000001cf6d3597b0: 7849 b8d8 | e97f 0ecf | 0100 0049 | 8380 4801 

  0x000001cf6d3597c0: ;   {metadata(method data for {method} {0x000001cf0e024ae0} 'defineClassSourceLocation' '(Ljava/security/ProtectionDomain;)Ljava/lang/String;' in 'java/lang/ClassLoader')}
  0x000001cf6d3597c0: 0000 0149 | b880 04b0 | 0ecf 0100 | 0041 8b90 | cc00 0000 | 83c2 0241 | 8990 cc00 | 0000 81e2 
  0x000001cf6d3597e0: feff 1f00 | 83fa 000f | 84e6 0200 | 0048 3b00 

  0x000001cf6d3597f0: ;   {metadata(method data for {method} {0x000001cf0e024ae0} 'defineClassSourceLocation' '(Ljava/security/ProtectionDomain;)Ljava/lang/String;' in 'java/lang/ClassLoader')}
  0x000001cf6d3597f0: 4c8b c048 | ba80 04b0 | 0ecf 0100 | 0048 8382 | 1001 0000 | 0144 8b40 | 1049 c1e0 | 0349 83f8 
  0x000001cf6d359810: ;   {metadata(method data for {method} {0x000001cf0e024ae0} 'defineClassSourceLocation' '(Ljava/security/ProtectionDomain;)Ljava/lang/String;' in 'java/lang/ClassLoader')}
  0x000001cf6d359810: 0048 ba80 | 04b0 0ecf | 0100 0048 | be58 0100 | 0000 0000 | 000f 850a | 0000 0048 | be48 0100 
  0x000001cf6d359830: 0000 0000 | 0048 8b3c | 3248 8d7f | 0148 893c | 320f 850f 

  0x000001cf6d359844: ;   {oop(NULL)}
  0x000001cf6d359844: 0000 0048 | bb00 0000 | 0000 0000 | 00e9 b101 | 0000 493b | 0049 8bd0 

  0x000001cf6d35985c: ;   {metadata(method data for {method} {0x000001cf0e024ae0} 'defineClassSourceLocation' '(Ljava/security/ProtectionDomain;)Ljava/lang/String;' in 'java/lang/ClassLoader')}
  0x000001cf6d35985c: 48be 8004 | b00e cf01 | 0000 4883 | 8668 0100 | 0001 418b | 500c 48c1 | e203 4883 

  0x000001cf6d359878: ;   {metadata(method data for {method} {0x000001cf0e024ae0} 'defineClassSourceLocation' '(Ljava/security/ProtectionDomain;)Ljava/lang/String;' in 'java/lang/ClassLoader')}
  0x000001cf6d359878: fa00 48be | 8004 b00e | cf01 0000 | 48bf b001 | 0000 0000 | 0000 0f85 | 0a00 0000 | 48bf a001 
  0x000001cf6d359898: 0000 0000 | 0000 488b | 1c3e 488d | 5b01 4889 | 1c3e 0f85 | 0f00 0000 

  0x000001cf6d3598b0: ;   {oop(NULL)}
  0x000001cf6d3598b0: 48bb 0000 | 0000 0000 | 0000 e948 

  0x000001cf6d3598bc: ;   {metadata(method data for {method} {0x000001cf0e024ae0} 'defineClassSourceLocation' '(Ljava/security/ProtectionDomain;)Ljava/lang/String;' in 'java/lang/ClassLoader')}
  0x000001cf6d3598bc: 0100 0048 | be80 04b0 | 0ecf 0100 | 0048 8386 | c001 0000 | 0148 3b02 

  0x000001cf6d3598d4: ;   {metadata(method data for {method} {0x000001cf0e024ae0} 'defineClassSourceLocation' '(Ljava/security/ProtectionDomain;)Ljava/lang/String;' in 'java/lang/ClassLoader')}
  0x000001cf6d3598d4: 4c8b c248 | be80 04b0 | 0ecf 0100 | 0048 8386 | f801 0000 

  0x000001cf6d3598e8: ;   {metadata(method data for {method} {0x000001cf0e0e87e8} 'toString' '()Ljava/lang/String;' in 'java/net/URL')}
  0x000001cf6d3598e8: 0149 b898 | 9d78 0ecf | 0100 0041 | 8bb0 cc00 | 0000 83c6 | 0241 89b0 | cc00 0000 | 81e6 feff 
  0x000001cf6d359908: 1f00 83fe | 000f 84f0 | 0100 004c 

  0x000001cf6d359914: ;   {metadata(method data for {method} {0x000001cf0e0e87e8} 'toString' '()Ljava/lang/String;' in 'java/net/URL')}
  0x000001cf6d359914: 8bc2 48be | 989d 780e | cf01 0000 | 4883 8610 | 0100 0001 

  0x000001cf6d359928: ;   {metadata(method data for {method} {0x000001cf0e0e88a0} 'toExternalForm' '()Ljava/lang/String;' in 'java/net/URL')}
  0x000001cf6d359928: 49b8 209f | 780e cf01 | 0000 418b | b0cc 0000 | 0083 c602 | 4189 b0cc | 0000 0081 | e6fe ff1f 
  0x000001cf6d359948: 0083 fe00 | 0f84 d201 | 0000 8b72 | 3848 c1e6 | 0348 3b06 

  0x000001cf6d35995c: ;   {metadata(method data for {method} {0x000001cf0e0e88a0} 'toExternalForm' '()Ljava/lang/String;' in 'java/net/URL')}
  0x000001cf6d35995c: 4c8b c648 | bf20 9f78 | 0ecf 0100 | 0045 8b40 | 0849 ba00 | 0000 0008 | 0000 004d | 03c2 4c3b 
  0x000001cf6d35997c: 8720 0100 | 0075 0d48 | 8387 2801 | 0000 01e9 | 6600 0000 | 4c3b 8730 | 0100 0075 | 0d48 8387 
  0x000001cf6d35999c: 3801 0000 | 01e9 5000 | 0000 4881 | bf20 0100 | 0000 0000 | 0075 174c | 8987 2001 | 0000 48c7 
  0x000001cf6d3599bc: 8728 0100 | 0001 0000 | 00e9 2c00 | 0000 4881 | bf30 0100 | 0000 0000 | 0075 174c | 8987 3001 
  0x000001cf6d3599dc: 0000 48c7 | 8738 0100 | 0001 0000 | 00e9 0800 | 0000 4883 | 8710 0100 | 0001 4c8b | c248 8bd6 
  0x000001cf6d3599fc: ;   {optimized virtual_call}
  0x000001cf6d3599fc: 6666 90e8 

  0x000001cf6d359a00: ; ImmutableOopMap {[120]=Oop [136]=Oop [128]=Oop [152]=Oop }
                      ;*invokevirtual toExternalForm {reexecute=0 rethrow=0 return_oop=0}
                      ; - java.net.URL::toExternalForm@5 (line 1039)
                      ; - java.net.URL::toString@1 (line 1025)
                      ; - java.lang.ClassLoader::defineClassSourceLocation@22 (line 917)
                      ; - java.lang.ClassLoader::defineClass@12 (line 1016)
  0x000001cf6d359a00: 3c65 ffff | 488b d848 | 8b84 2498 | 0000 008b | b424 9400 | 0000 8bbc | 2490 0000 | 004c 8b8c 
  0x000001cf6d359a20: 2488 0000 | 004c 8b84 | 2480 0000 | 0048 8b54 

  0x000001cf6d359a30: ;   {metadata(method data for {method} {0x000001cf0e024d18} 'defineClass' '(Ljava/lang/String;[BIILjava/security/ProtectionDomain;)Ljava/lang/Class;' in 'java/lang/ClassLoader')}
  0x000001cf6d359a30: 2478 48b9 | d8e9 7f0e | cf01 0000 | 4883 8180 | 0100 0001 | 4c8b da49 | 8bd3 488b | c848 891c 
  0x000001cf6d359a50: 2466 0f1f 

  0x000001cf6d359a54: ;   {static_call}
  0x000001cf6d359a54: 4400 00e8 

  0x000001cf6d359a58: ; ImmutableOopMap {[152]=Oop [120]=Oop }
                      ;*invokestatic defineClass1 {reexecute=0 rethrow=0 return_oop=0}
                      ; - java.lang.ClassLoader::defineClass@27 (line 1017)
  0x000001cf6d359a58: e489 9f07 | 488b 5424 

  0x000001cf6d359a60: ;   {metadata(method data for {method} {0x000001cf0e024d18} 'defineClass' '(Ljava/lang/String;[BIILjava/security/ProtectionDomain;)Ljava/lang/Class;' in 'java/lang/ClassLoader')}
  0x000001cf6d359a60: 7849 b8d8 | e97f 0ecf | 0100 0049 | 8380 9001 | 0000 014c | 8bc0 4c8b | 8c24 9800 | 0000 488b 
  0x000001cf6d359a80: 5424 7848 | 8984 24a0 | 0000 000f 

  0x000001cf6d359a8c: ;   {optimized virtual_call}
  0x000001cf6d359a8c: 1f40 00e8 

  0x000001cf6d359a90: ; ImmutableOopMap {[160]=Oop }
                      ;*invokevirtual postDefineClass {reexecute=0 rethrow=0 return_oop=0}
                      ; - java.lang.ClassLoader::defineClass@37 (line 1018)
  0x000001cf6d359a90: 0c95 fbff | 488b 8424 | a000 0000 | 4881 c4b0 | 0000 005d 

  0x000001cf6d359aa4: ;   {poll_return}
  0x000001cf6d359aa4: 493b a750 | 0300 000f | 8799 0000 

  0x000001cf6d359ab0: ;   {metadata({method} {0x000001cf0e024d18} 'defineClass' '(Ljava/lang/String;[BIILjava/security/ProtectionDomain;)Ljava/lang/Class;' in 'java/lang/ClassLoader')}
  0x000001cf6d359ab0: 00c3 49ba | 104d 020e | cf01 0000 | 4c89 5424 | 0848 c704 | 24ff ffff 

  0x000001cf6d359ac8: ;   {runtime_call counter_overflow Runtime1 stub}
  0x000001cf6d359ac8: ffe8 b239 

  0x000001cf6d359acc: ; ImmutableOopMap {rdx=Oop [120]=Oop r8=Oop r9=Oop rcx=Oop }
                      ;*synchronization entry
                      ; - java.lang.ClassLoader::defineClass@-1 (line 1015)
  0x000001cf6d359acc: 5307 e989 

  0x000001cf6d359ad0: ;   {metadata({method} {0x000001cf0e024ae0} 'defineClassSourceLocation' '(Ljava/security/ProtectionDomain;)Ljava/lang/String;' in 'java/lang/ClassLoader')}
  0x000001cf6d359ad0: fcff ff49 | bad8 4a02 | 0ecf 0100 | 004c 8954 | 2408 48c7 | 0424 ffff 

  0x000001cf6d359ae8: ;   {runtime_call counter_overflow Runtime1 stub}
  0x000001cf6d359ae8: ffff e891 

  0x000001cf6d359aec: ; ImmutableOopMap {[120]=Oop [136]=Oop [128]=Oop rax=Oop [152]=Oop }
                      ;*synchronization entry
                      ; - java.lang.ClassLoader::defineClassSourceLocation@-1 (line 914)
                      ; - java.lang.ClassLoader::defineClass@12 (line 1016)
  0x000001cf6d359aec: 3953 07e9 | f9fc ffff 

  0x000001cf6d359af4: ;   {runtime_call throw_null_pointer_exception Runtime1 stub}
  0x000001cf6d359af4: e827 cb52 

  0x000001cf6d359af8: ; ImmutableOopMap {[120]=Oop [136]=Oop [128]=Oop rax=Oop [152]=Oop }
                      ;*invokevirtual getCodeSource {reexecute=0 rethrow=0 return_oop=0}
                      ; - java.lang.ClassLoader::defineClassSourceLocation@1 (line 914)
                      ; - java.lang.ClassLoader::defineClass@12 (line 1016)
                      ;   {runtime_call throw_null_pointer_exception Runtime1 stub}
  0x000001cf6d359af8: 07e8 22cb 

  0x000001cf6d359afc: ; ImmutableOopMap {[120]=Oop [136]=Oop [128]=Oop rax=Oop [152]=Oop r8=Oop }
                      ;*invokevirtual getLocation {reexecute=0 rethrow=0 return_oop=0}
                      ; - java.lang.ClassLoader::defineClassSourceLocation@12 (line 916)
                      ; - java.lang.ClassLoader::defineClass@12 (line 1016)
                      ;   {runtime_call throw_null_pointer_exception Runtime1 stub}
  0x000001cf6d359afc: 5207 e81d 

  0x000001cf6d359b00: ; ImmutableOopMap {[120]=Oop [136]=Oop [128]=Oop [152]=Oop rdx=Oop }
                      ;*invokevirtual toString {reexecute=0 rethrow=0 return_oop=0}
                      ; - java.lang.ClassLoader::defineClassSourceLocation@22 (line 917)
                      ; - java.lang.ClassLoader::defineClass@12 (line 1016)
                      ;   {metadata({method} {0x000001cf0e0e87e8} 'toString' '()Ljava/lang/String;' in 'java/net/URL')}
  0x000001cf6d359b00: cb52 0749 | bae0 870e | 0ecf 0100 | 004c 8954 | 2408 48c7 | 0424 ffff 

  0x000001cf6d359b18: ;   {runtime_call counter_overflow Runtime1 stub}
  0x000001cf6d359b18: ffff e861 

  0x000001cf6d359b1c: ; ImmutableOopMap {[120]=Oop [136]=Oop [128]=Oop [152]=Oop rdx=Oop }
                      ;*synchronization entry
                      ; - java.net.URL::toString@-1 (line 1025)
                      ; - java.lang.ClassLoader::defineClassSourceLocation@22 (line 917)
                      ; - java.lang.ClassLoader::defineClass@12 (line 1016)
  0x000001cf6d359b1c: 3953 07e9 | effd ffff 

  0x000001cf6d359b24: ;   {metadata({method} {0x000001cf0e0e88a0} 'toExternalForm' '()Ljava/lang/String;' in 'java/net/URL')}
  0x000001cf6d359b24: 49ba 9888 | 0e0e cf01 | 0000 4c89 | 5424 0848 | c704 24ff 

  0x000001cf6d359b38: ;   {runtime_call counter_overflow Runtime1 stub}
  0x000001cf6d359b38: ffff ffe8 

  0x000001cf6d359b3c: ; ImmutableOopMap {[120]=Oop [136]=Oop [128]=Oop [152]=Oop rdx=Oop }
                      ;*synchronization entry
                      ; - java.net.URL::toExternalForm@-1 (line 1039)
                      ; - java.net.URL::toString@1 (line 1025)
                      ; - java.lang.ClassLoader::defineClassSourceLocation@22 (line 917)
                      ; - java.lang.ClassLoader::defineClass@12 (line 1016)
  0x000001cf6d359b3c: 4039 5307 | e90d feff 

  0x000001cf6d359b44: ;   {runtime_call throw_null_pointer_exception Runtime1 stub}
  0x000001cf6d359b44: ffe8 d6ca 

  0x000001cf6d359b48: ; ImmutableOopMap {[120]=Oop [136]=Oop [128]=Oop [152]=Oop rdx=Oop rsi=Oop }
                      ;*invokevirtual toExternalForm {reexecute=0 rethrow=0 return_oop=0}
                      ; - java.net.URL::toExternalForm@5 (line 1039)
                      ; - java.net.URL::toString@1 (line 1025)
                      ; - java.lang.ClassLoader::defineClassSourceLocation@22 (line 917)
                      ; - java.lang.ClassLoader::defineClass@12 (line 1016)
                      ;   {internal_word}
  0x000001cf6d359b48: 5207 49ba | a49a 356d | cf01 0000 | 4d89 9768 

  0x000001cf6d359b58: ;   {runtime_call SafepointBlob}
  0x000001cf6d359b58: 0300 00e9 | 20f4 4807 | 9090 498b | 87e0 0300 | 0049 c787 | e003 0000 | 0000 0000 | 49c7 87e8 
  0x000001cf6d359b78: 0300 0000 | 0000 0048 | 81c4 b000 

  0x000001cf6d359b84: ;   {runtime_call unwind_exception Runtime1 stub}
  0x000001cf6d359b84: 0000 5de9 | 74ea 4907 | f4f4 f4f4 | f4f4 f4f4 | f4f4 f4f4 | f4f4 f4f4 | f4f4 f4f4 
[Stub Code]
  0x000001cf6d359ba0: ;   {no_reloc}
  0x000001cf6d359ba0: 0f1f 4400 

  0x000001cf6d359ba4: ;   {static_stub}
  0x000001cf6d359ba4: 0048 bb00 | 0000 0000 

  0x000001cf6d359bac: ;   {runtime_call}
  0x000001cf6d359bac: 0000 00e9 | fbff ffff 

  0x000001cf6d359bb4: ;   {static_stub}
  0x000001cf6d359bb4: 9048 bb00 | 0000 0000 

  0x000001cf6d359bbc: ;   {runtime_call}
  0x000001cf6d359bbc: 0000 00e9 | fbff ffff 

  0x000001cf6d359bc4: ;   {static_stub}
  0x000001cf6d359bc4: 9048 bb00 | 0000 0000 

  0x000001cf6d359bcc: ;   {runtime_call}
  0x000001cf6d359bcc: 0000 00e9 | fbff ffff 

  0x000001cf6d359bd4: ;   {static_stub}
  0x000001cf6d359bd4: 9048 bb00 | 0000 0000 

  0x000001cf6d359bdc: ;   {runtime_call}
  0x000001cf6d359bdc: 0000 00e9 | fbff ffff 
[Exception Handler]
  0x000001cf6d359be4: ;   {runtime_call handle_exception_from_callee Runtime1 stub}
  0x000001cf6d359be4: e817 f052 

  0x000001cf6d359be8: ;   {external_word}
  0x000001cf6d359be8: 0748 b990 | 7df3 f1fd | 7f00 0048 

  0x000001cf6d359bf4: ;   {runtime_call}
  0x000001cf6d359bf4: 83e4 f049 | bad0 e2bb | f1fd 7f00 | 0041 ffd2 

  0x000001cf6d359c04: ;   {section_word}
  0x000001cf6d359c04: f449 ba05 | 9c35 6dcf | 0100 0041 

  0x000001cf6d359c10: ;   {runtime_call DeoptimizationBlob}
  0x000001cf6d359c10: 52e9 0a08 | 4907 f4f4 
[/MachCode]


Compiled method (c1)    1095  518       3       java.security.SecureClassLoader::defineClass (16 bytes)
 total in heap  [0x000001cf6d34e110,0x000001cf6d34e500] = 1008
 relocation     [0x000001cf6d34e268,0x000001cf6d34e2b0] = 72
 main code      [0x000001cf6d34e2c0,0x000001cf6d34e400] = 320
 stub code      [0x000001cf6d34e400,0x000001cf6d34e458] = 88
 metadata       [0x000001cf6d34e458,0x000001cf6d34e460] = 8
 scopes data    [0x000001cf6d34e460,0x000001cf6d34e4a8] = 72
 scopes pcs     [0x000001cf6d34e4a8,0x000001cf6d34e4f8] = 80
 dependencies   [0x000001cf6d34e4f8,0x000001cf6d34e500] = 8

[Constant Pool (empty)]

[MachCode]
[Entry Point]
  # {method} {0x000001cf0e03da68} 'defineClass' '(Ljava/lang/String;[BIILjava/security/CodeSource;)Ljava/lang/Class;' in 'java/security/SecureClassLoader'
  # this:     rdx:rdx   = 'java/security/SecureClassLoader'
  # parm0:    r8:r8     = 'java/lang/String'
  # parm1:    r9:r9     = '[B'
  # parm2:    rdi       = int
  # parm3:    rsi       = int
  # parm4:    rcx:rcx   = 'java/security/CodeSource'
  #           [sp+0x80]  (sp of caller)
  0x000001cf6d34e2c0: 448b 5208 | 49bb 0000 | 0000 0800 | 0000 4d03 | d34c 3bd0 

  0x000001cf6d34e2d4: ;   {runtime_call ic_miss_stub}
  0x000001cf6d34e2d4: 0f85 a632 | 4907 660f | 1f44 0000 
[Verified Entry Point]
  0x000001cf6d34e2e0: 8984 2400 | 90ff ff55 | 4883 ec70 

  0x000001cf6d34e2ec: ;   {metadata(method data for {method} {0x000001cf0e03da68} 'defineClass' '(Ljava/lang/String;[BIILjava/security/CodeSource;)Ljava/lang/Class;' in 'java/security/SecureClassLoader')}
  0x000001cf6d34e2ec: 48bb a081 | 7f0e cf01 | 0000 8b83 | cc00 0000 | 83c0 0289 | 83cc 0000 | 0081 e0fe | 0700 0083 
  0x000001cf6d34e30c: f800 0f84 | 8b00 0000 | 8974 245c | 897c 2458 | 4c89 4c24 | 504c 8944 | 2448 488b 

  0x000001cf6d34e328: ;   {metadata(method data for {method} {0x000001cf0e03da68} 'defineClass' '(Ljava/lang/String;[BIILjava/security/CodeSource;)Ljava/lang/Class;' in 'java/security/SecureClassLoader')}
  0x000001cf6d34e328: da48 b8a0 | 817f 0ecf | 0100 0048 | 8380 1001 | 0000 014c | 8bc1 488b | c248 8bd0 | 4889 4424 
  0x000001cf6d34e348: 4066 0f1f 

  0x000001cf6d34e34c: ;   {optimized virtual_call}
  0x000001cf6d34e34c: 4400 00e8 

  0x000001cf6d34e350: ; ImmutableOopMap {[80]=Oop [64]=Oop [72]=Oop }
                      ;*invokevirtual getProtectionDomain {reexecute=0 rethrow=0 return_oop=0}
                      ; - java.security.SecureClassLoader::defineClass@9 (line 150)
  0x000001cf6d34e350: 4ca9 0000 | 488b 5424 

  0x000001cf6d34e358: ;   {metadata(method data for {method} {0x000001cf0e03da68} 'defineClass' '(Ljava/lang/String;[BIILjava/security/CodeSource;)Ljava/lang/Class;' in 'java/security/SecureClassLoader')}
  0x000001cf6d34e358: 4049 b8a0 | 817f 0ecf | 0100 0049 | 8380 4801 | 0000 014c | 8b44 2448 | 4c8b 4c24 | 508b 7c24 
  0x000001cf6d34e378: 588b 7424 | 5c48 8bc8 | 488b 5424 

  0x000001cf6d34e384: ;   {optimized virtual_call}
  0x000001cf6d34e384: 4066 90e8 

  0x000001cf6d34e388: ; ImmutableOopMap {}
                      ;*invokevirtual defineClass {reexecute=0 rethrow=0 return_oop=0}
                      ; - java.security.SecureClassLoader::defineClass@12 (line 150)
  0x000001cf6d34e388: 94b3 0000 | 4883 c470 

  0x000001cf6d34e390: ;   {poll_return}
  0x000001cf6d34e390: 5d49 3ba7 | 5003 0000 | 0f87 2200 

  0x000001cf6d34e39c: ;   {metadata({method} {0x000001cf0e03da68} 'defineClass' '(Ljava/lang/String;[BIILjava/security/CodeSource;)Ljava/lang/Class;' in 'java/security/SecureClassLoader')}
  0x000001cf6d34e39c: 0000 c349 | ba60 da03 | 0ecf 0100 | 004c 8954 | 2408 48c7 | 0424 ffff 

  0x000001cf6d34e3b4: ;   {runtime_call counter_overflow Runtime1 stub}
  0x000001cf6d34e3b4: ffff e8c5 

  0x000001cf6d34e3b8: ; ImmutableOopMap {rdx=Oop r8=Oop r9=Oop rcx=Oop }
                      ;*synchronization entry
                      ; - java.security.SecureClassLoader::defineClass@-1 (line 150)
  0x000001cf6d34e3b8: f053 07e9 | 54ff ffff 

  0x000001cf6d34e3c0: ;   {internal_word}
  0x000001cf6d34e3c0: 49ba 91e3 | 346d cf01 | 0000 4d89 | 9768 0300 

  0x000001cf6d34e3d0: ;   {runtime_call SafepointBlob}
  0x000001cf6d34e3d0: 00e9 aaab | 4907 9090 | 498b 87e0 | 0300 0049 | c787 e003 | 0000 0000 | 0000 49c7 | 87e8 0300 
  0x000001cf6d34e3f0: 0000 0000 | 0048 83c4 

  0x000001cf6d34e3f8: ;   {runtime_call unwind_exception Runtime1 stub}
  0x000001cf6d34e3f8: 705d e901 | a24a 07f4 
[Stub Code]
  0x000001cf6d34e400: ;   {no_reloc}
  0x000001cf6d34e400: 0f1f 4400 

  0x000001cf6d34e404: ;   {static_stub}
  0x000001cf6d34e404: 0048 bbf0 | dc03 0ecf 

  0x000001cf6d34e40c: ;   {runtime_call I2C/C2I adapters}
  0x000001cf6d34e40c: 0100 00e9 | 4991 4907 

  0x000001cf6d34e414: ;   {static_stub}
  0x000001cf6d34e414: 9048 bb10 | 4d02 0ecf 

  0x000001cf6d34e41c: ;   {runtime_call I2C/C2I adapters}
  0x000001cf6d34e41c: 0100 00e9 | c79b 4807 
[Exception Handler]
  0x000001cf6d34e424: ;   {runtime_call handle_exception_from_callee Runtime1 stub}
  0x000001cf6d34e424: e8d7 a753 

  0x000001cf6d34e428: ;   {external_word}
  0x000001cf6d34e428: 0748 b990 | 7df3 f1fd | 7f00 0048 

  0x000001cf6d34e434: ;   {runtime_call}
  0x000001cf6d34e434: 83e4 f049 | bad0 e2bb | f1fd 7f00 | 0041 ffd2 

  0x000001cf6d34e444: ;   {section_word}
  0x000001cf6d34e444: f449 ba45 | e434 6dcf | 0100 0041 

  0x000001cf6d34e450: ;   {runtime_call DeoptimizationBlob}
  0x000001cf6d34e450: 52e9 cabf | 4907 f4f4 
[/MachCode]


---------------  P R O C E S S  ---------------

Threads class SMR info:
_java_thread_list=0x000001cf120b1580, length=13, elements={
0x000001cf67ea2f80, 0x000001cf12082db0, 0x000001cf12083970, 0x000001cf120c2a80,
0x000001cf120c3440, 0x000001cf120c5e10, 0x000001cf120c67d0, 0x000001cf120c9990,
0x000001cf120d6960, 0x000001cf120d7360, 0x000001cf122477a0, 0x000001cf12256f60,
0x000001cf122d3f40
}

Java Threads: ( => current thread )
=>0x000001cf67ea2f80 JavaThread "main" [_thread_in_vm, id=12356, stack(0x0000007713a00000,0x0000007713b00000)]
  0x000001cf12082db0 JavaThread "Reference Handler" daemon [_thread_blocked, id=12648, stack(0x0000007714100000,0x0000007714200000)]
  0x000001cf12083970 JavaThread "Finalizer" daemon [_thread_blocked, id=17128, stack(0x0000007714200000,0x0000007714300000)]
  0x000001cf120c2a80 JavaThread "Signal Dispatcher" daemon [_thread_blocked, id=18368, stack(0x0000007714300000,0x0000007714400000)]
  0x000001cf120c3440 JavaThread "Attach Listener" daemon [_thread_blocked, id=1100, stack(0x0000007714400000,0x0000007714500000)]
  0x000001cf120c5e10 JavaThread "Service Thread" daemon [_thread_blocked, id=15732, stack(0x0000007714500000,0x0000007714600000)]
  0x000001cf120c67d0 JavaThread "Monitor Deflation Thread" daemon [_thread_blocked, id=4664, stack(0x0000007714600000,0x0000007714700000)]
  0x000001cf120c9990 JavaThread "C2 CompilerThread0" daemon [_thread_blocked, id=14704, stack(0x0000007714700000,0x0000007714800000)]
  0x000001cf120d6960 JavaThread "C1 CompilerThread0" daemon [_thread_blocked, id=14720, stack(0x0000007714800000,0x0000007714900000)]
  0x000001cf120d7360 JavaThread "Sweeper thread" daemon [_thread_blocked, id=18224, stack(0x0000007714900000,0x0000007714a00000)]
  0x000001cf122477a0 JavaThread "Notification Thread" daemon [_thread_blocked, id=15924, stack(0x0000007714a00000,0x0000007714b00000)]
  0x000001cf12256f60 JavaThread "Common-Cleaner" daemon [_thread_blocked, id=16212, stack(0x0000007714c00000,0x0000007714d00000)]
  0x000001cf122d3f40 JavaThread "C2 CompilerThread1" daemon [_thread_in_native, id=4996, stack(0x0000007714d00000,0x0000007714e00000)]

Other Threads:
  0x000001cf1206d070 VMThread "VM Thread" [stack: 0x0000007714000000,0x0000007714100000] [id=17960]
  0x000001cf1224aca0 WatcherThread [stack: 0x0000007714b00000,0x0000007714c00000] [id=13628]
  0x000001cf67f2fbd0 GCTaskThread "GC Thread#0" [stack: 0x0000007713b00000,0x0000007713c00000] [id=16576]
  0x000001cf126e3030 GCTaskThread "GC Thread#1" [stack: 0x0000007714e00000,0x0000007714f00000] [id=5360]
  0x000001cf12715bf0 GCTaskThread "GC Thread#2" [stack: 0x0000007714f00000,0x0000007715000000] [id=17404]
  0x000001cf12715eb0 GCTaskThread "GC Thread#3" [stack: 0x0000007715000000,0x0000007715100000] [id=5624]
  0x000001cf12716170 GCTaskThread "GC Thread#4" [stack: 0x0000007715100000,0x0000007715200000] [id=17548]
  0x000001cf126f10f0 GCTaskThread "GC Thread#5" [stack: 0x0000007715200000,0x0000007715300000] [id=16324]
  0x000001cf126f13b0 GCTaskThread "GC Thread#6" [stack: 0x0000007715300000,0x0000007715400000] [id=17440]
  0x000001cf126f1670 GCTaskThread "GC Thread#7" [stack: 0x0000007715400000,0x0000007715500000] [id=18128]
  0x000001cf67f3cce0 ConcurrentGCThread "G1 Main Marker" [stack: 0x0000007713c00000,0x0000007713d00000] [id=284]
  0x000001cf67f3ed60 ConcurrentGCThread "G1 Conc#0" [stack: 0x0000007713d00000,0x0000007713e00000] [id=12268]
  0x000001cf7f4fd060 ConcurrentGCThread "G1 Refine#0" [stack: 0x0000007713e00000,0x0000007713f00000] [id=16544]
  0x000001cf7f4fdb40 ConcurrentGCThread "G1 Service" [stack: 0x0000007713f00000,0x0000007714000000] [id=16116]

Threads with active compile tasks:
C2 CompilerThread1     1098 1608   !   4       jdk.internal.loader.URLClassPath$JarLoader::getResource (65 bytes)

VM state: not at safepoint (normal execution)

VM Mutex/Monitor currently owned by a thread:  ([mutex/lock_event])
[0x000001cf67e9da60] Metaspace_lock - owner thread: 0x000001cf67ea2f80

Heap address: 0x0000000683400000, size: 6092 MB, Compressed Oops mode: Zero based, Oop shift amount: 3

CDS archive(s) not mapped
Compressed class space mapped at: 0x0000000800000000-0x0000000840000000, reserved size: 1073741824
Narrow klass base: 0x0000000800000000, Narrow klass shift: 0, Narrow klass range: 0x40000000

GC Precious Log:
 CPUs: 8 total, 8 available
 Memory: 24359M
 Large Page Support: Disabled
 NUMA Support: Disabled
 Compressed Oops: Enabled (Zero based)
 Heap Region Size: 4M
 Heap Min Capacity: 8M
 Heap Initial Capacity: 384M
 Heap Max Capacity: 6092M
 Pre-touch: Disabled
 Parallel Workers: 8
 Concurrent Workers: 2
 Concurrent Refinement Workers: 8
 Periodic GC: Disabled

Heap:
 garbage-first heap   total 393216K, used 13861K [0x0000000683400000, 0x0000000800000000)
  region size 4096K, 3 young (12288K), 1 survivors (4096K)
 Metaspace       used 19688K, committed 19840K, reserved 1114112K
  class space    used 2131K, committed 2240K, reserved 1048576K

Heap Regions: E=young(eden), S=young(survivor), O=old, HS=humongous(starts), HC=humongous(continues), CS=collection set, F=free, OA=open archive, CA=closed archive, TAMS=top-at-mark-start (previous, next)
|   0|0x0000000683400000, 0x0000000683800000, 0x0000000683800000|100%|HS|  |TAMS 0x0000000683400000, 0x0000000683400000| Complete 
|   1|0x0000000683800000, 0x0000000683a5a800, 0x0000000683c00000| 58%| O|  |TAMS 0x0000000683800000, 0x0000000683800000| Untracked 
|   2|0x0000000683c00000, 0x0000000683c00000, 0x0000000684000000|  0%| F|  |TAMS 0x0000000683c00000, 0x0000000683c00000| Untracked 
|   3|0x0000000684000000, 0x0000000684000000, 0x0000000684400000|  0%| F|  |TAMS 0x0000000684000000, 0x0000000684000000| Untracked 
|   4|0x0000000684400000, 0x0000000684400000, 0x0000000684800000|  0%| F|  |TAMS 0x0000000684400000, 0x0000000684400000| Untracked 
|   5|0x0000000684800000, 0x0000000684800000, 0x0000000684c00000|  0%| F|  |TAMS 0x0000000684800000, 0x0000000684800000| Untracked 
|   6|0x0000000684c00000, 0x0000000684c00000, 0x0000000685000000|  0%| F|  |TAMS 0x0000000684c00000, 0x0000000684c00000| Untracked 
|   7|0x0000000685000000, 0x0000000685000000, 0x0000000685400000|  0%| F|  |TAMS 0x0000000685000000, 0x0000000685000000| Untracked 
|   8|0x0000000685400000, 0x0000000685400000, 0x0000000685800000|  0%| F|  |TAMS 0x0000000685400000, 0x0000000685400000| Untracked 
|   9|0x0000000685800000, 0x0000000685800000, 0x0000000685c00000|  0%| F|  |TAMS 0x0000000685800000, 0x0000000685800000| Untracked 
|  10|0x0000000685c00000, 0x0000000685c00000, 0x0000000686000000|  0%| F|  |TAMS 0x0000000685c00000, 0x0000000685c00000| Untracked 
|  11|0x0000000686000000, 0x0000000686000000, 0x0000000686400000|  0%| F|  |TAMS 0x0000000686000000, 0x0000000686000000| Untracked 
|  12|0x0000000686400000, 0x0000000686400000, 0x0000000686800000|  0%| F|  |TAMS 0x0000000686400000, 0x0000000686400000| Untracked 
|  13|0x0000000686800000, 0x0000000686800000, 0x0000000686c00000|  0%| F|  |TAMS 0x0000000686800000, 0x0000000686800000| Untracked 
|  14|0x0000000686c00000, 0x0000000686c00000, 0x0000000687000000|  0%| F|  |TAMS 0x0000000686c00000, 0x0000000686c00000| Untracked 
|  15|0x0000000687000000, 0x0000000687000000, 0x0000000687400000|  0%| F|  |TAMS 0x0000000687000000, 0x0000000687000000| Untracked 
|  16|0x0000000687400000, 0x0000000687400000, 0x0000000687800000|  0%| F|  |TAMS 0x0000000687400000, 0x0000000687400000| Untracked 
|  17|0x0000000687800000, 0x0000000687800000, 0x0000000687c00000|  0%| F|  |TAMS 0x0000000687800000, 0x0000000687800000| Untracked 
|  18|0x0000000687c00000, 0x0000000687c00000, 0x0000000688000000|  0%| F|  |TAMS 0x0000000687c00000, 0x0000000687c00000| Untracked 
|  19|0x0000000688000000, 0x0000000688000000, 0x0000000688400000|  0%| F|  |TAMS 0x0000000688000000, 0x0000000688000000| Untracked 
|  20|0x0000000688400000, 0x0000000688400000, 0x0000000688800000|  0%| F|  |TAMS 0x0000000688400000, 0x0000000688400000| Untracked 
|  21|0x0000000688800000, 0x0000000688800000, 0x0000000688c00000|  0%| F|  |TAMS 0x0000000688800000, 0x0000000688800000| Untracked 
|  22|0x0000000688c00000, 0x0000000688c00000, 0x0000000689000000|  0%| F|  |TAMS 0x0000000688c00000, 0x0000000688c00000| Untracked 
|  23|0x0000000689000000, 0x0000000689000000, 0x0000000689400000|  0%| F|  |TAMS 0x0000000689000000, 0x0000000689000000| Untracked 
|  24|0x0000000689400000, 0x0000000689400000, 0x0000000689800000|  0%| F|  |TAMS 0x0000000689400000, 0x0000000689400000| Untracked 
|  25|0x0000000689800000, 0x0000000689800000, 0x0000000689c00000|  0%| F|  |TAMS 0x0000000689800000, 0x0000000689800000| Untracked 
|  26|0x0000000689c00000, 0x0000000689c00000, 0x000000068a000000|  0%| F|  |TAMS 0x0000000689c00000, 0x0000000689c00000| Untracked 
|  27|0x000000068a000000, 0x000000068a000000, 0x000000068a400000|  0%| F|  |TAMS 0x000000068a000000, 0x000000068a000000| Untracked 
|  28|0x000000068a400000, 0x000000068a400000, 0x000000068a800000|  0%| F|  |TAMS 0x000000068a400000, 0x000000068a400000| Untracked 
|  29|0x000000068a800000, 0x000000068a800000, 0x000000068ac00000|  0%| F|  |TAMS 0x000000068a800000, 0x000000068a800000| Untracked 
|  30|0x000000068ac00000, 0x000000068ac00000, 0x000000068b000000|  0%| F|  |TAMS 0x000000068ac00000, 0x000000068ac00000| Untracked 
|  31|0x000000068b000000, 0x000000068b000000, 0x000000068b400000|  0%| F|  |TAMS 0x000000068b000000, 0x000000068b000000| Untracked 
|  32|0x000000068b400000, 0x000000068b400000, 0x000000068b800000|  0%| F|  |TAMS 0x000000068b400000, 0x000000068b400000| Untracked 
|  33|0x000000068b800000, 0x000000068b800000, 0x000000068bc00000|  0%| F|  |TAMS 0x000000068b800000, 0x000000068b800000| Untracked 
|  34|0x000000068bc00000, 0x000000068bc00000, 0x000000068c000000|  0%| F|  |TAMS 0x000000068bc00000, 0x000000068bc00000| Untracked 
|  35|0x000000068c000000, 0x000000068c000000, 0x000000068c400000|  0%| F|  |TAMS 0x000000068c000000, 0x000000068c000000| Untracked 
|  36|0x000000068c400000, 0x000000068c400000, 0x000000068c800000|  0%| F|  |TAMS 0x000000068c400000, 0x000000068c400000| Untracked 
|  37|0x000000068c800000, 0x000000068c800000, 0x000000068cc00000|  0%| F|  |TAMS 0x000000068c800000, 0x000000068c800000| Untracked 
|  38|0x000000068cc00000, 0x000000068cc00000, 0x000000068d000000|  0%| F|  |TAMS 0x000000068cc00000, 0x000000068cc00000| Untracked 
|  39|0x000000068d000000, 0x000000068d000000, 0x000000068d400000|  0%| F|  |TAMS 0x000000068d000000, 0x000000068d000000| Untracked 
|  40|0x000000068d400000, 0x000000068d400000, 0x000000068d800000|  0%| F|  |TAMS 0x000000068d400000, 0x000000068d400000| Untracked 
|  41|0x000000068d800000, 0x000000068d800000, 0x000000068dc00000|  0%| F|  |TAMS 0x000000068d800000, 0x000000068d800000| Untracked 
|  42|0x000000068dc00000, 0x000000068dc00000, 0x000000068e000000|  0%| F|  |TAMS 0x000000068dc00000, 0x000000068dc00000| Untracked 
|  43|0x000000068e000000, 0x000000068e000000, 0x000000068e400000|  0%| F|  |TAMS 0x000000068e000000, 0x000000068e000000| Untracked 
|  44|0x000000068e400000, 0x000000068e400000, 0x000000068e800000|  0%| F|  |TAMS 0x000000068e400000, 0x000000068e400000| Untracked 
|  45|0x000000068e800000, 0x000000068e800000, 0x000000068ec00000|  0%| F|  |TAMS 0x000000068e800000, 0x000000068e800000| Untracked 
|  46|0x000000068ec00000, 0x000000068ec00000, 0x000000068f000000|  0%| F|  |TAMS 0x000000068ec00000, 0x000000068ec00000| Untracked 
|  47|0x000000068f000000, 0x000000068f000000, 0x000000068f400000|  0%| F|  |TAMS 0x000000068f000000, 0x000000068f000000| Untracked 
|  48|0x000000068f400000, 0x000000068f400000, 0x000000068f800000|  0%| F|  |TAMS 0x000000068f400000, 0x000000068f400000| Untracked 
|  49|0x000000068f800000, 0x000000068f800000, 0x000000068fc00000|  0%| F|  |TAMS 0x000000068f800000, 0x000000068f800000| Untracked 
|  50|0x000000068fc00000, 0x000000068fc00000, 0x0000000690000000|  0%| F|  |TAMS 0x000000068fc00000, 0x000000068fc00000| Untracked 
|  51|0x0000000690000000, 0x0000000690000000, 0x0000000690400000|  0%| F|  |TAMS 0x0000000690000000, 0x0000000690000000| Untracked 
|  52|0x0000000690400000, 0x0000000690400000, 0x0000000690800000|  0%| F|  |TAMS 0x0000000690400000, 0x0000000690400000| Untracked 
|  53|0x0000000690800000, 0x0000000690800000, 0x0000000690c00000|  0%| F|  |TAMS 0x0000000690800000, 0x0000000690800000| Untracked 
|  54|0x0000000690c00000, 0x0000000690c00000, 0x0000000691000000|  0%| F|  |TAMS 0x0000000690c00000, 0x0000000690c00000| Untracked 
|  55|0x0000000691000000, 0x0000000691000000, 0x0000000691400000|  0%| F|  |TAMS 0x0000000691000000, 0x0000000691000000| Untracked 
|  56|0x0000000691400000, 0x0000000691400000, 0x0000000691800000|  0%| F|  |TAMS 0x0000000691400000, 0x0000000691400000| Untracked 
|  57|0x0000000691800000, 0x0000000691800000, 0x0000000691c00000|  0%| F|  |TAMS 0x0000000691800000, 0x0000000691800000| Untracked 
|  58|0x0000000691c00000, 0x0000000691c00000, 0x0000000692000000|  0%| F|  |TAMS 0x0000000691c00000, 0x0000000691c00000| Untracked 
|  59|0x0000000692000000, 0x0000000692000000, 0x0000000692400000|  0%| F|  |TAMS 0x0000000692000000, 0x0000000692000000| Untracked 
|  60|0x0000000692400000, 0x0000000692400000, 0x0000000692800000|  0%| F|  |TAMS 0x0000000692400000, 0x0000000692400000| Untracked 
|  61|0x0000000692800000, 0x0000000692800000, 0x0000000692c00000|  0%| F|  |TAMS 0x0000000692800000, 0x0000000692800000| Untracked 
|  62|0x0000000692c00000, 0x0000000692c00000, 0x0000000693000000|  0%| F|  |TAMS 0x0000000692c00000, 0x0000000692c00000| Untracked 
|  63|0x0000000693000000, 0x0000000693000000, 0x0000000693400000|  0%| F|  |TAMS 0x0000000693000000, 0x0000000693000000| Untracked 
|  64|0x0000000693400000, 0x0000000693400000, 0x0000000693800000|  0%| F|  |TAMS 0x0000000693400000, 0x0000000693400000| Untracked 
|  65|0x0000000693800000, 0x0000000693800000, 0x0000000693c00000|  0%| F|  |TAMS 0x0000000693800000, 0x0000000693800000| Untracked 
|  66|0x0000000693c00000, 0x0000000693c00000, 0x0000000694000000|  0%| F|  |TAMS 0x0000000693c00000, 0x0000000693c00000| Untracked 
|  67|0x0000000694000000, 0x0000000694000000, 0x0000000694400000|  0%| F|  |TAMS 0x0000000694000000, 0x0000000694000000| Untracked 
|  68|0x0000000694400000, 0x0000000694400000, 0x0000000694800000|  0%| F|  |TAMS 0x0000000694400000, 0x0000000694400000| Untracked 
|  69|0x0000000694800000, 0x0000000694800000, 0x0000000694c00000|  0%| F|  |TAMS 0x0000000694800000, 0x0000000694800000| Untracked 
|  70|0x0000000694c00000, 0x0000000694c00000, 0x0000000695000000|  0%| F|  |TAMS 0x0000000694c00000, 0x0000000694c00000| Untracked 
|  71|0x0000000695000000, 0x0000000695000000, 0x0000000695400000|  0%| F|  |TAMS 0x0000000695000000, 0x0000000695000000| Untracked 
|  72|0x0000000695400000, 0x0000000695400000, 0x0000000695800000|  0%| F|  |TAMS 0x0000000695400000, 0x0000000695400000| Untracked 
|  73|0x0000000695800000, 0x0000000695800000, 0x0000000695c00000|  0%| F|  |TAMS 0x0000000695800000, 0x0000000695800000| Untracked 
|  74|0x0000000695c00000, 0x0000000695c00000, 0x0000000696000000|  0%| F|  |TAMS 0x0000000695c00000, 0x0000000695c00000| Untracked 
|  75|0x0000000696000000, 0x0000000696000000, 0x0000000696400000|  0%| F|  |TAMS 0x0000000696000000, 0x0000000696000000| Untracked 
|  76|0x0000000696400000, 0x0000000696400000, 0x0000000696800000|  0%| F|  |TAMS 0x0000000696400000, 0x0000000696400000| Untracked 
|  77|0x0000000696800000, 0x0000000696800000, 0x0000000696c00000|  0%| F|  |TAMS 0x0000000696800000, 0x0000000696800000| Untracked 
|  78|0x0000000696c00000, 0x0000000696c00000, 0x0000000697000000|  0%| F|  |TAMS 0x0000000696c00000, 0x0000000696c00000| Untracked 
|  79|0x0000000697000000, 0x0000000697000000, 0x0000000697400000|  0%| F|  |TAMS 0x0000000697000000, 0x0000000697000000| Untracked 
|  80|0x0000000697400000, 0x0000000697400000, 0x0000000697800000|  0%| F|  |TAMS 0x0000000697400000, 0x0000000697400000| Untracked 
|  81|0x0000000697800000, 0x0000000697800000, 0x0000000697c00000|  0%| F|  |TAMS 0x0000000697800000, 0x0000000697800000| Untracked 
|  82|0x0000000697c00000, 0x0000000697c00000, 0x0000000698000000|  0%| F|  |TAMS 0x0000000697c00000, 0x0000000697c00000| Untracked 
|  83|0x0000000698000000, 0x0000000698000000, 0x0000000698400000|  0%| F|  |TAMS 0x0000000698000000, 0x0000000698000000| Untracked 
|  84|0x0000000698400000, 0x0000000698400000, 0x0000000698800000|  0%| F|  |TAMS 0x0000000698400000, 0x0000000698400000| Untracked 
|  85|0x0000000698800000, 0x0000000698800000, 0x0000000698c00000|  0%| F|  |TAMS 0x0000000698800000, 0x0000000698800000| Untracked 
|  86|0x0000000698c00000, 0x0000000698c00000, 0x0000000699000000|  0%| F|  |TAMS 0x0000000698c00000, 0x0000000698c00000| Untracked 
|  87|0x0000000699000000, 0x0000000699000000, 0x0000000699400000|  0%| F|  |TAMS 0x0000000699000000, 0x0000000699000000| Untracked 
|  88|0x0000000699400000, 0x000000069972eca0, 0x0000000699800000| 79%| S|CS|TAMS 0x0000000699400000, 0x0000000699400000| Complete 
|  89|0x0000000699800000, 0x0000000699800000, 0x0000000699c00000|  0%| F|  |TAMS 0x0000000699800000, 0x0000000699800000| Untracked 
|  90|0x0000000699c00000, 0x0000000699c00000, 0x000000069a000000|  0%| F|  |TAMS 0x0000000699c00000, 0x0000000699c00000| Untracked 
|  91|0x000000069a000000, 0x000000069a000000, 0x000000069a400000|  0%| F|  |TAMS 0x000000069a000000, 0x000000069a000000| Untracked 
|  92|0x000000069a400000, 0x000000069a400000, 0x000000069a800000|  0%| F|  |TAMS 0x000000069a400000, 0x000000069a400000| Untracked 
|  93|0x000000069a800000, 0x000000069a800000, 0x000000069ac00000|  0%| F|  |TAMS 0x000000069a800000, 0x000000069a800000| Untracked 
|  94|0x000000069ac00000, 0x000000069b000000, 0x000000069b000000|100%| E|  |TAMS 0x000000069ac00000, 0x000000069ac00000| Complete 
|  95|0x000000069b000000, 0x000000069b400000, 0x000000069b400000|100%| E|CS|TAMS 0x000000069b000000, 0x000000069b000000| Complete 

Card table byte_map: [0x000001cf7d8b0000,0x000001cf7e4a0000] _byte_map_base: 0x000001cf7a496000

Marking Bits (Prev, Next): (CMBitMap*) 0x000001cf67f301f0, (CMBitMap*) 0x000001cf67f30230
 Prev Bits: [0x000001cf00000000, 0x000001cf05f30000)
 Next Bits: [0x000001cf05f30000, 0x000001cf0be60000)

Polling page: 0x000001cf67f60000

Metaspace:

Usage:
  Non-class:     17.15 MB used.
      Class:      2.08 MB used.
       Both:     19.23 MB used.

Virtual space:
  Non-class space:       64.00 MB reserved,      17.19 MB ( 27%) committed,  1 nodes.
      Class space:        1.00 GB reserved,       2.19 MB ( <1%) committed,  1 nodes.
             Both:        1.06 GB reserved,      19.38 MB (  2%) committed. 

Chunk freelists:
   Non-Class:  14.30 MB
       Class:  13.70 MB
        Both:  28.00 MB

MaxMetaspaceSize: unlimited
CompressedClassSpaceSize: 1.00 GB
Initial GC threshold: 21.00 MB
Current GC threshold: 21.00 MB
CDS: off
MetaspaceReclaimPolicy: balanced
 - commit_granule_bytes: 65536.
 - commit_granule_words: 8192.
 - virtual_space_node_default_size: 8388608.
 - enlarge_chunks_in_place: 1.
 - new_chunks_are_fully_committed: 0.
 - uncommit_free_chunks: 1.
 - use_allocation_guard: 0.
 - handle_deallocations: 1.


Internal statistics:

num_allocs_failed_limit: 0.
num_arena_births: 120.
num_arena_deaths: 0.
num_vsnodes_births: 2.
num_vsnodes_deaths: 0.
num_space_committed: 310.
num_space_uncommitted: 0.
num_chunks_returned_to_freelist: 0.
num_chunks_taken_from_freelist: 522.
num_chunk_merges: 0.
num_chunk_splits: 420.
num_chunks_enlarged: 358.
num_inconsistent_stats: 0.

CodeHeap 'non-profiled nmethods': size=120000Kb used=581Kb max_used=581Kb free=119418Kb
 bounds [0x000001cf74d30000, 0x000001cf74fa0000, 0x000001cf7c260000]
CodeHeap 'profiled nmethods': size=120000Kb used=2980Kb max_used=2980Kb free=117019Kb
 bounds [0x000001cf6d260000, 0x000001cf6d550000, 0x000001cf74790000]
CodeHeap 'non-nmethods': size=5760Kb used=1206Kb max_used=1231Kb free=4553Kb
 bounds [0x000001cf74790000, 0x000001cf74a00000, 0x000001cf74d30000]
 total_blobs=2105 nmethods=1619 adapters=398
 compilation: enabled
              stopped_count=0, restarted_count=0
 full_count=0

Compilation events (20 events):
Event: 1.058 Thread 0x000001cf120d6960 1612       1       kotlin.Pair::component2 (5 bytes)
Event: 1.058 Thread 0x000001cf120d6960 nmethod 1612 0x000001cf74dbd690 code [0x000001cf74dbd820, 0x000001cf74dbd8f8]
Event: 1.068 Thread 0x000001cf120d6960 1613       3       java.util.jar.JavaUtilJarAccessImpl::getTrustedAttributes (6 bytes)
Event: 1.068 Thread 0x000001cf120d6960 nmethod 1613 0x000001cf6d544490 code [0x000001cf6d544640, 0x000001cf6d544788]
Event: 1.071 Thread 0x000001cf120c9990 nmethod 1606 0x000001cf74dbd990 code [0x000001cf74dbdc40, 0x000001cf74dbf768]
Event: 1.071 Thread 0x000001cf120c9990 1609       4       java.lang.String::regionMatches (150 bytes)
Event: 1.071 Thread 0x000001cf120d6960 1614       3       kotlin.Pair::<init> (15 bytes)
Event: 1.071 Thread 0x000001cf120d6960 nmethod 1614 0x000001cf6d544890 code [0x000001cf6d544a40, 0x000001cf6d544c78]
Event: 1.072 Thread 0x000001cf120d6960 1615       3       java.lang.Integer::valueOf (32 bytes)
Event: 1.072 Thread 0x000001cf120d6960 nmethod 1615 0x000001cf6d544d10 code [0x000001cf6d544ec0, 0x000001cf6d5451d8]
Event: 1.072 Thread 0x000001cf120d6960 1616       3       java.util.ArrayList::<init> (61 bytes)
Event: 1.073 Thread 0x000001cf120d6960 nmethod 1616 0x000001cf6d545310 code [0x000001cf6d545580, 0x000001cf6d545f18]
Event: 1.073 Thread 0x000001cf120d6960 1619       3       java.util.AbstractCollection::toArray (70 bytes)
Event: 1.073 Thread 0x000001cf120d6960 nmethod 1619 0x000001cf6d546210 code [0x000001cf6d546460, 0x000001cf6d546e28]
Event: 1.073 Thread 0x000001cf120d6960 1618       3       kotlin.collections.CollectionsKt___CollectionsKt::plus (87 bytes)
Event: 1.074 Thread 0x000001cf120d6960 nmethod 1618 0x000001cf6d547090 code [0x000001cf6d5473c0, 0x000001cf6d548668]
Event: 1.074 Thread 0x000001cf120d6960 1617       3       java.util.Arrays$ArrayItr::next (36 bytes)
Event: 1.074 Thread 0x000001cf120d6960 nmethod 1617 0x000001cf6d548b90 code [0x000001cf6d548d40, 0x000001cf6d548f88]
Event: 1.074 Thread 0x000001cf120d6960 1620       1       org.jetbrains.kotlin.backend.common.phaser.NamedCompilerPhase::getName (5 bytes)
Event: 1.074 Thread 0x000001cf120d6960 nmethod 1620 0x000001cf74dc0490 code [0x000001cf74dc0620, 0x000001cf74dc06f8]

GC Heap History (4 events):
Event: 0.454 GC heap before
{Heap before GC invocations=0 (full 0):
 garbage-first heap   total 393216K, used 20480K [0x0000000683400000, 0x0000000800000000)
  region size 4096K, 5 young (20480K), 0 survivors (0K)
 Metaspace       used 12117K, committed 12288K, reserved 1114112K
  class space    used 1126K, committed 1216K, reserved 1048576K
}
Event: 0.463 GC heap after
{Heap after GC invocations=1 (full 0):
 garbage-first heap   total 393216K, used 6526K [0x0000000683400000, 0x0000000800000000)
  region size 4096K, 1 young (4096K), 1 survivors (4096K)
 Metaspace       used 12117K, committed 12288K, reserved 1114112K
  class space    used 1126K, committed 1216K, reserved 1048576K
}
Event: 0.935 GC heap before
{Heap before GC invocations=1 (full 0):
 garbage-first heap   total 393216K, used 31102K [0x0000000683400000, 0x0000000800000000)
  region size 4096K, 7 young (28672K), 1 survivors (4096K)
 Metaspace       used 17260K, committed 17472K, reserved 1114112K
  class space    used 1749K, committed 1856K, reserved 1048576K
}
Event: 0.939 GC heap after
{Heap after GC invocations=2 (full 0):
 garbage-first heap   total 393216K, used 9765K [0x0000000683400000, 0x0000000800000000)
  region size 4096K, 1 young (4096K), 1 survivors (4096K)
 Metaspace       used 17260K, committed 17472K, reserved 1114112K
  class space    used 1749K, committed 1856K, reserved 1048576K
}

Dll operation events (3 events):
Event: 0.006 Loaded shared library C:\Users\Admin\.jdks\jbr-17.0.9\bin\java.dll
Event: 0.028 Loaded shared library C:\Users\Admin\.jdks\jbr-17.0.9\bin\jsvml.dll
Event: 1.019 Loaded shared library C:\Users\Admin\.jdks\jbr-17.0.9\bin\verify.dll

Deoptimization events (20 events):
Event: 0.610 Thread 0x000001cf67ea2f80 DEOPT PACKING pc=0x000001cf74d62d04 sp=0x0000007713afbad0
Event: 0.610 Thread 0x000001cf67ea2f80 DEOPT UNPACKING pc=0x000001cf747ea1a3 sp=0x0000007713afb9b8 mode 2
Event: 0.624 Thread 0x000001cf67ea2f80 Uncommon trap: trap_request=0xffffff45 fr.pc=0x000001cf74d5a630 relative=0x00000000000003f0
Event: 0.624 Thread 0x000001cf67ea2f80 Uncommon trap: reason=unstable_if action=reinterpret pc=0x000001cf74d5a630 method=java.util.concurrent.ConcurrentHashMap.get(Ljava/lang/Object;)Ljava/lang/Object; @ 76 c2
Event: 0.624 Thread 0x000001cf67ea2f80 DEOPT PACKING pc=0x000001cf74d5a630 sp=0x0000007713afbfa0
Event: 0.624 Thread 0x000001cf67ea2f80 DEOPT UNPACKING pc=0x000001cf747ea1a3 sp=0x0000007713afbf28 mode 2
Event: 0.684 Thread 0x000001cf67ea2f80 Uncommon trap: trap_request=0xffffff45 fr.pc=0x000001cf74d68dd8 relative=0x0000000000000518
Event: 0.684 Thread 0x000001cf67ea2f80 Uncommon trap: reason=unstable_if action=reinterpret pc=0x000001cf74d68dd8 method=java.util.ArrayList.grow(I)[Ljava/lang/Object; @ 17 c2
Event: 0.684 Thread 0x000001cf67ea2f80 DEOPT PACKING pc=0x000001cf74d68dd8 sp=0x0000007713afd7d0
Event: 0.684 Thread 0x000001cf67ea2f80 DEOPT UNPACKING pc=0x000001cf747ea1a3 sp=0x0000007713afd658 mode 2
Event: 0.708 Thread 0x000001cf67ea2f80 Uncommon trap: trap_request=0xffffffc6 fr.pc=0x000001cf74d62d04 relative=0x0000000000000504
Event: 0.708 Thread 0x000001cf67ea2f80 Uncommon trap: reason=bimorphic_or_optimized_type_check action=maybe_recompile pc=0x000001cf74d62d04 method=kotlin.reflect.jvm.internal.impl.protobuf.CodedInputStream.tryRefillBuffer(I)Z @ 175 c2
Event: 0.708 Thread 0x000001cf67ea2f80 DEOPT PACKING pc=0x000001cf74d62d04 sp=0x0000007713afb7c0
Event: 0.708 Thread 0x000001cf67ea2f80 DEOPT UNPACKING pc=0x000001cf747ea1a3 sp=0x0000007713afb6a8 mode 2
Event: 0.841 Thread 0x000001cf67ea2f80 DEOPT PACKING pc=0x000001cf6d4ad234 sp=0x0000007713afdb70
Event: 0.841 Thread 0x000001cf67ea2f80 DEOPT UNPACKING pc=0x000001cf747eace3 sp=0x0000007713afd140 mode 0
Event: 0.908 Thread 0x000001cf67ea2f80 Uncommon trap: trap_request=0xffffff45 fr.pc=0x000001cf74d58d54 relative=0x00000000000000b4
Event: 0.908 Thread 0x000001cf67ea2f80 Uncommon trap: reason=unstable_if action=reinterpret pc=0x000001cf74d58d54 method=java.lang.Integer.valueOf(I)Ljava/lang/Integer; @ 3 c2
Event: 0.908 Thread 0x000001cf67ea2f80 DEOPT PACKING pc=0x000001cf74d58d54 sp=0x0000007713afc690
Event: 0.908 Thread 0x000001cf67ea2f80 DEOPT UNPACKING pc=0x000001cf747ea1a3 sp=0x0000007713afc628 mode 2

Classes unloaded (0 events):
No events

Classes redefined (0 events):
No events

Internal exceptions (12 events):
Event: 0.792 Thread 0x000001cf67ea2f80 Exception <a 'java/lang/NoSuchMethodError'{0x000000069a1c0f58}: 'java.lang.Object java.lang.invoke.DirectMethodHandle$Holder.newInvokeSpecial(java.lang.Object, java.lang.Object, java.lang.Object, java.lang.Object, java.lang.Object)'> (0x000000069a1c0f58) 
thrown [s\src\hotspot\share\interpreter\linkResolver.cpp, line 771]
Event: 0.891 Thread 0x000001cf67ea2f80 Exception <a 'java/lang/NoSuchMethodError'{0x0000000699ac39f0}: 'int java.lang.invoke.DelegatingMethodHandle$Holder.reinvoke_L(java.lang.Object, java.lang.Object, java.lang.Object, long, int, int)'> (0x0000000699ac39f0) 
thrown [s\src\hotspot\share\interpreter\linkResolver.cpp, line 771]
Event: 0.893 Thread 0x000001cf67ea2f80 Exception <a 'java/lang/NoSuchMethodError'{0x0000000699ad2df8}: 'int java.lang.invoke.DelegatingMethodHandle$Holder.reinvoke_L(java.lang.Object, java.lang.Object, java.lang.Object, long, long, long)'> (0x0000000699ad2df8) 
thrown [s\src\hotspot\share\interpreter\linkResolver.cpp, line 771]
Event: 0.894 Thread 0x000001cf67ea2f80 Exception <a 'java/lang/NoSuchMethodError'{0x0000000699ae1a38}: 'int java.lang.invoke.DelegatingMethodHandle$Holder.reinvoke_L(java.lang.Object, java.lang.Object, java.lang.Object, long, java.lang.Object, java.lang.Object)'> (0x0000000699ae1a38) 
thrown [s\src\hotspot\share\interpreter\linkResolver.cpp, line 771]
Event: 0.895 Thread 0x000001cf67ea2f80 Exception <a 'java/lang/NoSuchMethodError'{0x0000000699af0818}: 'void java.lang.invoke.DelegatingMethodHandle$Holder.reinvoke_L(java.lang.Object, java.lang.Object, java.lang.Object, long, java.lang.Object)'> (0x0000000699af0818) 
thrown [s\src\hotspot\share\interpreter\linkResolver.cpp, line 771]
Event: 0.896 Thread 0x000001cf67ea2f80 Exception <a 'java/lang/NoSuchMethodError'{0x0000000699af8450}: 'java.lang.Object java.lang.invoke.DirectMethodHandle$Holder.invokeSpecial(java.lang.Object, java.lang.Object, java.lang.Object, java.lang.Object, long)'> (0x0000000699af8450) 
thrown [s\src\hotspot\share\interpreter\linkResolver.cpp, line 771]
Event: 0.897 Thread 0x000001cf67ea2f80 Exception <a 'java/lang/NoSuchMethodError'{0x0000000699b10bb0}: 'long java.lang.invoke.Invokers$Holder.invoke_MT(java.lang.Object, java.lang.Object, java.lang.Object, java.lang.Object)'> (0x0000000699b10bb0) 
thrown [s\src\hotspot\share\interpreter\linkResolver.cpp, line 771]
Event: 0.899 Thread 0x000001cf67ea2f80 Exception <a 'java/lang/NoSuchMethodError'{0x0000000699b1c3d0}: 'int java.lang.invoke.DirectMethodHandle$Holder.invokeSpecial(java.lang.Object, java.lang.Object, java.lang.Object)'> (0x0000000699b1c3d0) 
thrown [s\src\hotspot\share\interpreter\linkResolver.cpp, line 771]
Event: 0.899 Thread 0x000001cf67ea2f80 Exception <a 'java/lang/NoSuchMethodError'{0x0000000699b20400}: 'int java.lang.invoke.DirectMethodHandle$Holder.invokeSpecial(java.lang.Object, java.lang.Object, java.lang.Object, java.lang.Object)'> (0x0000000699b20400) 
thrown [s\src\hotspot\share\interpreter\linkResolver.cpp, line 771]
Event: 0.899 Thread 0x000001cf67ea2f80 Exception <a 'java/lang/NoSuchMethodError'{0x0000000699b23a68}: 'int java.lang.invoke.Invokers$Holder.invoke_MT(java.lang.Object, java.lang.Object, java.lang.Object, java.lang.Object)'> (0x0000000699b23a68) 
thrown [s\src\hotspot\share\interpreter\linkResolver.cpp, line 771]
Event: 0.901 Thread 0x000001cf67ea2f80 Exception <a 'java/lang/NoSuchMethodError'{0x0000000699b33688}: 'int java.lang.invoke.DelegatingMethodHandle$Holder.reinvoke_L(java.lang.Object, java.lang.Object, java.lang.Object, long, int)'> (0x0000000699b33688) 
thrown [s\src\hotspot\share\interpreter\linkResolver.cpp, line 771]
Event: 1.025 Thread 0x000001cf67ea2f80 Exception <a 'java/lang/NoSuchMethodError'{0x000000069b377b40}: 'java.lang.Object java.lang.invoke.DirectMethodHandle$Holder.invokeStaticInit(java.lang.Object)'> (0x000000069b377b40) 
thrown [s\src\hotspot\share\interpreter\linkResolver.cpp, line 771]

VM Operations (20 events):
Event: 0.113 Executing VM operation: HandshakeAllThreads
Event: 0.113 Executing VM operation: HandshakeAllThreads done
Event: 0.205 Executing VM operation: HandshakeAllThreads
Event: 0.205 Executing VM operation: HandshakeAllThreads done
Event: 0.365 Executing VM operation: HandshakeAllThreads
Event: 0.366 Executing VM operation: HandshakeAllThreads done
Event: 0.454 Executing VM operation: G1CollectForAllocation
Event: 0.463 Executing VM operation: G1CollectForAllocation done
Event: 0.614 Executing VM operation: HandshakeAllThreads
Event: 0.614 Executing VM operation: HandshakeAllThreads done
Event: 0.745 Executing VM operation: ICBufferFull
Event: 0.745 Executing VM operation: ICBufferFull done
Event: 0.841 Executing VM operation: HandshakeAllThreads
Event: 0.841 Executing VM operation: HandshakeAllThreads done
Event: 0.935 Executing VM operation: G1CollectForAllocation
Event: 0.939 Executing VM operation: G1CollectForAllocation done
Event: 0.948 Executing VM operation: HandshakeAllThreads
Event: 0.948 Executing VM operation: HandshakeAllThreads done
Event: 1.023 Executing VM operation: HandshakeAllThreads
Event: 1.023 Executing VM operation: HandshakeAllThreads done

Events (20 events):
Event: 1.001 loading class java/util/Spliterators$IteratorSpliterator
Event: 1.001 loading class java/util/Spliterators$IteratorSpliterator done
Event: 1.002 loading class java/util/stream/MatchOps$MatchKind
Event: 1.002 loading class java/util/stream/MatchOps$MatchKind done
Event: 1.002 loading class java/util/stream/MatchOps
Event: 1.002 loading class java/util/stream/MatchOps done
Event: 1.002 loading class java/util/stream/MatchOps$MatchOp
Event: 1.002 loading class java/util/stream/MatchOps$MatchOp done
Event: 1.003 loading class java/util/stream/MatchOps$BooleanTerminalSink
Event: 1.003 loading class java/util/stream/MatchOps$BooleanTerminalSink done
Event: 1.003 loading class java/util/stream/MatchOps$1MatchSink
Event: 1.003 loading class java/util/stream/MatchOps$1MatchSink done
Event: 1.007 loading class java/lang/CloneNotSupportedException
Event: 1.007 loading class java/lang/CloneNotSupportedException done
Event: 1.026 loading class java/lang/ThreadLocal$SuppliedThreadLocal
Event: 1.026 loading class java/lang/ThreadLocal$SuppliedThreadLocal done
Event: 1.070 loading class java/util/AbstractList$RandomAccessSubList
Event: 1.070 loading class java/util/AbstractList$SubList
Event: 1.070 loading class java/util/AbstractList$SubList done
Event: 1.070 loading class java/util/AbstractList$RandomAccessSubList done


Dynamic libraries:
0x00007ff6f0fe0000 - 0x00007ff6f0fea000 	C:\Users\Admin\.jdks\jbr-17.0.9\bin\java.exe
0x00007ffe6dfd0000 - 0x00007ffe6e1e4000 	C:\Windows\SYSTEM32\ntdll.dll
0x00007ffe6d190000 - 0x00007ffe6d253000 	C:\Windows\System32\KERNEL32.DLL
0x00007ffe6b760000 - 0x00007ffe6bafd000 	C:\Windows\System32\KERNELBASE.dll
0x00007ffe6bb80000 - 0x00007ffe6bc91000 	C:\Windows\System32\ucrtbase.dll
0x00007ffe4e900000 - 0x00007ffe4e91b000 	C:\Users\Admin\.jdks\jbr-17.0.9\bin\VCRUNTIME140.dll
0x00007ffe4e920000 - 0x00007ffe4e937000 	C:\Users\Admin\.jdks\jbr-17.0.9\bin\jli.dll
0x00007ffe6c290000 - 0x00007ffe6c43d000 	C:\Windows\System32\USER32.dll
0x00007ffe59eb0000 - 0x00007ffe5a13e000 	C:\Windows\WinSxS\amd64_microsoft.windows.common-controls_6595b64144ccf1df_6.0.22621.608_none_a9444ca7c10bb01d\COMCTL32.dll
0x00007ffe6b730000 - 0x00007ffe6b756000 	C:\Windows\System32\win32u.dll
0x00007ffe6ccb0000 - 0x00007ffe6cd57000 	C:\Windows\System32\msvcrt.dll
0x00007ffe6dcb0000 - 0x00007ffe6dcd9000 	C:\Windows\System32\GDI32.dll
0x00007ffe6bca0000 - 0x00007ffe6bdb2000 	C:\Windows\System32\gdi32full.dll
0x00007ffe6b3f0000 - 0x00007ffe6b48a000 	C:\Windows\System32\msvcp_win.dll
0x00007ffe6bdc0000 - 0x00007ffe6bdf2000 	C:\Windows\System32\IMM32.DLL
0x00007ffe47f00000 - 0x00007ffe47f0c000 	C:\Users\Admin\.jdks\jbr-17.0.9\bin\vcruntime140_1.dll
0x00007ffe47e70000 - 0x00007ffe47efd000 	C:\Users\Admin\.jdks\jbr-17.0.9\bin\msvcp140.dll
0x00007ffdf1600000 - 0x00007ffdf2283000 	C:\Users\Admin\.jdks\jbr-17.0.9\bin\server\jvm.dll
0x00007ffe6d260000 - 0x00007ffe6d30e000 	C:\Windows\System32\ADVAPI32.dll
0x00007ffe6d4e0000 - 0x00007ffe6d584000 	C:\Windows\System32\sechost.dll
0x00007ffe6cec0000 - 0x00007ffe6cfd5000 	C:\Windows\System32\RPCRT4.dll
0x00007ffe6a310000 - 0x00007ffe6a35d000 	C:\Windows\SYSTEM32\POWRPROF.dll
0x00007ffe659b0000 - 0x00007ffe659e4000 	C:\Windows\SYSTEM32\WINMM.dll
0x00007ffe4ef70000 - 0x00007ffe4ef79000 	C:\Windows\SYSTEM32\WSOCK32.dll
0x00007ffe6ce40000 - 0x00007ffe6ceb1000 	C:\Windows\System32\WS2_32.dll
0x00007ffe66b20000 - 0x00007ffe66b2a000 	C:\Windows\SYSTEM32\VERSION.dll
0x00007ffe6a2f0000 - 0x00007ffe6a303000 	C:\Windows\SYSTEM32\UMPDC.dll
0x00007ffe6a540000 - 0x00007ffe6a558000 	C:\Windows\SYSTEM32\kernel.appcore.dll
0x00007ffe47e60000 - 0x00007ffe47e6a000 	C:\Users\Admin\.jdks\jbr-17.0.9\bin\jimage.dll
0x00007ffe68ce0000 - 0x00007ffe68f0e000 	C:\Windows\SYSTEM32\DBGHELP.DLL
0x00007ffe6be00000 - 0x00007ffe6c18a000 	C:\Windows\System32\combase.dll
0x00007ffe6d040000 - 0x00007ffe6d117000 	C:\Windows\System32\OLEAUT32.dll
0x00007ffe657b0000 - 0x00007ffe657e2000 	C:\Windows\SYSTEM32\dbgcore.DLL
0x00007ffe6bb00000 - 0x00007ffe6bb7b000 	C:\Windows\System32\bcryptPrimitives.dll
0x00007ffe47e30000 - 0x00007ffe47e55000 	C:\Users\Admin\.jdks\jbr-17.0.9\bin\java.dll
0x00007ffe47e10000 - 0x00007ffe47e28000 	C:\Users\Admin\.jdks\jbr-17.0.9\bin\zip.dll
0x00007ffe47d30000 - 0x00007ffe47e07000 	C:\Users\Admin\.jdks\jbr-17.0.9\bin\jsvml.dll
0x00007ffe6c440000 - 0x00007ffe6cc2f000 	C:\Windows\System32\SHELL32.dll
0x00007ffe69420000 - 0x00007ffe69ce8000 	C:\Windows\SYSTEM32\windows.storage.dll
0x00007ffe692e0000 - 0x00007ffe6941e000 	C:\Windows\SYSTEM32\wintypes.dll
0x00007ffe6dbb0000 - 0x00007ffe6dca1000 	C:\Windows\System32\SHCORE.dll
0x00007ffe6cfe0000 - 0x00007ffe6d03e000 	C:\Windows\System32\shlwapi.dll
0x00007ffe6b320000 - 0x00007ffe6b341000 	C:\Windows\SYSTEM32\profapi.dll
0x00007ffe47d10000 - 0x00007ffe47d29000 	C:\Users\Admin\.jdks\jbr-17.0.9\bin\net.dll
0x00007ffe67250000 - 0x00007ffe6737f000 	C:\Windows\SYSTEM32\WINHTTP.dll
0x00007ffe6a9a0000 - 0x00007ffe6aa09000 	C:\Windows\system32\mswsock.dll
0x00007ffe47cf0000 - 0x00007ffe47d06000 	C:\Users\Admin\.jdks\jbr-17.0.9\bin\nio.dll
0x00007ffe47c80000 - 0x00007ffe47c90000 	C:\Users\Admin\.jdks\jbr-17.0.9\bin\verify.dll

dbghelp: loaded successfully - version: 4.0.5 - missing functions: none
symbol engine: initialized successfully - sym options: 0x614 - pdb path: .;C:\Users\Admin\.jdks\jbr-17.0.9\bin;C:\Windows\SYSTEM32;C:\Windows\WinSxS\amd64_microsoft.windows.common-controls_6595b64144ccf1df_6.0.22621.608_none_a9444ca7c10bb01d;C:\Users\Admin\.jdks\jbr-17.0.9\bin\server

VM Arguments:
java_command: org.jetbrains.kotlin.cli.jvm.K2JVMCompiler @C:\Users\Admin\old\gostadz2\gostadz2\app\build\20231214_5207622824963008661.compiler.options
java_class_path (initial): C:\Users\Admin\.gradle\caches\modules-2\files-2.1\org.jetbrains.kotlin\kotlin-compiler-embeddable\1.8.10\b0757fd774344d54ce93f5ad6c30ba1c1731c8ff\kotlin-compiler-embeddable-1.8.10.jar;C:\Users\Admin\.gradle\caches\modules-2\files-2.1\org.jetbrains.kotlin\kotlin-stdlib\1.8.10\6d5560a229477df9406943d5feda5618e98eb64c\kotlin-stdlib-1.8.10.jar;C:\Users\Admin\.gradle\caches\modules-2\files-2.1\org.jetbrains.kotlin\kotlin-script-runtime\1.8.10\b13ea9c7e46d589139e56086a878763290e20bd5\kotlin-script-runtime-1.8.10.jar;C:\Users\Admin\.gradle\caches\modules-2\files-2.1\org.jetbrains.kotlin\kotlin-reflect\1.6.10\1cbe9c92c12a94eea200d23c2bbaedaf3daf5132\kotlin-reflect-1.6.10.jar;C:\Users\Admin\.gradle\caches\modules-2\files-2.1\org.jetbrains.kotlin\kotlin-daemon-embeddable\1.8.10\ad8541d9bc1cf9e52c3204161247910c2cf601d4\kotlin-daemon-embeddable-1.8.10.jar;C:\Users\Admin\.gradle\caches\modules-2\files-2.1\org.jetbrains.intellij.deps\trove4j\1.0.20200330\3afb14d5f9ceb459d724e907a21145e8ff394f02\trove4j-1.0.20200330.jar;C:\Users\Admin\.gradle\caches\modules-2\files-2.1\net.java.dev.jna\jna\5.6.0\330f2244e9030119ab3030fc3fededc86713d9cc\jna-5.6.0.jar;C:\Users\Admin\.gradle\caches\modules-2\files-2.1\org.jetbrains.kotlin\kotlin-stdlib-common\1.8.10\a61b182458550492c12aee66157d7b524a63a5ec\kotlin-stdlib-common-1.8.10.jar;C:\Users\Admin\.gradle\caches\modules-2\files-2.1\org.jetbrains\annotations\13.0\919f0dfe192fb4e063e7dacadee7f8bb9a2672a9\annotations-13.0.jar
Launcher Type: SUN_STANDARD

[Global flags]
     intx CICompilerCount                          = 4                                         {product} {ergonomic}
     uint ConcGCThreads                            = 2                                         {product} {ergonomic}
     uint G1ConcRefinementThreads                  = 8                                         {product} {ergonomic}
   size_t G1HeapRegionSize                         = 4194304                                   {product} {ergonomic}
    uintx GCDrainStackTargetSize                   = 64                                        {product} {ergonomic}
   size_t InitialHeapSize                          = 402653184                                 {product} {ergonomic}
   size_t MarkStackSize                            = 4194304                                   {product} {ergonomic}
   size_t MaxHeapSize                              = 6387924992                                {product} {ergonomic}
   size_t MaxNewSize                               = 3829399552                                {product} {ergonomic}
   size_t MinHeapDeltaBytes                        = 4194304                                   {product} {ergonomic}
   size_t MinHeapSize                              = 8388608                                   {product} {ergonomic}
    uintx NonNMethodCodeHeapSize                   = 5839372                                {pd product} {ergonomic}
    uintx NonProfiledCodeHeapSize                  = 122909434                              {pd product} {ergonomic}
    uintx ProfiledCodeHeapSize                     = 122909434                              {pd product} {ergonomic}
    uintx ReservedCodeCacheSize                    = 251658240                              {pd product} {ergonomic}
     bool SegmentedCodeCache                       = true                                      {product} {ergonomic}
   size_t SoftMaxHeapSize                          = 6387924992                             {manageable} {ergonomic}
     bool UseCompressedClassPointers               = true                           {product lp64_product} {ergonomic}
     bool UseCompressedOops                        = true                           {product lp64_product} {ergonomic}
     bool UseG1GC                                  = true                                      {product} {ergonomic}
     bool UseLargePagesIndividualAllocation        = false                                  {pd product} {ergonomic}

Logging:
Log output configuration:
 #0: stdout all=warning uptime,level,tags
 #1: stderr all=off uptime,level,tags

Environment Variables:
PATH=C:\Windows\system32;C:\Windows;C:\Windows\System32\Wbem;C:\Windows\System32\WindowsPowerShell\v1.0\;C:\Windows\System32\OpenSSH\;C:\Program Files (x86)\NVIDIA Corporation\PhysX\Common;C:\Program Files\NVIDIA Corporation\NVIDIA NvDLISR;D:\Code\xampp\php;C:\ProgramData\ComposerSetup\bin;C:\Program Files\Git\cmd;C:\Program Files\nodejs\;C:\Program Files\dotnet\;C:\Users\Admin\AppData\Local\Microsoft\WindowsApps;C:\Users\Admin\AppData\Roaming\Composer\vendor\bin;C:\Users\Admin\AppData\Local\GitHubDesktop\bin;C:\Users\Admin\AppData\Local\Programs\Microsoft VS Code\bin;C:\Users\Admin\AppData\Roaming\npm;C:\xampp\php;
USERNAME=Admin
OS=Windows_NT
PROCESSOR_IDENTIFIER=Intel64 Family 6 Model 140 Stepping 1, GenuineIntel
TMP=C:\Users\Admin\AppData\Local\Temp
TEMP=C:\Users\Admin\AppData\Local\Temp



Periodic native trim disabled

JNI global refs:
JNI global refs: 8, weak refs: 0

JNI global refs memory usage: 843, weak refs: 841

OOME stack traces (most recent first):
Classloader memory used:
Loader jdk.internal.loader.ClassLoaders$AppClassLoader                                 : 1324K
Loader bootstrap                                                                       : 1131K
Loader jdk.internal.reflect.DelegatingClassLoader                                      : 4688B


---------------  S Y S T E M  ---------------

OS:
 Windows 11 , 64 bit Build 22621 (10.0.22621.963)
OS uptime: 0 days 3:11 hours

CPU: total 8 (initial active 8) (4 cores per cpu, 2 threads per core) family 6 model 140 stepping 1 microcode 0xaa, cx8, cmov, fxsr, ht, mmx, 3dnowpref, sse, sse2, sse3, ssse3, sse4.1, sse4.2, popcnt, lzcnt, tsc, tscinvbit, avx, avx2, aes, erms, clmul, bmi1, bmi2, adx, avx512f, avx512dq, avx512cd, avx512bw, avx512vl, sha, fma, vzeroupper, avx512_vpopcntdq, avx512_vpclmulqdq, avx512_vaes, avx512_vnni, clflush, clflushopt, clwb, avx512_vbmi2, avx512_vbmi
Processor Information for all 8 processors :
  Max Mhz: 3110, Current Mhz: 3110, Mhz Limit: 3110

Memory: 4k page, system-wide physical 24359M (2467M free)
TotalPageFile size 24359M (AvailPageFile size 5M)
current process WorkingSet (physical memory assigned to process): 103M, peak: 103M
current process commit charge ("private bytes"): 502M, peak: 504M

vm_info: OpenJDK 64-Bit Server VM (17.0.9+7-b1087.7) for windows-amd64 JRE (17.0.9+7-b1087.7), built on 2023-11-17 by "builduser" with MS VC++ 16.10 / 16.11 (VS2019)

END.
