#
# There is insufficient memory for the Java Runtime Environment to continue.
# Native memory allocation (mmap) failed to map 402653184 bytes for G1 virtual space
# Possible reasons:
#   The system is out of physical RAM or swap space
#   The process is running with CompressedOops enabled, and the Java Heap may be blocking the growth of the native heap
# Possible solutions:
#   Reduce memory load on the system
#   Increase physical memory or swap space
#   Check if swap backing store is full
#   Decrease Java heap size (-Xmx/-Xms)
#   Decrease number of Java threads
#   Decrease Java thread stack sizes (-Xss)
#   Set larger code cache with -XX:ReservedCodeCacheSize=
#   JVM is running with Zero Based Compressed Oops mode in which the Java heap is
#     placed in the first 32GB address space. The Java Heap base address is the
#     maximum limit for the native heap growth. Please use -XX:HeapBaseMinAddress
#     to set the Java Heap base and to place the Java Heap above 32GB virtual address.
# This output file may be truncated or incomplete.
#
#  Out of Memory Error (os_windows.cpp:3825), pid=17784, tid=13608
#
# JRE version:  (17.0.9+7) (build )
# Java VM: OpenJDK 64-Bit Server VM (17.0.9+7-b1087.7, mixed mode, sharing, tiered, compressed oops, compressed class ptrs, g1 gc, windows-amd64)
# No core dump will be written. Minidumps are not enabled by default on client versions of Windows
#

---------------  S U M M A R Y ------------

Command Line: org.jetbrains.kotlin.cli.jvm.K2JVMCompiler @C:\Users\Admin\old\gostadz2\gostadz2\app\build\20231212_17895376022880080939.compiler.options

Host: 11th Gen Intel(R) Core(TM) i5-11300H @ 3.10GHz, 8 cores, 23G,  Windows 11 , 64 bit Build 22621 (10.0.22621.963)
Time: Tue Dec 12 22:44:57 2023 SE Asia Standard Time elapsed time: 0.008433 seconds (0d 0h 0m 0s)

---------------  T H R E A D  ---------------

Current thread (0x0000017d990b3800):  JavaThread "Unknown thread" [_thread_in_vm, id=13608, stack(0x00000029fce00000,0x00000029fcf00000)]

Stack: [0x00000029fce00000,0x00000029fcf00000]
Native frames: (J=compiled Java code, j=interpreted, Vv=VM code, C=native code)
V  [jvm.dll+0x6886e9]  os::platform_print_native_stack+0xd9  (os_windows_x86.cpp:235)
V  [jvm.dll+0x841e4a]  VMError::report+0xc6a  (vmError.cpp:855)
V  [jvm.dll+0x843a8e]  VMError::report_and_die+0x78e  (vmError.cpp:1749)
V  [jvm.dll+0x8440f3]  VMError::report_and_die+0x43  (vmError.cpp:1535)
V  [jvm.dll+0x24c14f]  report_vm_out_of_memory+0x8f  (debug.cpp:321)
V  [jvm.dll+0x685499]  os::pd_commit_memory_or_exit+0xc9  (os_windows.cpp:3833)
V  [jvm.dll+0x679c2a]  os::commit_memory_or_exit+0x2a  (os.cpp:1739)
V  [jvm.dll+0x30cf9b]  G1PageBasedVirtualSpace::commit+0x19b  (g1PageBasedVirtualSpace.cpp:204)
V  [jvm.dll+0x314446]  G1RegionsLargerThanCommitSizeMapper::commit_regions+0x96  (g1RegionToSpaceMapper.cpp:100)
V  [jvm.dll+0x36425e]  HeapRegionManager::expand_any+0xee  (heapRegionManager.cpp:363)
V  [jvm.dll+0x36448f]  HeapRegionManager::expand_by+0x7f  (heapRegionManager.cpp:380)
V  [jvm.dll+0x2e2d68]  G1CollectedHeap::expand+0xb8  (g1CollectedHeap.cpp:1298)
V  [jvm.dll+0x2e3cd4]  G1CollectedHeap::initialize+0x664  (g1CollectedHeap.cpp:1719)
V  [jvm.dll+0x8129f1]  universe_init+0xb1  (universe.cpp:736)
V  [jvm.dll+0x3720c1]  init_globals+0x31  (init.cpp:124)
V  [jvm.dll+0x7f152c]  Threads::create_vm+0x60c  (thread.cpp:2909)
V  [jvm.dll+0x3f5d4f]  JNI_CreateJavaVM_inner+0x8f  (jni.cpp:3635)
V  [jvm.dll+0x3f7981]  JNI_CreateJavaVM+0x11  (jni.cpp:3727)
C  [jli.dll+0x528f]  JavaMain+0x113  (java.c:413)
C  [ucrtbase.dll+0x29363]
C  [KERNEL32.DLL+0x126bd]
C  [ntdll.dll+0x5dfb8]


---------------  P R O C E S S  ---------------

Threads class SMR info:
_java_thread_list=0x00007ffd5462ef18, length=0, elements={
}

Java Threads: ( => current thread )

Other Threads:
  0x0000017d9913efd0 GCTaskThread "GC Thread#0" [stack: 0x00000029fcf00000,0x00000029fd000000] [id=13440]
  0x0000017d9914c4e0 ConcurrentGCThread "G1 Main Marker" [stack: 0x00000029fd000000,0x00000029fd100000] [id=17508]
  0x0000017d9914cf00 ConcurrentGCThread "G1 Conc#0" [stack: 0x00000029fd100000,0x00000029fd200000] [id=14960]

[error occurred during error reporting (printing all threads), id 0xc0000005, EXCEPTION_ACCESS_VIOLATION (0xc0000005) at pc=0x00007ffd53de3937]

VM state: not at safepoint (not fully initialized)

VM Mutex/Monitor currently owned by a thread:  ([mutex/lock_event])
[0x0000017d990af340] Heap_lock - owner thread: 0x0000017d990b3800

Heap address: 0x0000000683400000, size: 6092 MB, Compressed Oops mode: Zero based, Oop shift amount: 3

CDS archive(s) mapped at: [0x0000000000000000-0x0000000000000000-0x0000000000000000), size 0, SharedBaseAddress: 0x0000000800000000, ArchiveRelocationMode: 1.
Narrow klass base: 0x0000000000000000, Narrow klass shift: 0, Narrow klass range: 0x0

GC Precious Log:
<Empty>

Heap:
 garbage-first heap   total 0K, used 0K [0x0000000683400000, 0x0000000800000000)
  region size 4096K, 0 young (0K), 0 survivors (0K)
 Metaspace       used 0K, committed 0K, reserved 0K
  class space    used 0K, committed 0K, reserved 0K

Heap Regions: E=young(eden), S=young(survivor), O=old, HS=humongous(starts), HC=humongous(continues), CS=collection set, F=free, OA=open archive, CA=closed archive, TAMS=top-at-mark-start (previous, next)

Card table byte_map: [0x0000017dacb80000,0x0000017dad770000] _byte_map_base: 0x0000017da9766000

Marking Bits (Prev, Next): (CMBitMap*) 0x0000017d9913f5f0, (CMBitMap*) 0x0000017d9913f630
 Prev Bits: [0x0000017dae360000, 0x0000017db4290000)
 Next Bits: [0x0000017db4290000, 0x0000017dba1c0000)

GC Heap History (0 events):
No events

Dll operation events (1 events):
Event: 0.005 Loaded shared library C:\Users\Admin\.jdks\jbr-17.0.9\bin\java.dll

Deoptimization events (0 events):
No events

Classes unloaded (0 events):
No events

Classes redefined (0 events):
No events

Internal exceptions (0 events):
No events

VM Operations (0 events):
No events

Events (0 events):
No events


Dynamic libraries:
0x00007ff6ba230000 - 0x00007ff6ba23a000 	C:\Users\Admin\.jdks\jbr-17.0.9\bin\java.exe
0x00007ffdfc6f0000 - 0x00007ffdfc904000 	C:\Windows\SYSTEM32\ntdll.dll
0x00007ffdfb330000 - 0x00007ffdfb3f3000 	C:\Windows\System32\KERNEL32.DLL
0x00007ffdfa050000 - 0x00007ffdfa3ed000 	C:\Windows\System32\KERNELBASE.dll
0x00007ffdf9f30000 - 0x00007ffdfa041000 	C:\Windows\System32\ucrtbase.dll
0x00007ffdcd2f0000 - 0x00007ffdcd307000 	C:\Users\Admin\.jdks\jbr-17.0.9\bin\jli.dll
0x00007ffdca4e0000 - 0x00007ffdca4fb000 	C:\Users\Admin\.jdks\jbr-17.0.9\bin\VCRUNTIME140.dll
0x00007ffdfa920000 - 0x00007ffdfaacd000 	C:\Windows\System32\USER32.dll
0x00007ffde0bc0000 - 0x00007ffde0e4e000 	C:\Windows\WinSxS\amd64_microsoft.windows.common-controls_6595b64144ccf1df_6.0.22621.608_none_a9444ca7c10bb01d\COMCTL32.dll
0x00007ffdf9b10000 - 0x00007ffdf9b36000 	C:\Windows\System32\win32u.dll
0x00007ffdfb930000 - 0x00007ffdfb9d7000 	C:\Windows\System32\msvcrt.dll
0x00007ffdfc100000 - 0x00007ffdfc129000 	C:\Windows\System32\GDI32.dll
0x00007ffdf9c00000 - 0x00007ffdf9d12000 	C:\Windows\System32\gdi32full.dll
0x00007ffdf9e90000 - 0x00007ffdf9f2a000 	C:\Windows\System32\msvcp_win.dll
0x00007ffdfb830000 - 0x00007ffdfb862000 	C:\Windows\System32\IMM32.DLL
0x00007ffdd87b0000 - 0x00007ffdd87bc000 	C:\Users\Admin\.jdks\jbr-17.0.9\bin\vcruntime140_1.dll
0x00007ffda49d0000 - 0x00007ffda4a5d000 	C:\Users\Admin\.jdks\jbr-17.0.9\bin\msvcp140.dll
0x00007ffd53af0000 - 0x00007ffd54773000 	C:\Users\Admin\.jdks\jbr-17.0.9\bin\server\jvm.dll
0x00007ffdfa620000 - 0x00007ffdfa6ce000 	C:\Windows\System32\ADVAPI32.dll
0x00007ffdfa800000 - 0x00007ffdfa8a4000 	C:\Windows\System32\sechost.dll
0x00007ffdfbfe0000 - 0x00007ffdfc0f5000 	C:\Windows\System32\RPCRT4.dll
0x00007ffdd9630000 - 0x00007ffdd9639000 	C:\Windows\SYSTEM32\WSOCK32.dll
0x00007ffdfbae0000 - 0x00007ffdfbb51000 	C:\Windows\System32\WS2_32.dll
0x00007ffdf8a30000 - 0x00007ffdf8a7d000 	C:\Windows\SYSTEM32\POWRPROF.dll
0x00007ffdf4050000 - 0x00007ffdf4084000 	C:\Windows\SYSTEM32\WINMM.dll
0x00007ffdf5500000 - 0x00007ffdf550a000 	C:\Windows\SYSTEM32\VERSION.dll
0x00007ffdf8a10000 - 0x00007ffdf8a23000 	C:\Windows\SYSTEM32\UMPDC.dll
0x00007ffdf8c60000 - 0x00007ffdf8c78000 	C:\Windows\SYSTEM32\kernel.appcore.dll
0x00007ffdd7d30000 - 0x00007ffdd7d3a000 	C:\Users\Admin\.jdks\jbr-17.0.9\bin\jimage.dll
0x00007ffdf7400000 - 0x00007ffdf762e000 	C:\Windows\SYSTEM32\DBGHELP.DLL
0x00007ffdfb4a0000 - 0x00007ffdfb82a000 	C:\Windows\System32\combase.dll
0x00007ffdfb9e0000 - 0x00007ffdfbab7000 	C:\Windows\System32\OLEAUT32.dll
0x00007ffdd20e0000 - 0x00007ffdd2112000 	C:\Windows\SYSTEM32\dbgcore.DLL
0x00007ffdfa460000 - 0x00007ffdfa4db000 	C:\Windows\System32\bcryptPrimitives.dll
0x00007ffdb8a60000 - 0x00007ffdb8a85000 	C:\Users\Admin\.jdks\jbr-17.0.9\bin\java.dll

dbghelp: loaded successfully - version: 4.0.5 - missing functions: none
symbol engine: initialized successfully - sym options: 0x614 - pdb path: .;C:\Users\Admin\.jdks\jbr-17.0.9\bin;C:\Windows\SYSTEM32;C:\Windows\WinSxS\amd64_microsoft.windows.common-controls_6595b64144ccf1df_6.0.22621.608_none_a9444ca7c10bb01d;C:\Users\Admin\.jdks\jbr-17.0.9\bin\server

VM Arguments:
java_command: org.jetbrains.kotlin.cli.jvm.K2JVMCompiler @C:\Users\Admin\old\gostadz2\gostadz2\app\build\20231212_17895376022880080939.compiler.options
java_class_path (initial): C:\Users\Admin\.gradle\caches\modules-2\files-2.1\org.jetbrains.kotlin\kotlin-compiler-embeddable\1.8.10\b0757fd774344d54ce93f5ad6c30ba1c1731c8ff\kotlin-compiler-embeddable-1.8.10.jar;C:\Users\Admin\.gradle\caches\modules-2\files-2.1\org.jetbrains.kotlin\kotlin-stdlib\1.8.10\6d5560a229477df9406943d5feda5618e98eb64c\kotlin-stdlib-1.8.10.jar;C:\Users\Admin\.gradle\caches\modules-2\files-2.1\org.jetbrains.kotlin\kotlin-script-runtime\1.8.10\b13ea9c7e46d589139e56086a878763290e20bd5\kotlin-script-runtime-1.8.10.jar;C:\Users\Admin\.gradle\caches\modules-2\files-2.1\org.jetbrains.kotlin\kotlin-reflect\1.6.10\1cbe9c92c12a94eea200d23c2bbaedaf3daf5132\kotlin-reflect-1.6.10.jar;C:\Users\Admin\.gradle\caches\modules-2\files-2.1\org.jetbrains.kotlin\kotlin-daemon-embeddable\1.8.10\ad8541d9bc1cf9e52c3204161247910c2cf601d4\kotlin-daemon-embeddable-1.8.10.jar;C:\Users\Admin\.gradle\caches\modules-2\files-2.1\org.jetbrains.intellij.deps\trove4j\1.0.20200330\3afb14d5f9ceb459d724e907a21145e8ff394f02\trove4j-1.0.20200330.jar;C:\Users\Admin\.gradle\caches\modules-2\files-2.1\net.java.dev.jna\jna\5.6.0\330f2244e9030119ab3030fc3fededc86713d9cc\jna-5.6.0.jar;C:\Users\Admin\.gradle\caches\modules-2\files-2.1\org.jetbrains.kotlin\kotlin-stdlib-common\1.8.10\a61b182458550492c12aee66157d7b524a63a5ec\kotlin-stdlib-common-1.8.10.jar;C:\Users\Admin\.gradle\caches\modules-2\files-2.1\org.jetbrains\annotations\13.0\919f0dfe192fb4e063e7dacadee7f8bb9a2672a9\annotations-13.0.jar
Launcher Type: SUN_STANDARD

[Global flags]
     intx CICompilerCount                          = 4                                         {product} {ergonomic}
     uint ConcGCThreads                            = 2                                         {product} {ergonomic}
     uint G1ConcRefinementThreads                  = 8                                         {product} {ergonomic}
   size_t G1HeapRegionSize                         = 4194304                                   {product} {ergonomic}
    uintx GCDrainStackTargetSize                   = 64                                        {product} {ergonomic}
   size_t InitialHeapSize                          = 402653184                                 {product} {ergonomic}
   size_t MarkStackSize                            = 4194304                                   {product} {ergonomic}
   size_t MaxHeapSize                              = 6387924992                                {product} {ergonomic}
   size_t MinHeapDeltaBytes                        = 4194304                                   {product} {ergonomic}
   size_t MinHeapSize                              = 8388608                                   {product} {ergonomic}
    uintx NonNMethodCodeHeapSize                   = 5839372                                {pd product} {ergonomic}
    uintx NonProfiledCodeHeapSize                  = 122909434                              {pd product} {ergonomic}
    uintx ProfiledCodeHeapSize                     = 122909434                              {pd product} {ergonomic}
    uintx ReservedCodeCacheSize                    = 251658240                              {pd product} {ergonomic}
     bool SegmentedCodeCache                       = true                                      {product} {ergonomic}
   size_t SoftMaxHeapSize                          = 6387924992                             {manageable} {ergonomic}
     bool UseCompressedClassPointers               = true                           {product lp64_product} {ergonomic}
     bool UseCompressedOops                        = true                           {product lp64_product} {ergonomic}
     bool UseG1GC                                  = true                                      {product} {ergonomic}
     bool UseLargePagesIndividualAllocation        = false                                  {pd product} {ergonomic}

Logging:
Log output configuration:
 #0: stdout all=warning uptime,level,tags
 #1: stderr all=off uptime,level,tags

Environment Variables:
PATH=C:\Windows\system32;C:\Windows;C:\Windows\System32\Wbem;C:\Windows\System32\WindowsPowerShell\v1.0\;C:\Windows\System32\OpenSSH\;C:\Program Files (x86)\NVIDIA Corporation\PhysX\Common;C:\Program Files\NVIDIA Corporation\NVIDIA NvDLISR;D:\Code\xampp\php;C:\ProgramData\ComposerSetup\bin;C:\Program Files\Git\cmd;C:\Program Files\nodejs\;C:\Program Files\dotnet\;C:\Users\Admin\AppData\Local\Microsoft\WindowsApps;C:\Users\Admin\AppData\Roaming\Composer\vendor\bin;C:\Users\Admin\AppData\Local\GitHubDesktop\bin;C:\Users\Admin\AppData\Local\Programs\Microsoft VS Code\bin;C:\Users\Admin\AppData\Roaming\npm;C:\xampp\php;
USERNAME=Admin
OS=Windows_NT
PROCESSOR_IDENTIFIER=Intel64 Family 6 Model 140 Stepping 1, GenuineIntel
TMP=C:\Users\Admin\AppData\Local\Temp
TEMP=C:\Users\Admin\AppData\Local\Temp



Periodic native trim disabled

JNI global refs:
JNI global refs: 0, weak refs: 0

JNI global refs memory usage: 0, weak refs: 0

OOME stack traces (most recent first):
Classloader memory used:


---------------  S Y S T E M  ---------------

OS:
 Windows 11 , 64 bit Build 22621 (10.0.22621.963)
OS uptime: 0 days 2:36 hours

CPU: total 8 (initial active 8) (4 cores per cpu, 2 threads per core) family 6 model 140 stepping 1 microcode 0xaa, cx8, cmov, fxsr, ht, mmx, 3dnowpref, sse, sse2, sse3, ssse3, sse4.1, sse4.2, popcnt, lzcnt, tsc, tscinvbit, avx, avx2, aes, erms, clmul, bmi1, bmi2, adx, avx512f, avx512dq, avx512cd, avx512bw, avx512vl, sha, fma, vzeroupper, avx512_vpopcntdq, avx512_vpclmulqdq, avx512_vaes, avx512_vnni, clflush, clflushopt, clwb, avx512_vbmi2, avx512_vbmi
Processor Information for all 8 processors :
  Max Mhz: 3110, Current Mhz: 3110, Mhz Limit: 3110

Memory: 4k page, system-wide physical 24359M (2213M free)
TotalPageFile size 24359M (AvailPageFile size 202M)
current process WorkingSet (physical memory assigned to process): 45M, peak: 45M
current process commit charge ("private bytes"): 93M, peak: 444M

vm_info: OpenJDK 64-Bit Server VM (17.0.9+7-b1087.7) for windows-amd64 JRE (17.0.9+7-b1087.7), built on 2023-11-17 by "builduser" with MS VC++ 16.10 / 16.11 (VS2019)

END.
